<?xml version="1.0" encoding="UTF-8"?>
<coverage generated="1782597035975" clover="3.2.0">
  <project timestamp="1782597035976" name="All files">
    <metrics statements="658" coveredstatements="627" conditionals="239" coveredconditionals="176" methods="82" coveredmethods="81" elements="979" coveredelements="884" complexity="0" loc="658" ncloc="658" packages="6" files="17" classes="17"/>
    <package name="config">
      <metrics statements="74" coveredstatements="71" conditionals="47" coveredconditionals="46" methods="5" coveredmethods="5"/>
      <file name="companyConfig.ts" path="C:\Users\adam\OneDrive\Documents\projects\job-harvester\server\src\config\companyConfig.ts">
        <metrics statements="32" coveredstatements="31" conditionals="22" coveredconditionals="22" methods="2" coveredmethods="2"/>
        <line num="9" count="1" type="stmt"/>
        <line num="10" count="1" type="stmt"/>
        <line num="11" count="1" type="stmt"/>
        <line num="21" count="10" type="cond" truecount="3" falsecount="0"/>
        <line num="22" count="1" type="stmt"/>
        <line num="26" count="9" type="cond" truecount="1" falsecount="0"/>
        <line num="27" count="1" type="stmt"/>
        <line num="42" count="1" type="stmt"/>
        <line num="43" count="11" type="stmt"/>
        <line num="51" count="11" type="stmt"/>
        <line num="52" count="11" type="stmt"/>
        <line num="54" count="1" type="stmt"/>
        <line num="60" count="10" type="stmt"/>
        <line num="61" count="10" type="stmt"/>
        <line num="63" count="0" type="stmt"/>
        <line num="69" count="10" type="stmt"/>
        <line num="72" count="8" type="cond" truecount="3" falsecount="0"/>
        <line num="73" count="1" type="stmt"/>
        <line num="77" count="7" type="cond" truecount="1" falsecount="0"/>
        <line num="78" count="1" type="stmt"/>
        <line num="82" count="6" type="cond" truecount="1" falsecount="0"/>
        <line num="83" count="1" type="stmt"/>
        <line num="90" count="5" type="cond" truecount="2" falsecount="0"/>
        <line num="94" count="5" type="cond" truecount="2" falsecount="0"/>
        <line num="97" count="5" type="cond" truecount="3" falsecount="0"/>
        <line num="98" count="1" type="stmt"/>
        <line num="102" count="4" type="stmt"/>
        <line num="104" count="4" type="cond" truecount="1" falsecount="0"/>
        <line num="108" count="1" type="stmt"/>
        <line num="113" count="3" type="cond" truecount="1" falsecount="0"/>
        <line num="117" count="1" type="stmt"/>
        <line num="122" count="2" type="stmt"/>
      </file>
      <file name="skillsProfile.ts" path="C:\Users\adam\OneDrive\Documents\projects\job-harvester\server\src\config\skillsProfile.ts">
        <metrics statements="39" coveredstatements="37" conditionals="25" coveredconditionals="24" methods="2" coveredmethods="2"/>
        <line num="9" count="1" type="stmt"/>
        <line num="10" count="1" type="stmt"/>
        <line num="11" count="1" type="stmt"/>
        <line num="20" count="1" type="stmt"/>
        <line num="21" count="14" type="stmt"/>
        <line num="24" count="14" type="stmt"/>
        <line num="25" count="14" type="stmt"/>
        <line num="27" count="1" type="stmt"/>
        <line num="33" count="13" type="stmt"/>
        <line num="34" count="13" type="stmt"/>
        <line num="36" count="0" type="stmt"/>
        <line num="42" count="13" type="cond" truecount="3" falsecount="0"/>
        <line num="43" count="1" type="stmt"/>
        <line num="47" count="12" type="cond" truecount="0" falsecount="1"/>
        <line num="48" count="0" type="stmt"/>
        <line num="52" count="12" type="cond" truecount="1" falsecount="0"/>
        <line num="53" count="1" type="stmt"/>
        <line num="59" count="11" type="stmt"/>
        <line num="60" count="11" type="stmt"/>
        <line num="61" count="17" type="stmt"/>
        <line num="62" count="17" type="cond" truecount="1" falsecount="0"/>
        <line num="63" count="1" type="stmt"/>
        <line num="67" count="16" type="cond" truecount="1" falsecount="0"/>
        <line num="73" count="1" type="stmt"/>
        <line num="78" count="15" type="cond" truecount="3" falsecount="0"/>
        <line num="79" count="4" type="cond" truecount="1" falsecount="0"/>
        <line num="80" count="1" type="stmt"/>
        <line num="84" count="3" type="stmt"/>
        <line num="85" count="4" type="cond" truecount="1" falsecount="0"/>
        <line num="86" count="1" type="stmt"/>
        <line num="95" count="7" type="cond" truecount="3" falsecount="0"/>
        <line num="96" count="1" type="stmt"/>
        <line num="100" count="6" type="cond" truecount="1" falsecount="0"/>
        <line num="101" count="1" type="stmt"/>
        <line num="105" count="5" type="stmt"/>
        <line num="106" count="5" type="cond" truecount="3" falsecount="0"/>
        <line num="107" count="2" type="stmt"/>
        <line num="112" count="3" type="stmt"/>
        <line num="113" count="5" type="stmt"/>
      </file>
      <file name="types.ts" path="C:\Users\adam\OneDrive\Documents\projects\job-harvester\server\src\config\types.ts">
        <metrics statements="3" coveredstatements="3" conditionals="0" coveredconditionals="0" methods="1" coveredmethods="1"/>
        <line num="21" count="2" type="stmt"/>
        <line num="23" count="20" type="stmt"/>
        <line num="24" count="20" type="stmt"/>
      </file>
    </package>
    <package name="llm">
      <metrics statements="122" coveredstatements="107" conditionals="64" coveredconditionals="44" methods="15" coveredmethods="15"/>
      <file name="costEstimator.ts" path="C:\Users\adam\OneDrive\Documents\projects\job-harvester\server\src\llm\costEstimator.ts">
        <metrics statements="7" coveredstatements="7" conditionals="0" coveredconditionals="0" methods="2" coveredmethods="2"/>
        <line num="15" count="3" type="stmt"/>
        <line num="16" count="3" type="stmt"/>
        <line num="43" count="3" type="stmt"/>
        <line num="44" count="21" type="stmt"/>
        <line num="45" count="21" type="stmt"/>
        <line num="47" count="21" type="stmt"/>
        <line num="58" count="63" type="stmt"/>
      </file>
      <file name="deepseekClient.ts" path="C:\Users\adam\OneDrive\Documents\projects\job-harvester\server\src\llm\deepseekClient.ts">
        <metrics statements="53" coveredstatements="50" conditionals="23" coveredconditionals="16" methods="9" coveredmethods="9"/>
        <line num="19" count="3" type="stmt"/>
        <line num="20" count="3" type="stmt"/>
        <line num="21" count="3" type="stmt"/>
        <line num="27" count="3" type="stmt"/>
        <line num="32" count="5" type="stmt"/>
        <line num="33" count="5" type="stmt"/>
        <line num="34" count="5" type="stmt"/>
        <line num="35" count="5" type="stmt"/>
        <line num="40" count="7" type="stmt"/>
        <line num="69" count="3" type="stmt"/>
        <line num="73" count="3" type="stmt"/>
        <line num="80" count="7" type="stmt"/>
        <line num="81" count="7" type="stmt"/>
        <line num="82" count="7" type="cond" truecount="1" falsecount="0"/>
        <line num="83" count="6" type="stmt"/>
        <line num="84" count="6" type="stmt"/>
        <line num="86" count="7" type="stmt"/>
        <line num="94" count="3" type="stmt"/>
        <line num="100" count="2" type="stmt"/>
        <line num="101" count="2" type="cond" truecount="1" falsecount="0"/>
        <line num="102" count="1" type="stmt"/>
        <line num="108" count="1" type="stmt"/>
        <line num="118" count="3" type="stmt"/>
        <line num="133" count="3" type="stmt"/>
        <line num="139" count="7" type="stmt"/>
        <line num="141" count="7" type="cond" truecount="2" falsecount="0"/>
        <line num="142" count="6" type="cond" truecount="2" falsecount="0"/>
        <line num="143" count="6" type="cond" truecount="2" falsecount="0"/>
        <line num="145" count="6" type="stmt"/>
        <line num="147" count="6" type="cond" truecount="0" falsecount="1"/>
        <line num="148" count="0" type="stmt"/>
        <line num="150" count="6" type="stmt"/>
        <line num="154" count="6" type="stmt"/>
        <line num="155" count="6" type="stmt"/>
        <line num="162" count="1" type="cond" truecount="1" falsecount="1"/>
        <line num="164" count="1" type="cond" truecount="4" falsecount="1"/>
        <line num="167" count="1" type="stmt"/>
        <line num="171" count="5" type="stmt"/>
        <line num="172" count="5" type="stmt"/>
        <line num="174" count="5" type="cond" truecount="0" falsecount="1"/>
        <line num="175" count="0" type="stmt"/>
        <line num="180" count="5" type="stmt"/>
        <line num="181" count="5" type="stmt"/>
        <line num="183" count="0" type="stmt"/>
        <line num="191" count="5" type="stmt"/>
        <line num="194" count="4" type="stmt"/>
        <line num="200" count="4" type="stmt"/>
        <line num="201" count="4" type="stmt"/>
        <line num="208" count="4" type="stmt"/>
        <line num="218" count="3" type="stmt"/>
        <line num="219" count="8" type="stmt"/>
        <line num="227" count="3" type="stmt"/>
        <line num="228" count="4" type="stmt"/>
      </file>
      <file name="schemaValidator.ts" path="C:\Users\adam\OneDrive\Documents\projects\job-harvester\server\src\llm\schemaValidator.ts">
        <metrics statements="62" coveredstatements="50" conditionals="41" coveredconditionals="28" methods="4" coveredmethods="4"/>
        <line num="16" count="4" type="stmt"/>
        <line num="27" count="12" type="stmt"/>
        <line num="28" count="12" type="stmt"/>
        <line num="29" count="12" type="stmt"/>
        <line num="30" count="12" type="stmt"/>
        <line num="31" count="12" type="stmt"/>
        <line num="32" count="12" type="stmt"/>
        <line num="35" count="12" type="stmt"/>
        <line num="84" count="4" type="stmt"/>
        <line num="116" count="4" type="stmt"/>
        <line num="146" count="4" type="stmt"/>
        <line num="151" count="16" type="cond" truecount="2" falsecount="1"/>
        <line num="152" count="0" type="stmt"/>
        <line num="159" count="16" type="stmt"/>
        <line num="162" count="16" type="stmt"/>
        <line num="163" count="35" type="stmt"/>
        <line num="166" count="35" type="cond" truecount="1" falsecount="0"/>
        <line num="167" count="6" type="cond" truecount="1" falsecount="0"/>
        <line num="168" count="2" type="stmt"/>
        <line num="170" count="4" type="stmt"/>
        <line num="174" count="29" type="cond" truecount="1" falsecount="0"/>
        <line num="175" count="1" type="cond" truecount="1" falsecount="0"/>
        <line num="176" count="1" type="stmt"/>
        <line num="179" count="0" type="cond" truecount="0" falsecount="2"/>
        <line num="180" count="0" type="cond" truecount="0" falsecount="1"/>
        <line num="181" count="0" type="stmt"/>
        <line num="183" count="0" type="stmt"/>
        <line num="187" count="28" type="stmt"/>
        <line num="188" count="28" type="cond" truecount="2" falsecount="0"/>
        <line num="190" count="28" type="cond" truecount="1" falsecount="0"/>
        <line num="191" count="3" type="stmt"/>
        <line num="199" count="25" type="cond" truecount="3" falsecount="0"/>
        <line num="200" count="16" type="stmt"/>
        <line num="201" count="16" type="stmt"/>
        <line num="202" count="10" type="stmt"/>
        <line num="203" count="10" type="cond" truecount="0" falsecount="1"/>
        <line num="204" count="0" type="stmt"/>
        <line num="213" count="25" type="cond" truecount="1" falsecount="0"/>
        <line num="214" count="6" type="stmt"/>
        <line num="215" count="6" type="cond" truecount="2" falsecount="1"/>
        <line num="216" count="0" type="stmt"/>
        <line num="222" count="6" type="cond" truecount="3" falsecount="0"/>
        <line num="223" count="2" type="stmt"/>
        <line num="231" count="23" type="cond" truecount="3" falsecount="0"/>
        <line num="232" count="3" type="stmt"/>
        <line num="233" count="3" type="cond" truecount="1" falsecount="0"/>
        <line num="234" count="2" type="stmt"/>
        <line num="252" count="38" type="cond" truecount="0" falsecount="1"/>
        <line num="253" count="38" type="cond" truecount="1" falsecount="0"/>
        <line num="254" count="22" type="stmt"/>
        <line num="261" count="3" type="cond" truecount="2" falsecount="0"/>
        <line num="262" count="3" type="stmt"/>
        <line num="264" count="3" type="cond" truecount="1" falsecount="0"/>
        <line num="265" count="1" type="stmt"/>
        <line num="267" count="3" type="cond" truecount="2" falsecount="1"/>
        <line num="268" count="0" type="stmt"/>
        <line num="269" count="0" type="cond" truecount="0" falsecount="1"/>
        <line num="270" count="0" type="cond" truecount="0" falsecount="1"/>
        <line num="271" count="0" type="stmt"/>
        <line num="273" count="3" type="cond" truecount="0" falsecount="1"/>
        <line num="274" count="0" type="stmt"/>
        <line num="276" count="3" type="stmt"/>
      </file>
    </package>
    <package name="output">
      <metrics statements="43" coveredstatements="42" conditionals="8" coveredconditionals="5" methods="7" coveredmethods="7"/>
      <file name="dedupCache.ts" path="C:\Users\adam\OneDrive\Documents\projects\job-harvester\server\src\output\dedupCache.ts">
        <metrics statements="26" coveredstatements="25" conditionals="6" coveredconditionals="4" methods="5" coveredmethods="5"/>
        <line num="12" count="1" type="stmt"/>
        <line num="13" count="1" type="stmt"/>
        <line num="19" count="1" type="stmt"/>
        <line num="20" count="1" type="stmt"/>
        <line num="30" count="12" type="stmt"/>
        <line num="38" count="10" type="stmt"/>
        <line num="39" count="10" type="stmt"/>
        <line num="40" count="10" type="stmt"/>
        <line num="41" count="6" type="stmt"/>
        <line num="43" count="4" type="stmt"/>
        <line num="44" count="4" type="cond" truecount="1" falsecount="0"/>
        <line num="45" count="4" type="stmt"/>
        <line num="47" count="0" type="stmt"/>
        <line num="55" count="2" type="stmt"/>
        <line num="56" count="2" type="stmt"/>
        <line num="57" count="2" type="stmt"/>
        <line num="72" count="1" type="stmt"/>
        <line num="73" count="7" type="cond" truecount="1" falsecount="1"/>
        <line num="74" count="7" type="stmt"/>
        <line num="75" count="7" type="stmt"/>
        <line num="87" count="1" type="stmt"/>
        <line num="88" count="3" type="cond" truecount="1" falsecount="1"/>
        <line num="89" count="3" type="stmt"/>
        <line num="91" count="3" type="cond" truecount="1" falsecount="0"/>
        <line num="92" count="2" type="stmt"/>
        <line num="93" count="2" type="stmt"/>
      </file>
      <file name="runPersister.ts" path="C:\Users\adam\OneDrive\Documents\projects\job-harvester\server\src\output\runPersister.ts">
        <metrics statements="17" coveredstatements="17" conditionals="2" coveredconditionals="1" methods="2" coveredmethods="2"/>
        <line num="12" count="1" type="stmt"/>
        <line num="13" count="1" type="stmt"/>
        <line num="20" count="1" type="stmt"/>
        <line num="29" count="1" type="stmt"/>
        <line num="30" count="1" type="stmt"/>
        <line num="31" count="1" type="stmt"/>
        <line num="32" count="1" type="stmt"/>
        <line num="51" count="1" type="stmt"/>
        <line num="52" count="4" type="cond" truecount="1" falsecount="1"/>
        <line num="55" count="4" type="stmt"/>
        <line num="56" count="4" type="stmt"/>
        <line num="57" count="4" type="stmt"/>
        <line num="59" count="4" type="stmt"/>
        <line num="60" count="4" type="stmt"/>
        <line num="61" count="4" type="stmt"/>
        <line num="62" count="3" type="stmt"/>
        <line num="64" count="1" type="stmt"/>
      </file>
    </package>
    <package name="pipeline">
      <metrics statements="376" coveredstatements="368" conditionals="111" coveredconditionals="74" methods="40" coveredmethods="40"/>
      <file name="normalizer.ts" path="C:\Users\adam\OneDrive\Documents\projects\job-harvester\server\src\pipeline\normalizer.ts">
        <metrics statements="38" coveredstatements="38" conditionals="2" coveredconditionals="2" methods="7" coveredmethods="7"/>
        <line num="18" count="2" type="stmt"/>
        <line num="27" count="2" type="stmt"/>
        <line num="29" count="4" type="stmt"/>
        <line num="30" count="4" type="stmt"/>
        <line num="43" count="2" type="stmt"/>
        <line num="89" count="13" type="stmt"/>
        <line num="90" count="13" type="stmt"/>
        <line num="91" count="351" type="stmt"/>
        <line num="93" count="13" type="stmt"/>
        <line num="103" count="13" type="stmt"/>
        <line num="104" count="13" type="stmt"/>
        <line num="105" count="13" type="cond" truecount="1" falsecount="0"/>
        <line num="106" count="3" type="stmt"/>
        <line num="108" count="10" type="stmt"/>
        <line num="116" count="13" type="stmt"/>
        <line num="118" count="13" type="stmt"/>
        <line num="119" count="13" type="stmt"/>
        <line num="126" count="13" type="stmt"/>
        <line num="129" count="13" type="stmt"/>
        <line num="130" count="13" type="stmt"/>
        <line num="133" count="13" type="stmt"/>
        <line num="134" count="13" type="stmt"/>
        <line num="137" count="13" type="stmt"/>
        <line num="138" count="13" type="stmt"/>
        <line num="140" count="13" type="stmt"/>
        <line num="147" count="13" type="stmt"/>
        <line num="162" count="2" type="stmt"/>
        <line num="164" count="13" type="stmt"/>
        <line num="167" count="13" type="stmt"/>
        <line num="170" count="13" type="stmt"/>
        <line num="171" count="13" type="stmt"/>
        <line num="174" count="13" type="stmt"/>
        <line num="177" count="13" type="stmt"/>
        <line num="180" count="13" type="stmt"/>
        <line num="183" count="13" type="stmt"/>
        <line num="185" count="13" type="cond" truecount="1" falsecount="0"/>
        <line num="186" count="3" type="stmt"/>
        <line num="191" count="10" type="stmt"/>
      </file>
      <file name="orchestrator.ts" path="C:\Users\adam\OneDrive\Documents\projects\job-harvester\server\src\pipeline\orchestrator.ts">
        <metrics statements="142" coveredstatements="138" conditionals="29" coveredconditionals="17" methods="10" coveredmethods="10"/>
        <line num="16" count="1" type="stmt"/>
        <line num="17" count="1" type="stmt"/>
        <line num="18" count="1" type="stmt"/>
        <line num="19" count="1" type="stmt"/>
        <line num="20" count="1" type="stmt"/>
        <line num="21" count="1" type="stmt"/>
        <line num="22" count="1" type="stmt"/>
        <line num="23" count="1" type="stmt"/>
        <line num="24" count="1" type="stmt"/>
        <line num="25" count="1" type="stmt"/>
        <line num="48" count="1" type="stmt"/>
        <line num="62" count="1" type="stmt"/>
        <line num="66" count="8" type="stmt"/>
        <line num="68" count="8" type="stmt"/>
        <line num="70" count="8" type="stmt"/>
        <line num="72" count="8" type="stmt"/>
        <line num="73" count="8" type="stmt"/>
        <line num="78" count="8" type="stmt"/>
        <line num="81" count="8" type="stmt"/>
        <line num="87" count="8" type="stmt"/>
        <line num="88" count="8" type="stmt"/>
        <line num="90" count="8" type="stmt"/>
        <line num="101" count="1" type="stmt"/>
        <line num="106" count="8" type="stmt"/>
        <line num="113" count="8" type="stmt"/>
        <line num="115" count="8" type="stmt"/>
        <line num="117" count="7" type="stmt"/>
        <line num="118" count="8" type="stmt"/>
        <line num="123" count="8" type="stmt"/>
        <line num="126" count="7" type="stmt"/>
        <line num="127" count="1" type="stmt"/>
        <line num="128" count="1" type="stmt"/>
        <line num="131" count="7" type="stmt"/>
        <line num="137" count="7" type="stmt"/>
        <line num="138" count="7" type="stmt"/>
        <line num="140" count="7" type="stmt"/>
        <line num="151" count="1" type="stmt"/>
        <line num="155" count="7" type="stmt"/>
        <line num="157" count="7" type="stmt"/>
        <line num="159" count="7" type="stmt"/>
        <line num="160" count="8" type="cond" truecount="2" falsecount="0"/>
        <line num="161" count="1" type="stmt"/>
        <line num="168" count="1" type="stmt"/>
        <line num="169" count="1" type="stmt"/>
        <line num="171" count="7" type="stmt"/>
        <line num="175" count="7" type="stmt"/>
        <line num="176" count="7" type="cond" truecount="1" falsecount="0"/>
        <line num="177" count="1" type="stmt"/>
        <line num="180" count="7" type="stmt"/>
        <line num="190" count="1" type="stmt"/>
        <line num="196" count="7" type="stmt"/>
        <line num="198" count="7" type="stmt"/>
        <line num="200" count="7" type="stmt"/>
        <line num="202" count="7" type="stmt"/>
        <line num="203" count="7" type="stmt"/>
        <line num="208" count="7" type="stmt"/>
        <line num="211" count="7" type="stmt"/>
        <line num="212" count="1" type="stmt"/>
        <line num="213" count="1" type="stmt"/>
        <line num="216" count="7" type="stmt"/>
        <line num="222" count="7" type="stmt"/>
        <line num="223" count="7" type="stmt"/>
        <line num="230" count="7" type="stmt"/>
        <line num="240" count="1" type="stmt"/>
        <line num="245" count="7" type="stmt"/>
        <line num="250" count="7" type="stmt"/>
        <line num="252" count="7" type="stmt"/>
        <line num="254" count="7" type="stmt"/>
        <line num="255" count="7" type="stmt"/>
        <line num="260" count="7" type="stmt"/>
        <line num="266" count="7" type="stmt"/>
        <line num="267" count="0" type="stmt"/>
        <line num="268" count="0" type="stmt"/>
        <line num="271" count="7" type="stmt"/>
        <line num="277" count="7" type="stmt"/>
        <line num="278" count="7" type="stmt"/>
        <line num="280" count="7" type="stmt"/>
        <line num="290" count="1" type="stmt"/>
        <line num="295" count="7" type="stmt"/>
        <line num="297" count="7" type="stmt"/>
        <line num="299" count="7" type="stmt"/>
        <line num="301" count="7" type="stmt"/>
        <line num="302" count="7" type="stmt"/>
        <line num="307" count="7" type="stmt"/>
        <line num="313" count="7" type="stmt"/>
        <line num="314" count="0" type="stmt"/>
        <line num="315" count="0" type="stmt"/>
        <line num="318" count="7" type="stmt"/>
        <line num="324" count="7" type="stmt"/>
        <line num="325" count="7" type="stmt"/>
        <line num="330" count="7" type="stmt"/>
        <line num="350" count="1" type="stmt"/>
        <line num="357" count="8" type="stmt"/>
        <line num="359" count="8" type="stmt"/>
        <line num="360" count="8" type="stmt"/>
        <line num="365" count="8" type="stmt"/>
        <line num="374" count="8" type="stmt"/>
        <line num="375" count="8" type="stmt"/>
        <line num="376" count="8" type="stmt"/>
        <line num="381" count="8" type="stmt"/>
        <line num="382" count="8" type="stmt"/>
        <line num="383" count="8" type="stmt"/>
        <line num="389" count="8" type="stmt"/>
        <line num="390" count="8" type="stmt"/>
        <line num="391" count="7" type="stmt"/>
        <line num="392" count="7" type="stmt"/>
        <line num="393" count="7" type="stmt"/>
        <line num="395" count="1" type="cond" truecount="1" falsecount="0"/>
        <line num="396" count="1" type="stmt"/>
        <line num="397" count="1" type="stmt"/>
        <line num="399" count="1" type="stmt"/>
        <line num="405" count="7" type="stmt"/>
        <line num="407" count="7" type="stmt"/>
        <line num="408" count="8" type="cond" truecount="1" falsecount="0"/>
        <line num="409" count="1" type="stmt"/>
        <line num="422" count="7" type="stmt"/>
        <line num="428" count="7" type="stmt"/>
        <line num="429" count="7" type="stmt"/>
        <line num="434" count="7" type="stmt"/>
        <line num="435" count="7" type="stmt"/>
        <line num="436" count="7" type="stmt"/>
        <line num="441" count="7" type="stmt"/>
        <line num="442" count="7" type="stmt"/>
        <line num="443" count="7" type="stmt"/>
        <line num="448" count="7" type="stmt"/>
        <line num="450" count="7" type="stmt"/>
        <line num="451" count="35" type="stmt"/>
        <line num="454" count="7" type="stmt"/>
        <line num="455" count="35" type="stmt"/>
        <line num="459" count="7" type="cond" truecount="1" falsecount="1"/>
        <line num="460" count="7" type="cond" truecount="1" falsecount="1"/>
        <line num="462" count="7" type="stmt"/>
        <line num="475" count="7" type="stmt"/>
        <line num="476" count="7" type="stmt"/>
        <line num="478" count="7" type="stmt"/>
        <line num="483" count="7" type="stmt"/>
        <line num="495" count="7" type="stmt"/>
        <line num="496" count="7" type="stmt"/>
        <line num="501" count="7" type="stmt"/>
        <line num="513" count="7" type="stmt"/>
        <line num="515" count="7" type="stmt"/>
        <line num="525" count="7" type="stmt"/>
      </file>
      <file name="stage1-fetch.ts" path="C:\Users\adam\OneDrive\Documents\projects\job-harvester\server\src\pipeline\stage1-fetch.ts">
        <metrics statements="30" coveredstatements="26" conditionals="30" coveredconditionals="15" methods="3" coveredmethods="3"/>
        <line num="19" count="2" type="stmt"/>
        <line num="21" count="6" type="stmt"/>
        <line num="22" count="6" type="stmt"/>
        <line num="45" count="2" type="stmt"/>
        <line num="46" count="10" type="stmt"/>
        <line num="49" count="10" type="stmt"/>
        <line num="50" count="10" type="stmt"/>
        <line num="52" count="1" type="stmt"/>
        <line num="57" count="9" type="cond" truecount="1" falsecount="0"/>
        <line num="58" count="2" type="stmt"/>
        <line num="64" count="7" type="stmt"/>
        <line num="65" count="7" type="stmt"/>
        <line num="67" count="1" type="stmt"/>
        <line num="72" count="6" type="cond" truecount="1" falsecount="0"/>
        <line num="73" count="1" type="stmt"/>
        <line num="78" count="5" type="cond" truecount="1" falsecount="0"/>
        <line num="79" count="1" type="stmt"/>
        <line num="88" count="4" type="stmt"/>
        <line num="91" count="11" type="stmt"/>
        <line num="94" count="11" type="cond" truecount="1" falsecount="1"/>
        <line num="99" count="11" type="stmt"/>
        <line num="101" count="0" type="cond" truecount="0" falsecount="3"/>
        <line num="104" count="0" type="cond" truecount="0" falsecount="4"/>
        <line num="107" count="0" type="cond" truecount="0" falsecount="3"/>
        <line num="108" count="0" type="stmt"/>
        <line num="113" count="11" type="stmt"/>
        <line num="114" count="11" type="cond" truecount="1" falsecount="0"/>
        <line num="119" count="11" type="stmt"/>
        <line num="123" count="11" type="stmt"/>
        <line num="135" count="4" type="stmt"/>
      </file>
      <file name="stage2-filter.ts" path="C:\Users\adam\OneDrive\Documents\projects\job-harvester\server\src\pipeline\stage2-filter.ts">
        <metrics statements="35" coveredstatements="35" conditionals="8" coveredconditionals="8" methods="7" coveredmethods="7"/>
        <line num="20" count="1" type="stmt"/>
        <line num="22" count="2" type="stmt"/>
        <line num="23" count="2" type="stmt"/>
        <line num="35" count="15" type="stmt"/>
        <line num="62" count="1" type="stmt"/>
        <line num="66" count="15" type="stmt"/>
        <line num="67" count="15" type="stmt"/>
        <line num="69" count="15" type="stmt"/>
        <line num="71" count="33" type="cond" truecount="1" falsecount="0"/>
        <line num="72" count="14" type="stmt"/>
        <line num="73" count="14" type="stmt"/>
        <line num="74" count="14" type="cond" truecount="1" falsecount="0"/>
        <line num="75" count="6" type="stmt"/>
        <line num="82" count="6" type="stmt"/>
        <line num="87" count="27" type="cond" truecount="1" falsecount="0"/>
        <line num="88" count="13" type="stmt"/>
        <line num="89" count="13" type="stmt"/>
        <line num="90" count="13" type="stmt"/>
        <line num="92" count="13" type="cond" truecount="1" falsecount="0"/>
        <line num="93" count="5" type="stmt"/>
        <line num="100" count="5" type="stmt"/>
        <line num="105" count="22" type="cond" truecount="1" falsecount="0"/>
        <line num="106" count="18" type="stmt"/>
        <line num="108" count="39" type="stmt"/>
        <line num="109" count="39" type="stmt"/>
        <line num="111" count="18" type="cond" truecount="1" falsecount="0"/>
        <line num="112" count="18" type="stmt"/>
        <line num="113" count="31" type="stmt"/>
        <line num="115" count="18" type="cond" truecount="1" falsecount="0"/>
        <line num="116" count="7" type="stmt"/>
        <line num="123" count="7" type="stmt"/>
        <line num="129" count="15" type="stmt"/>
        <line num="132" count="15" type="cond" truecount="1" falsecount="0"/>
        <line num="133" count="2" type="stmt"/>
        <line num="138" count="13" type="stmt"/>
      </file>
      <file name="stage3-extractor.ts" path="C:\Users\adam\OneDrive\Documents\projects\job-harvester\server\src\pipeline\stage3-extractor.ts">
        <metrics statements="66" coveredstatements="66" conditionals="17" coveredconditionals="13" methods="4" coveredmethods="4"/>
        <line num="20" count="1" type="stmt"/>
        <line num="21" count="1" type="stmt"/>
        <line num="22" count="1" type="stmt"/>
        <line num="23" count="1" type="stmt"/>
        <line num="46" count="24" type="stmt"/>
        <line num="47" count="24" type="stmt"/>
        <line num="49" count="24" type="stmt"/>
        <line num="50" count="24" type="stmt"/>
        <line num="52" count="24" type="stmt"/>
        <line num="53" count="96" type="stmt"/>
        <line num="54" count="96" type="cond" truecount="2" falsecount="0"/>
        <line num="56" count="24" type="cond" truecount="1" falsecount="0"/>
        <line num="57" count="12" type="stmt"/>
        <line num="59" count="24" type="stmt"/>
        <line num="60" count="24" type="stmt"/>
        <line num="62" count="72" type="stmt"/>
        <line num="66" count="24" type="cond" truecount="1" falsecount="0"/>
        <line num="67" count="12" type="stmt"/>
        <line num="71" count="24" type="stmt"/>
        <line num="72" count="18" type="stmt"/>
        <line num="73" count="18" type="stmt"/>
        <line num="74" count="23" type="stmt"/>
        <line num="76" count="18" type="cond" truecount="1" falsecount="0"/>
        <line num="79" count="12" type="stmt"/>
        <line num="80" count="12" type="stmt"/>
        <line num="81" count="24" type="stmt"/>
        <line num="82" count="24" type="stmt"/>
        <line num="83" count="24" type="cond" truecount="1" falsecount="0"/>
        <line num="84" count="24" type="stmt"/>
        <line num="87" count="12" type="stmt"/>
        <line num="90" count="12" type="stmt"/>
        <line num="101" count="6" type="stmt"/>
        <line num="127" count="1" type="stmt"/>
        <line num="132" count="11" type="stmt"/>
        <line num="133" count="11" type="stmt"/>
        <line num="135" count="11" type="stmt"/>
        <line num="136" count="11" type="stmt"/>
        <line num="137" count="11" type="stmt"/>
        <line num="138" count="11" type="stmt"/>
        <line num="140" count="11" type="stmt"/>
        <line num="146" count="13" type="stmt"/>
        <line num="147" count="13" type="stmt"/>
        <line num="148" count="12" type="stmt"/>
        <line num="150" count="1" type="cond" truecount="1" falsecount="1"/>
        <line num="151" count="1" type="stmt"/>
        <line num="158" count="1" type="stmt"/>
        <line num="165" count="12" type="stmt"/>
        <line num="166" count="12" type="stmt"/>
        <line num="171" count="12" type="cond" truecount="3" falsecount="0"/>
        <line num="172" count="6" type="stmt"/>
        <line num="176" count="6" type="stmt"/>
        <line num="177" count="6" type="stmt"/>
        <line num="184" count="6" type="stmt"/>
        <line num="186" count="6" type="stmt"/>
        <line num="187" count="6" type="stmt"/>
        <line num="188" count="6" type="stmt"/>
        <line num="190" count="6" type="stmt"/>
        <line num="195" count="4" type="stmt"/>
        <line num="200" count="4" type="stmt"/>
        <line num="201" count="4" type="stmt"/>
        <line num="203" count="4" type="stmt"/>
        <line num="211" count="2" type="cond" truecount="1" falsecount="1"/>
        <line num="212" count="2" type="stmt"/>
        <line num="226" count="11" type="stmt"/>
        <line num="227" count="11" type="stmt"/>
        <line num="232" count="11" type="stmt"/>
      </file>
      <file name="stage4-gap-filter.ts" path="C:\Users\adam\OneDrive\Documents\projects\job-harvester\server\src\pipeline\stage4-gap-filter.ts">
        <metrics statements="38" coveredstatements="38" conditionals="15" coveredconditionals="13" methods="5" coveredmethods="5"/>
        <line num="45" count="1" type="stmt"/>
        <line num="46" count="164" type="stmt"/>
        <line num="49" count="164" type="cond" truecount="3" falsecount="0"/>
        <line num="50" count="22" type="stmt"/>
        <line num="54" count="142" type="cond" truecount="1" falsecount="0"/>
        <line num="55" count="2" type="stmt"/>
        <line num="56" count="2" type="stmt"/>
        <line num="57" count="2" type="cond" truecount="2" falsecount="1"/>
        <line num="58" count="2" type="stmt"/>
        <line num="63" count="140" type="stmt"/>
        <line num="77" count="1" type="stmt"/>
        <line num="81" count="9" type="cond" truecount="1" falsecount="0"/>
        <line num="82" count="1" type="stmt"/>
        <line num="85" count="8" type="stmt"/>
        <line num="87" count="8" type="stmt"/>
        <line num="88" count="98" type="stmt"/>
        <line num="89" count="24" type="cond" truecount="1" falsecount="0"/>
        <line num="90" count="13" type="stmt"/>
        <line num="94" count="8" type="stmt"/>
        <line num="109" count="1" type="stmt"/>
        <line num="113" count="5" type="stmt"/>
        <line num="114" count="5" type="stmt"/>
        <line num="116" count="5" type="stmt"/>
        <line num="117" count="5" type="stmt"/>
        <line num="118" count="5" type="stmt"/>
        <line num="120" count="5" type="stmt"/>
        <line num="123" count="5" type="stmt"/>
        <line num="124" count="5" type="stmt"/>
        <line num="126" count="5" type="stmt"/>
        <line num="127" count="58" type="stmt"/>
        <line num="128" count="14" type="cond" truecount="2" falsecount="0"/>
        <line num="129" count="6" type="stmt"/>
        <line num="131" count="8" type="stmt"/>
        <line num="135" count="5" type="cond" truecount="2" falsecount="0"/>
        <line num="137" count="4" type="cond" truecount="1" falsecount="1"/>
        <line num="141" count="4" type="stmt"/>
        <line num="149" count="1" type="stmt"/>
        <line num="158" count="5" type="stmt"/>
      </file>
      <file name="stage5-scorer.ts" path="C:\Users\adam\OneDrive\Documents\projects\job-harvester\server\src\pipeline\stage5-scorer.ts">
        <metrics statements="27" coveredstatements="27" conditionals="10" coveredconditionals="6" methods="4" coveredmethods="4"/>
        <line num="11" count="1" type="stmt"/>
        <line num="12" count="1" type="stmt"/>
        <line num="13" count="1" type="stmt"/>
        <line num="34" count="11" type="stmt"/>
        <line num="35" count="55" type="stmt"/>
        <line num="38" count="11" type="stmt"/>
        <line num="84" count="1" type="stmt"/>
        <line num="88" count="6" type="stmt"/>
        <line num="89" count="6" type="stmt"/>
        <line num="91" count="6" type="stmt"/>
        <line num="92" count="6" type="stmt"/>
        <line num="93" count="6" type="stmt"/>
        <line num="95" count="6" type="stmt"/>
        <line num="96" count="11" type="stmt"/>
        <line num="97" count="11" type="stmt"/>
        <line num="99" count="11" type="stmt"/>
        <line num="100" count="11" type="stmt"/>
        <line num="106" count="7" type="stmt"/>
        <line num="111" count="7" type="stmt"/>
        <line num="112" count="7" type="stmt"/>
        <line num="114" count="7" type="stmt"/>
        <line num="120" count="4" type="cond" truecount="1" falsecount="1"/>
        <line num="121" count="4" type="stmt"/>
        <line num="135" count="6" type="stmt"/>
        <line num="141" count="6" type="stmt"/>
        <line num="142" count="6" type="stmt"/>
        <line num="147" count="6" type="stmt"/>
      </file>
    </package>
    <package name="routes">
      <metrics statements="16" coveredstatements="15" conditionals="2" coveredconditionals="1" methods="5" coveredmethods="5"/>
      <file name="discover.ts" path="C:\Users\adam\OneDrive\Documents\projects\job-harvester\server\src\routes\discover.ts">
        <metrics statements="16" coveredstatements="15" conditionals="2" coveredconditionals="1" methods="5" coveredmethods="5"/>
        <line num="12" count="1" type="stmt"/>
        <line num="13" count="1" type="stmt"/>
        <line num="15" count="1" type="stmt"/>
        <line num="21" count="1" type="stmt"/>
        <line num="22" count="4" type="stmt"/>
        <line num="24" count="4" type="stmt"/>
        <line num="25" count="4" type="stmt"/>
        <line num="27" count="6" type="stmt"/>
        <line num="28" count="5" type="stmt"/>
        <line num="31" count="6" type="stmt"/>
        <line num="32" count="5" type="stmt"/>
        <line num="35" count="2" type="stmt"/>
        <line num="37" count="2" type="cond" truecount="1" falsecount="1"/>
        <line num="38" count="2" type="stmt"/>
        <line num="40" count="0" type="stmt"/>
        <line num="45" count="1" type="stmt"/>
      </file>
    </package>
    <package name="utils">
      <metrics statements="27" coveredstatements="24" conditionals="7" coveredconditionals="6" methods="10" coveredmethods="9"/>
      <file name="logger.ts" path="C:\Users\adam\OneDrive\Documents\projects\job-harvester\server\src\utils\logger.ts">
        <metrics statements="27" coveredstatements="24" conditionals="7" coveredconditionals="6" methods="10" coveredmethods="9"/>
        <line num="52" count="151" type="stmt"/>
        <line num="56" count="151" type="cond" truecount="3" falsecount="0"/>
        <line num="57" count="128" type="stmt"/>
        <line num="58" count="223" type="cond" truecount="2" falsecount="0"/>
        <line num="60" count="128" type="stmt"/>
        <line num="64" count="1" type="stmt"/>
        <line num="66" count="37" type="stmt"/>
        <line num="67" count="37" type="stmt"/>
        <line num="68" count="37" type="stmt"/>
        <line num="72" count="36" type="stmt"/>
        <line num="73" count="36" type="stmt"/>
        <line num="74" count="36" type="stmt"/>
        <line num="75" count="36" type="stmt"/>
        <line num="79" count="40" type="stmt"/>
        <line num="80" count="40" type="stmt"/>
        <line num="81" count="40" type="stmt"/>
        <line num="87" count="1" type="stmt"/>
        <line num="88" count="1" type="cond" truecount="1" falsecount="1"/>
        <line num="89" count="1" type="stmt"/>
        <line num="90" count="1" type="stmt"/>
        <line num="96" count="37" type="stmt"/>
        <line num="97" count="37" type="stmt"/>
        <line num="98" count="37" type="stmt"/>
        <line num="102" count="0" type="stmt"/>
        <line num="103" count="0" type="stmt"/>
        <line num="104" count="0" type="stmt"/>
        <line num="109" count="1" type="stmt"/>
      </file>
    </package>
  </project>
</coverage>
