<?xml version="1.0" encoding="UTF-8"?>
<coverage generated="1782764594805" clover="3.2.0">
  <project timestamp="1782764594805" name="All files">
    <metrics statements="62" coveredstatements="62" conditionals="41" coveredconditionals="41" methods="4" coveredmethods="4" elements="107" coveredelements="107" complexity="0" loc="62" ncloc="62" packages="1" files="1" classes="1"/>
    <file name="schemaValidator.ts" path="C:\Users\adam\OneDrive\Documents\projects\job-harvester\server\src\llm\schemaValidator.ts">
      <metrics statements="62" coveredstatements="62" conditionals="41" coveredconditionals="41" methods="4" coveredmethods="4"/>
      <line num="16" count="6" type="stmt"/>
      <line num="27" count="51" type="stmt"/>
      <line num="28" count="51" type="stmt"/>
      <line num="29" count="51" type="stmt"/>
      <line num="30" count="51" type="stmt"/>
      <line num="31" count="51" type="stmt"/>
      <line num="32" count="51" type="stmt"/>
      <line num="35" count="51" type="stmt"/>
      <line num="84" count="6" type="stmt"/>
      <line num="116" count="6" type="stmt"/>
      <line num="146" count="6" type="stmt"/>
      <line num="151" count="62" type="cond" truecount="3" falsecount="0"/>
      <line num="152" count="8" type="stmt"/>
      <line num="159" count="54" type="stmt"/>
      <line num="162" count="54" type="stmt"/>
      <line num="163" count="93" type="stmt"/>
      <line num="166" count="93" type="cond" truecount="1" falsecount="0"/>
      <line num="167" count="16" type="cond" truecount="1" falsecount="0"/>
      <line num="168" count="8" type="stmt"/>
      <line num="170" count="8" type="stmt"/>
      <line num="174" count="77" type="cond" truecount="1" falsecount="0"/>
      <line num="175" count="8" type="cond" truecount="1" falsecount="0"/>
      <line num="176" count="1" type="stmt"/>
      <line num="179" count="7" type="cond" truecount="2" falsecount="0"/>
      <line num="180" count="7" type="cond" truecount="1" falsecount="0"/>
      <line num="181" count="1" type="stmt"/>
      <line num="183" count="6" type="stmt"/>
      <line num="187" count="69" type="stmt"/>
      <line num="188" count="69" type="cond" truecount="2" falsecount="0"/>
      <line num="190" count="69" type="cond" truecount="1" falsecount="0"/>
      <line num="191" count="10" type="stmt"/>
      <line num="199" count="59" type="cond" truecount="3" falsecount="0"/>
      <line num="200" count="32" type="stmt"/>
      <line num="201" count="32" type="stmt"/>
      <line num="202" count="28" type="stmt"/>
      <line num="203" count="28" type="cond" truecount="1" falsecount="0"/>
      <line num="204" count="5" type="stmt"/>
      <line num="213" count="54" type="cond" truecount="1" falsecount="0"/>
      <line num="214" count="18" type="stmt"/>
      <line num="215" count="18" type="cond" truecount="3" falsecount="0"/>
      <line num="216" count="2" type="stmt"/>
      <line num="222" count="16" type="cond" truecount="3" falsecount="0"/>
      <line num="223" count="2" type="stmt"/>
      <line num="231" count="50" type="cond" truecount="3" falsecount="0"/>
      <line num="232" count="7" type="stmt"/>
      <line num="233" count="7" type="cond" truecount="1" falsecount="0"/>
      <line num="234" count="4" type="stmt"/>
      <line num="252" count="97" type="cond" truecount="1" falsecount="0"/>
      <line num="253" count="95" type="cond" truecount="1" falsecount="0"/>
      <line num="254" count="62" type="stmt"/>
      <line num="261" count="16" type="cond" truecount="2" falsecount="0"/>
      <line num="262" count="16" type="stmt"/>
      <line num="264" count="16" type="cond" truecount="1" falsecount="0"/>
      <line num="265" count="5" type="stmt"/>
      <line num="267" count="16" type="cond" truecount="3" falsecount="0"/>
      <line num="268" count="4" type="stmt"/>
      <line num="269" count="4" type="cond" truecount="1" falsecount="0"/>
      <line num="270" count="4" type="cond" truecount="1" falsecount="0"/>
      <line num="271" count="4" type="stmt"/>
      <line num="273" count="16" type="cond" truecount="1" falsecount="0"/>
      <line num="274" count="4" type="stmt"/>
      <line num="276" count="16" type="stmt"/>
    </file>
  </project>
</coverage>
