{"C:\\Users\\adam\\OneDrive\\Documents\\projects\\job-harvester\\server\\src\\llm\\schemaValidator.ts": {"path":"C:\\Users\\adam\\OneDrive\\Documents\\projects\\job-harvester\\server\\src\\llm\\schemaValidator.ts","statementMap":{"0":{"start":{"line":146,"column":0},"end":{"line":146,"column":16}},"1":{"start":{"line":27,"column":20},"end":{"line":27,"column":75}},"2":{"start":{"line":28,"column":4},"end":{"line":28,"column":19}},"3":{"start":{"line":29,"column":4},"end":{"line":29,"column":33}},"4":{"start":{"line":30,"column":4},"end":{"line":30,"column":23}},"5":{"start":{"line":31,"column":4},"end":{"line":31,"column":29}},"6":{"start":{"line":32,"column":4},"end":{"line":32,"column":25}},"7":{"start":{"line":35,"column":4},"end":{"line":35,"column":58}},"8":{"start":{"line":16,"column":0},"end":{"line":16,"column":13}},"9":{"start":{"line":84,"column":13},"end":{"line":103,"column":2}},"10":{"start":{"line":116,"column":13},"end":{"line":131,"column":2}},"11":{"start":{"line":151,"column":2},"end":{"line":157,"column":3}},"12":{"start":{"line":152,"column":4},"end":{"line":156,"column":6}},"13":{"start":{"line":159,"column":14},"end":{"line":159,"column":45}},"14":{"start":{"line":162,"column":2},"end":{"line":241,"column":3}},"15":{"start":{"line":163,"column":18},"end":{"line":163,"column":32}},"16":{"start":{"line":166,"column":4},"end":{"line":171,"column":5}},"17":{"start":{"line":167,"column":6},"end":{"line":169,"column":7}},"18":{"start":{"line":168,"column":8},"end":{"line":168,"column":79}},"19":{"start":{"line":170,"column":6},"end":{"line":170,"column":15}},"20":{"start":{"line":174,"column":4},"end":{"line":184,"column":5}},"21":{"start":{"line":175,"column":6},"end":{"line":177,"column":7}},"22":{"start":{"line":176,"column":8},"end":{"line":176,"column":17}},"23":{"start":{"line":179,"column":20},"end":{"line":179,"column":70}},"24":{"start":{"line":180,"column":6},"end":{"line":182,"column":7}},"25":{"start":{"line":181,"column":8},"end":{"line":181,"column":17}},"26":{"start":{"line":183,"column":6},"end":{"line":183,"column":78}},"27":{"start":{"line":187,"column":23},"end":{"line":187,"column":41}},"28":{"start":{"line":188,"column":25},"end":{"line":188,"column":75}},"29":{"start":{"line":190,"column":4},"end":{"line":196,"column":5}},"30":{"start":{"line":191,"column":6},"end":{"line":195,"column":8}},"31":{"start":{"line":199,"column":4},"end":{"line":211,"column":5}},"32":{"start":{"line":200,"column":18},"end":{"line":200,"column":36}},"33":{"start":{"line":201,"column":6},"end":{"line":210,"column":7}},"34":{"start":{"line":201,"column":19},"end":{"line":201,"column":20}},"35":{"start":{"line":202,"column":25},"end":{"line":202,"column":44}},"36":{"start":{"line":203,"column":8},"end":{"line":209,"column":9}},"37":{"start":{"line":204,"column":10},"end":{"line":208,"column":12}},"38":{"start":{"line":213,"column":4},"end":{"line":229,"column":5}},"39":{"start":{"line":214,"column":18},"end":{"line":214,"column":33}},"40":{"start":{"line":215,"column":6},"end":{"line":221,"column":7}},"41":{"start":{"line":216,"column":8},"end":{"line":220,"column":10}},"42":{"start":{"line":222,"column":6},"end":{"line":228,"column":7}},"43":{"start":{"line":223,"column":8},"end":{"line":227,"column":10}},"44":{"start":{"line":231,"column":4},"end":{"line":240,"column":5}},"45":{"start":{"line":232,"column":18},"end":{"line":232,"column":33}},"46":{"start":{"line":233,"column":6},"end":{"line":239,"column":7}},"47":{"start":{"line":234,"column":8},"end":{"line":238,"column":10}},"48":{"start":{"line":252,"column":2},"end":{"line":252,"column":36}},"49":{"start":{"line":252,"column":22},"end":{"line":252,"column":36}},"50":{"start":{"line":253,"column":2},"end":{"line":253,"column":43}},"51":{"start":{"line":253,"column":28},"end":{"line":253,"column":43}},"52":{"start":{"line":254,"column":2},"end":{"line":254,"column":22}},"53":{"start":{"line":261,"column":16},"end":{"line":261,"column":66}},"54":{"start":{"line":262,"column":13},"end":{"line":262,"column":31}},"55":{"start":{"line":264,"column":2},"end":{"line":266,"column":3}},"56":{"start":{"line":265,"column":4},"end":{"line":265,"column":39}},"57":{"start":{"line":267,"column":2},"end":{"line":272,"column":3}},"58":{"start":{"line":268,"column":28},"end":{"line":268,"column":30}},"59":{"start":{"line":269,"column":4},"end":{"line":269,"column":61}},"60":{"start":{"line":269,"column":32},"end":{"line":269,"column":61}},"61":{"start":{"line":270,"column":4},"end":{"line":270,"column":61}},"62":{"start":{"line":270,"column":32},"end":{"line":270,"column":61}},"63":{"start":{"line":271,"column":4},"end":{"line":271,"column":37}},"64":{"start":{"line":273,"column":2},"end":{"line":275,"column":3}},"65":{"start":{"line":274,"column":4},"end":{"line":274,"column":27}},"66":{"start":{"line":276,"column":2},"end":{"line":276,"column":14}}},"fnMap":{"0":{"name":"(anonymous_0)","decl":{"start":{"line":26,"column":2},"end":{"line":26,"column":14}},"loc":{"start":{"line":26,"column":61},"end":{"line":36,"column":3}}},"1":{"name":"validateSchema","decl":{"start":{"line":146,"column":16},"end":{"line":146,"column":30}},"loc":{"start":{"line":149,"column":15},"end":{"line":242,"column":1}}},"2":{"name":"getJsonType","decl":{"start":{"line":251,"column":9},"end":{"line":251,"column":20}},"loc":{"start":{"line":251,"column":35},"end":{"line":255,"column":1}}},"3":{"name":"describeExpectedType","decl":{"start":{"line":260,"column":9},"end":{"line":260,"column":29}},"loc":{"start":{"line":260,"column":45},"end":{"line":277,"column":1}}}},"branchMap":{"0":{"loc":{"start":{"line":151,"column":2},"end":{"line":157,"column":3}},"type":"if","locations":[{"start":{"line":151,"column":2},"end":{"line":157,"column":3}}]},"1":{"loc":{"start":{"line":151,"column":6},"end":{"line":151,"column":47}},"type":"binary-expr","locations":[{"start":{"line":151,"column":6},"end":{"line":151,"column":30}},{"start":{"line":151,"column":34},"end":{"line":151,"column":47}}]},"2":{"loc":{"start":{"line":155,"column":6},"end":{"line":155,"column":42}},"type":"cond-expr","locations":[{"start":{"line":155,"column":22},"end":{"line":155,"column":28}},{"start":{"line":155,"column":31},"end":{"line":155,"column":42}}]},"3":{"loc":{"start":{"line":166,"column":4},"end":{"line":171,"column":5}},"type":"if","locations":[{"start":{"line":166,"column":4},"end":{"line":171,"column":5}}]},"4":{"loc":{"start":{"line":167,"column":6},"end":{"line":169,"column":7}},"type":"if","locations":[{"start":{"line":167,"column":6},"end":{"line":169,"column":7}}]},"5":{"loc":{"start":{"line":174,"column":4},"end":{"line":184,"column":5}},"type":"if","locations":[{"start":{"line":174,"column":4},"end":{"line":184,"column":5}}]},"6":{"loc":{"start":{"line":175,"column":6},"end":{"line":177,"column":7}},"type":"if","locations":[{"start":{"line":175,"column":6},"end":{"line":177,"column":7}}]},"7":{"loc":{"start":{"line":179,"column":20},"end":{"line":179,"column":70}},"type":"cond-expr","locations":[{"start":{"line":179,"column":47},"end":{"line":179,"column":56}},{"start":{"line":179,"column":59},"end":{"line":179,"column":70}}]},"8":{"loc":{"start":{"line":180,"column":6},"end":{"line":182,"column":7}},"type":"if","locations":[{"start":{"line":180,"column":6},"end":{"line":182,"column":7}}]},"9":{"loc":{"start":{"line":188,"column":25},"end":{"line":188,"column":75}},"type":"cond-expr","locations":[{"start":{"line":188,"column":52},"end":{"line":188,"column":61}},{"start":{"line":188,"column":64},"end":{"line":188,"column":75}}]},"10":{"loc":{"start":{"line":190,"column":4},"end":{"line":196,"column":5}},"type":"if","locations":[{"start":{"line":190,"column":4},"end":{"line":196,"column":5}}]},"11":{"loc":{"start":{"line":199,"column":4},"end":{"line":211,"column":5}},"type":"if","locations":[{"start":{"line":199,"column":4},"end":{"line":211,"column":5}}]},"12":{"loc":{"start":{"line":199,"column":8},"end":{"line":199,"column":47}},"type":"binary-expr","locations":[{"start":{"line":199,"column":8},"end":{"line":199,"column":30}},{"start":{"line":199,"column":34},"end":{"line":199,"column":47}}]},"13":{"loc":{"start":{"line":203,"column":8},"end":{"line":209,"column":9}},"type":"if","locations":[{"start":{"line":203,"column":8},"end":{"line":209,"column":9}}]},"14":{"loc":{"start":{"line":213,"column":4},"end":{"line":229,"column":5}},"type":"if","locations":[{"start":{"line":213,"column":4},"end":{"line":229,"column":5}}]},"15":{"loc":{"start":{"line":215,"column":6},"end":{"line":221,"column":7}},"type":"if","locations":[{"start":{"line":215,"column":6},"end":{"line":221,"column":7}}]},"16":{"loc":{"start":{"line":215,"column":10},"end":{"line":215,"column":50}},"type":"binary-expr","locations":[{"start":{"line":215,"column":10},"end":{"line":215,"column":32}},{"start":{"line":215,"column":36},"end":{"line":215,"column":50}}]},"17":{"loc":{"start":{"line":222,"column":6},"end":{"line":228,"column":7}},"type":"if","locations":[{"start":{"line":222,"column":6},"end":{"line":228,"column":7}}]},"18":{"loc":{"start":{"line":222,"column":10},"end":{"line":222,"column":50}},"type":"binary-expr","locations":[{"start":{"line":222,"column":10},"end":{"line":222,"column":32}},{"start":{"line":222,"column":36},"end":{"line":222,"column":50}}]},"19":{"loc":{"start":{"line":231,"column":4},"end":{"line":240,"column":5}},"type":"if","locations":[{"start":{"line":231,"column":4},"end":{"line":240,"column":5}}]},"20":{"loc":{"start":{"line":231,"column":8},"end":{"line":231,"column":48}},"type":"binary-expr","locations":[{"start":{"line":231,"column":8},"end":{"line":231,"column":31}},{"start":{"line":231,"column":35},"end":{"line":231,"column":48}}]},"21":{"loc":{"start":{"line":233,"column":6},"end":{"line":239,"column":7}},"type":"if","locations":[{"start":{"line":233,"column":6},"end":{"line":239,"column":7}}]},"22":{"loc":{"start":{"line":252,"column":2},"end":{"line":252,"column":36}},"type":"if","locations":[{"start":{"line":252,"column":2},"end":{"line":252,"column":36}}]},"23":{"loc":{"start":{"line":253,"column":2},"end":{"line":253,"column":43}},"type":"if","locations":[{"start":{"line":253,"column":2},"end":{"line":253,"column":43}}]},"24":{"loc":{"start":{"line":261,"column":16},"end":{"line":261,"column":66}},"type":"cond-expr","locations":[{"start":{"line":261,"column":43},"end":{"line":261,"column":52}},{"start":{"line":261,"column":55},"end":{"line":261,"column":66}}]},"25":{"loc":{"start":{"line":264,"column":2},"end":{"line":266,"column":3}},"type":"if","locations":[{"start":{"line":264,"column":2},"end":{"line":266,"column":3}}]},"26":{"loc":{"start":{"line":267,"column":2},"end":{"line":272,"column":3}},"type":"if","locations":[{"start":{"line":267,"column":2},"end":{"line":272,"column":3}}]},"27":{"loc":{"start":{"line":267,"column":6},"end":{"line":267,"column":54}},"type":"binary-expr","locations":[{"start":{"line":267,"column":6},"end":{"line":267,"column":28}},{"start":{"line":267,"column":32},"end":{"line":267,"column":54}}]},"28":{"loc":{"start":{"line":269,"column":4},"end":{"line":269,"column":61}},"type":"if","locations":[{"start":{"line":269,"column":4},"end":{"line":269,"column":61}}]},"29":{"loc":{"start":{"line":270,"column":4},"end":{"line":270,"column":61}},"type":"if","locations":[{"start":{"line":270,"column":4},"end":{"line":270,"column":61}}]},"30":{"loc":{"start":{"line":273,"column":2},"end":{"line":275,"column":3}},"type":"if","locations":[{"start":{"line":273,"column":2},"end":{"line":275,"column":3}}]}},"s":{"0":6,"1":51,"2":51,"3":51,"4":51,"5":51,"6":51,"7":51,"8":6,"9":6,"10":6,"11":62,"12":8,"13":54,"14":54,"15":93,"16":93,"17":16,"18":8,"19":8,"20":77,"21":8,"22":1,"23":7,"24":7,"25":1,"26":6,"27":69,"28":69,"29":69,"30":10,"31":59,"32":32,"33":32,"34":32,"35":28,"36":28,"37":5,"38":54,"39":18,"40":18,"41":2,"42":16,"43":2,"44":50,"45":7,"46":7,"47":4,"48":97,"49":2,"50":95,"51":33,"52":62,"53":16,"54":16,"55":16,"56":5,"57":16,"58":4,"59":4,"60":4,"61":4,"62":4,"63":4,"64":16,"65":4,"66":16},"f":{"0":51,"1":62,"2":97,"3":16},"b":{"0":[8],"1":[62,56],"2":[2,6],"3":[16],"4":[8],"5":[8],"6":[1],"7":[1,6],"8":[1],"9":[3,66],"10":[10],"11":[32],"12":[59,33],"13":[5],"14":[18],"15":[2],"16":[18,17],"17":[2],"18":[16,15],"19":[7],"20":[50,7],"21":[4],"22":[2],"23":[33],"24":[2,14],"25":[5],"26":[4],"27":[16,12],"28":[4],"29":[4],"30":[4]}}
}
