{"C:\\Users\\adam\\OneDrive\\Documents\\projects\\job-harvester\\server\\src\\config\\companyConfig.ts": {"path":"C:\\Users\\adam\\OneDrive\\Documents\\projects\\job-harvester\\server\\src\\config\\companyConfig.ts","statementMap":{"0":{"start":{"line":42,"column":0},"end":{"line":42,"column":16}},"1":{"start":{"line":9,"column":0},"end":{"line":9,"column":25}},"2":{"start":{"line":10,"column":0},"end":{"line":10,"column":29}},"3":{"start":{"line":11,"column":0},"end":{"line":11,"column":68}},"4":{"start":{"line":21,"column":2},"end":{"line":25,"column":3}},"5":{"start":{"line":22,"column":4},"end":{"line":24,"column":6}},"6":{"start":{"line":26,"column":2},"end":{"line":30,"column":3}},"7":{"start":{"line":27,"column":4},"end":{"line":29,"column":6}},"8":{"start":{"line":43,"column":19},"end":{"line":47,"column":null}},"9":{"start":{"line":51,"column":2},"end":{"line":57,"column":3}},"10":{"start":{"line":52,"column":4},"end":{"line":52,"column":45}},"11":{"start":{"line":54,"column":4},"end":{"line":56,"column":6}},"12":{"start":{"line":60,"column":2},"end":{"line":66,"column":3}},"13":{"start":{"line":61,"column":4},"end":{"line":61,"column":56}},"14":{"start":{"line":63,"column":4},"end":{"line":65,"column":6}},"15":{"start":{"line":69,"column":2},"end":{"line":69,"column":46}},"16":{"start":{"line":72,"column":2},"end":{"line":76,"column":3}},"17":{"start":{"line":73,"column":4},"end":{"line":75,"column":6}},"18":{"start":{"line":77,"column":2},"end":{"line":81,"column":3}},"19":{"start":{"line":78,"column":4},"end":{"line":80,"column":6}},"20":{"start":{"line":82,"column":2},"end":{"line":86,"column":3}},"21":{"start":{"line":83,"column":4},"end":{"line":85,"column":6}},"22":{"start":{"line":90,"column":4},"end":{"line":90,"column":62}},"23":{"start":{"line":94,"column":4},"end":{"line":94,"column":60}},"24":{"start":{"line":97,"column":2},"end":{"line":101,"column":3}},"25":{"start":{"line":98,"column":4},"end":{"line":100,"column":6}},"26":{"start":{"line":102,"column":25},"end":{"line":102,"column":73}},"27":{"start":{"line":104,"column":2},"end":{"line":111,"column":3}},"28":{"start":{"line":108,"column":4},"end":{"line":110,"column":6}},"29":{"start":{"line":113,"column":2},"end":{"line":120,"column":3}},"30":{"start":{"line":117,"column":4},"end":{"line":119,"column":6}},"31":{"start":{"line":122,"column":2},"end":{"line":131,"column":4}}},"fnMap":{"0":{"name":"assertString","decl":{"start":{"line":16,"column":9},"end":{"line":16,"column":21}},"loc":{"start":{"line":19,"column":18},"end":{"line":31,"column":1}}},"1":{"name":"loadCompanyConfig","decl":{"start":{"line":42,"column":16},"end":{"line":42,"column":33}},"loc":{"start":{"line":42,"column":47},"end":{"line":132,"column":1}}}},"branchMap":{"0":{"loc":{"start":{"line":21,"column":2},"end":{"line":25,"column":3}},"type":"if","locations":[{"start":{"line":21,"column":2},"end":{"line":25,"column":3}}]},"1":{"loc":{"start":{"line":21,"column":6},"end":{"line":21,"column":43}},"type":"binary-expr","locations":[{"start":{"line":21,"column":6},"end":{"line":21,"column":25}},{"start":{"line":21,"column":29},"end":{"line":21,"column":43}}]},"2":{"loc":{"start":{"line":26,"column":2},"end":{"line":30,"column":3}},"type":"if","locations":[{"start":{"line":26,"column":2},"end":{"line":30,"column":3}}]},"3":{"loc":{"start":{"line":72,"column":2},"end":{"line":76,"column":3}},"type":"if","locations":[{"start":{"line":72,"column":2},"end":{"line":76,"column":3}}]},"4":{"loc":{"start":{"line":72,"column":6},"end":{"line":72,"column":69}},"type":"binary-expr","locations":[{"start":{"line":72,"column":6},"end":{"line":72,"column":38}},{"start":{"line":72,"column":42},"end":{"line":72,"column":69}}]},"5":{"loc":{"start":{"line":77,"column":2},"end":{"line":81,"column":3}},"type":"if","locations":[{"start":{"line":77,"column":2},"end":{"line":81,"column":3}}]},"6":{"loc":{"start":{"line":82,"column":2},"end":{"line":86,"column":3}},"type":"if","locations":[{"start":{"line":82,"column":2},"end":{"line":86,"column":3}}]},"7":{"loc":{"start":{"line":90,"column":4},"end":{"line":90,"column":62}},"type":"cond-expr","locations":[{"start":{"line":90,"column":42},"end":{"line":90,"column":57}},{"start":{"line":90,"column":60},"end":{"line":90,"column":62}}]},"8":{"loc":{"start":{"line":94,"column":4},"end":{"line":94,"column":60}},"type":"cond-expr","locations":[{"start":{"line":94,"column":41},"end":{"line":94,"column":55}},{"start":{"line":94,"column":58},"end":{"line":94,"column":60}}]},"9":{"loc":{"start":{"line":97,"column":2},"end":{"line":101,"column":3}},"type":"if","locations":[{"start":{"line":97,"column":2},"end":{"line":101,"column":3}}]},"10":{"loc":{"start":{"line":97,"column":6},"end":{"line":97,"column":75}},"type":"binary-expr","locations":[{"start":{"line":97,"column":6},"end":{"line":97,"column":41}},{"start":{"line":97,"column":45},"end":{"line":97,"column":75}}]},"11":{"loc":{"start":{"line":104,"column":2},"end":{"line":111,"column":3}},"type":"if","locations":[{"start":{"line":104,"column":2},"end":{"line":111,"column":3}}]},"12":{"loc":{"start":{"line":105,"column":4},"end":{"line":106,"column":37}},"type":"binary-expr","locations":[{"start":{"line":105,"column":4},"end":{"line":105,"column":42}},{"start":{"line":106,"column":4},"end":{"line":106,"column":37}}]},"13":{"loc":{"start":{"line":113,"column":2},"end":{"line":120,"column":3}},"type":"if","locations":[{"start":{"line":113,"column":2},"end":{"line":120,"column":3}}]},"14":{"loc":{"start":{"line":114,"column":4},"end":{"line":115,"column":40}},"type":"binary-expr","locations":[{"start":{"line":114,"column":4},"end":{"line":114,"column":45}},{"start":{"line":115,"column":4},"end":{"line":115,"column":40}}]}},"s":{"0":1,"1":1,"2":1,"3":1,"4":10,"5":1,"6":9,"7":1,"8":11,"9":11,"10":11,"11":1,"12":10,"13":10,"14":0,"15":10,"16":8,"17":1,"18":7,"19":1,"20":6,"21":1,"22":5,"23":5,"24":5,"25":1,"26":4,"27":4,"28":1,"29":3,"30":1,"31":2},"f":{"0":10,"1":11},"b":{"0":[1],"1":[10,9],"2":[1],"3":[1],"4":[8,7],"5":[1],"6":[1],"7":[4,1],"8":[4,1],"9":[1],"10":[5,4],"11":[1],"12":[4,3],"13":[1],"14":[3,2]}}
,"C:\\Users\\adam\\OneDrive\\Documents\\projects\\job-harvester\\server\\src\\config\\skillsProfile.ts": {"path":"C:\\Users\\adam\\OneDrive\\Documents\\projects\\job-harvester\\server\\src\\config\\skillsProfile.ts","statementMap":{"0":{"start":{"line":20,"column":0},"end":{"line":20,"column":16}},"1":{"start":{"line":9,"column":0},"end":{"line":9,"column":25}},"2":{"start":{"line":10,"column":0},"end":{"line":10,"column":29}},"3":{"start":{"line":11,"column":0},"end":{"line":11,"column":68}},"4":{"start":{"line":21,"column":19},"end":{"line":21,"column":70}},"5":{"start":{"line":24,"column":2},"end":{"line":30,"column":3}},"6":{"start":{"line":25,"column":4},"end":{"line":25,"column":45}},"7":{"start":{"line":27,"column":4},"end":{"line":29,"column":6}},"8":{"start":{"line":33,"column":2},"end":{"line":39,"column":3}},"9":{"start":{"line":34,"column":4},"end":{"line":34,"column":56}},"10":{"start":{"line":36,"column":4},"end":{"line":38,"column":6}},"11":{"start":{"line":42,"column":2},"end":{"line":46,"column":3}},"12":{"start":{"line":43,"column":4},"end":{"line":45,"column":6}},"13":{"start":{"line":47,"column":2},"end":{"line":51,"column":3}},"14":{"start":{"line":48,"column":4},"end":{"line":50,"column":6}},"15":{"start":{"line":52,"column":2},"end":{"line":56,"column":3}},"16":{"start":{"line":53,"column":4},"end":{"line":55,"column":6}},"17":{"start":{"line":59,"column":17},"end":{"line":59,"column":59}},"18":{"start":{"line":60,"column":2},"end":{"line":92,"column":3}},"19":{"start":{"line":60,"column":15},"end":{"line":60,"column":16}},"20":{"start":{"line":61,"column":18},"end":{"line":61,"column":27}},"21":{"start":{"line":62,"column":4},"end":{"line":66,"column":5}},"22":{"start":{"line":63,"column":6},"end":{"line":65,"column":8}},"23":{"start":{"line":67,"column":4},"end":{"line":76,"column":5}},"24":{"start":{"line":73,"column":6},"end":{"line":75,"column":8}},"25":{"start":{"line":78,"column":4},"end":{"line":91,"column":5}},"26":{"start":{"line":79,"column":6},"end":{"line":83,"column":7}},"27":{"start":{"line":80,"column":8},"end":{"line":82,"column":10}},"28":{"start":{"line":84,"column":6},"end":{"line":90,"column":7}},"29":{"start":{"line":84,"column":19},"end":{"line":84,"column":20}},"30":{"start":{"line":85,"column":8},"end":{"line":89,"column":9}},"31":{"start":{"line":86,"column":10},"end":{"line":88,"column":12}},"32":{"start":{"line":95,"column":2},"end":{"line":99,"column":3}},"33":{"start":{"line":96,"column":4},"end":{"line":98,"column":6}},"34":{"start":{"line":100,"column":2},"end":{"line":104,"column":3}},"35":{"start":{"line":101,"column":4},"end":{"line":103,"column":6}},"36":{"start":{"line":105,"column":23},"end":{"line":105,"column":52}},"37":{"start":{"line":106,"column":2},"end":{"line":110,"column":3}},"38":{"start":{"line":107,"column":4},"end":{"line":109,"column":6}},"39":{"start":{"line":112,"column":2},"end":{"line":121,"column":4}},"40":{"start":{"line":113,"column":31},"end":{"line":119,"column":6}}},"fnMap":{"0":{"name":"loadSkillsProfile","decl":{"start":{"line":20,"column":16},"end":{"line":20,"column":33}},"loc":{"start":{"line":20,"column":33},"end":{"line":122,"column":1}}},"1":{"name":"(anonymous_10)","decl":{"start":{"line":113,"column":23},"end":{"line":113,"column":24}},"loc":{"start":{"line":113,"column":31},"end":{"line":119,"column":6}}}},"branchMap":{"0":{"loc":{"start":{"line":42,"column":2},"end":{"line":46,"column":3}},"type":"if","locations":[{"start":{"line":42,"column":2},"end":{"line":46,"column":3}}]},"1":{"loc":{"start":{"line":42,"column":6},"end":{"line":42,"column":59}},"type":"binary-expr","locations":[{"start":{"line":42,"column":6},"end":{"line":42,"column":33}},{"start":{"line":42,"column":37},"end":{"line":42,"column":59}}]},"2":{"loc":{"start":{"line":47,"column":2},"end":{"line":51,"column":3}},"type":"if","locations":[{"start":{"line":47,"column":2},"end":{"line":51,"column":3}}]},"3":{"loc":{"start":{"line":52,"column":2},"end":{"line":56,"column":3}},"type":"if","locations":[{"start":{"line":52,"column":2},"end":{"line":56,"column":3}}]},"4":{"loc":{"start":{"line":62,"column":4},"end":{"line":66,"column":5}},"type":"if","locations":[{"start":{"line":62,"column":4},"end":{"line":66,"column":5}}]},"5":{"loc":{"start":{"line":67,"column":4},"end":{"line":76,"column":5}},"type":"if","locations":[{"start":{"line":67,"column":4},"end":{"line":76,"column":5}}]},"6":{"loc":{"start":{"line":68,"column":6},"end":{"line":70,"column":null}},"type":"binary-expr","locations":[{"start":{"line":68,"column":6},"end":{"line":68,"column":40}},{"start":{"line":69,"column":6},"end":{"line":70,"column":null}}]},"7":{"loc":{"start":{"line":78,"column":4},"end":{"line":91,"column":5}},"type":"if","locations":[{"start":{"line":78,"column":4},"end":{"line":91,"column":5}}]},"8":{"loc":{"start":{"line":78,"column":8},"end":{"line":78,"column":61}},"type":"binary-expr","locations":[{"start":{"line":78,"column":8},"end":{"line":78,"column":35}},{"start":{"line":78,"column":39},"end":{"line":78,"column":61}}]},"9":{"loc":{"start":{"line":79,"column":6},"end":{"line":83,"column":7}},"type":"if","locations":[{"start":{"line":79,"column":6},"end":{"line":83,"column":7}}]},"10":{"loc":{"start":{"line":85,"column":8},"end":{"line":89,"column":9}},"type":"if","locations":[{"start":{"line":85,"column":8},"end":{"line":89,"column":9}}]},"11":{"loc":{"start":{"line":95,"column":2},"end":{"line":99,"column":3}},"type":"if","locations":[{"start":{"line":95,"column":2},"end":{"line":99,"column":3}}]},"12":{"loc":{"start":{"line":95,"column":6},"end":{"line":95,"column":71}},"type":"binary-expr","locations":[{"start":{"line":95,"column":6},"end":{"line":95,"column":39}},{"start":{"line":95,"column":43},"end":{"line":95,"column":71}}]},"13":{"loc":{"start":{"line":100,"column":2},"end":{"line":104,"column":3}},"type":"if","locations":[{"start":{"line":100,"column":2},"end":{"line":104,"column":3}}]},"14":{"loc":{"start":{"line":106,"column":2},"end":{"line":110,"column":3}},"type":"if","locations":[{"start":{"line":106,"column":2},"end":{"line":110,"column":3}}]},"15":{"loc":{"start":{"line":106,"column":6},"end":{"line":106,"column":44}},"type":"binary-expr","locations":[{"start":{"line":106,"column":6},"end":{"line":106,"column":23}},{"start":{"line":106,"column":27},"end":{"line":106,"column":44}}]},"16":{"loc":{"start":{"line":116,"column":10},"end":{"line":118,"column":12}},"type":"cond-expr","locations":[{"start":{"line":117,"column":10},"end":{"line":117,"column":44}},{"start":{"line":118,"column":10},"end":{"line":118,"column":12}}]},"17":{"loc":{"start":{"line":116,"column":10},"end":{"line":116,"column":58}},"type":"binary-expr","locations":[{"start":{"line":116,"column":10},"end":{"line":116,"column":34}},{"start":{"line":116,"column":38},"end":{"line":116,"column":58}}]}},"s":{"0":1,"1":1,"2":1,"3":1,"4":14,"5":14,"6":14,"7":1,"8":13,"9":13,"10":0,"11":13,"12":1,"13":12,"14":0,"15":12,"16":1,"17":11,"18":11,"19":11,"20":17,"21":17,"22":1,"23":16,"24":1,"25":15,"26":4,"27":1,"28":3,"29":3,"30":4,"31":1,"32":7,"33":1,"34":6,"35":1,"36":5,"37":5,"38":2,"39":3,"40":5},"f":{"0":14,"1":5},"b":{"0":[1],"1":[13,12],"2":[0],"3":[1],"4":[1],"5":[1],"6":[16,16],"7":[4],"8":[15,4],"9":[1],"10":[1],"11":[1],"12":[7,6],"13":[1],"14":[2],"15":[5,4],"16":[1,4],"17":[5,2]}}
,"C:\\Users\\adam\\OneDrive\\Documents\\projects\\job-harvester\\server\\src\\config\\types.ts": {"path":"C:\\Users\\adam\\OneDrive\\Documents\\projects\\job-harvester\\server\\src\\config\\types.ts","statementMap":{"0":{"start":{"line":23,"column":4},"end":{"line":23,"column":19}},"1":{"start":{"line":24,"column":4},"end":{"line":24,"column":40}},"2":{"start":{"line":21,"column":0},"end":{"line":21,"column":13}}},"fnMap":{"0":{"name":"(anonymous_0)","decl":{"start":{"line":22,"column":2},"end":{"line":22,"column":21}},"loc":{"start":{"line":22,"column":36},"end":{"line":25,"column":3}}}},"branchMap":{},"s":{"0":20,"1":20,"2":2},"f":{"0":20},"b":{}}
,"C:\\Users\\adam\\OneDrive\\Documents\\projects\\job-harvester\\server\\src\\llm\\costEstimator.ts": {"path":"C:\\Users\\adam\\OneDrive\\Documents\\projects\\job-harvester\\server\\src\\llm\\costEstimator.ts","statementMap":{"0":{"start":{"line":43,"column":0},"end":{"line":43,"column":16}},"1":{"start":{"line":15,"column":28},"end":{"line":15,"column":32}},"2":{"start":{"line":16,"column":28},"end":{"line":16,"column":32}},"3":{"start":{"line":44,"column":24},"end":{"line":44,"column":77}},"4":{"start":{"line":45,"column":24},"end":{"line":45,"column":82}},"5":{"start":{"line":47,"column":2},"end":{"line":51,"column":4}},"6":{"start":{"line":58,"column":2},"end":{"line":58,"column":47}}},"fnMap":{"0":{"name":"estimateCost","decl":{"start":{"line":43,"column":16},"end":{"line":43,"column":28}},"loc":{"start":{"line":43,"column":46},"end":{"line":52,"column":1}}},"1":{"name":"round","decl":{"start":{"line":57,"column":9},"end":{"line":57,"column":14}},"loc":{"start":{"line":57,"column":24},"end":{"line":59,"column":1}}}},"branchMap":{},"s":{"0":3,"1":3,"2":3,"3":21,"4":21,"5":21,"6":63},"f":{"0":21,"1":63},"b":{}}
,"C:\\Users\\adam\\OneDrive\\Documents\\projects\\job-harvester\\server\\src\\llm\\deepseekClient.ts": {"path":"C:\\Users\\adam\\OneDrive\\Documents\\projects\\job-harvester\\server\\src\\llm\\deepseekClient.ts","statementMap":{"0":{"start":{"line":133,"column":0},"end":{"line":133,"column":7}},"1":{"start":{"line":218,"column":0},"end":{"line":218,"column":16}},"2":{"start":{"line":227,"column":0},"end":{"line":227,"column":16}},"3":{"start":{"line":19,"column":0},"end":{"line":19,"column":28}},"4":{"start":{"line":20,"column":0},"end":{"line":20,"column":74}},"5":{"start":{"line":21,"column":0},"end":{"line":21,"column":43}},"6":{"start":{"line":40,"column":9},"end":{"line":21,"column":85}},"7":{"start":{"line":32,"column":4},"end":{"line":32,"column":19}},"8":{"start":{"line":33,"column":4},"end":{"line":33,"column":30}},"9":{"start":{"line":34,"column":4},"end":{"line":34,"column":33}},"10":{"start":{"line":35,"column":4},"end":{"line":35,"column":55}},"11":{"start":{"line":27,"column":0},"end":{"line":27,"column":13}},"12":{"start":{"line":69,"column":25},"end":{"line":69,"column":26}},"13":{"start":{"line":73,"column":4},"end":{"line":73,"column":33}},"14":{"start":{"line":80,"column":16},"end":{"line":80,"column":26}},"15":{"start":{"line":81,"column":20},"end":{"line":81,"column":43}},"16":{"start":{"line":82,"column":4},"end":{"line":85,"column":5}},"17":{"start":{"line":83,"column":21},"end":{"line":83,"column":46}},"18":{"start":{"line":84,"column":6},"end":{"line":84,"column":66}},"19":{"start":{"line":84,"column":37},"end":{"line":84,"column":64}},"20":{"start":{"line":86,"column":4},"end":{"line":86,"column":35}},"21":{"start":{"line":94,"column":20},"end":{"line":94,"column":41}},"22":{"start":{"line":100,"column":17},"end":{"line":100,"column":45}},"23":{"start":{"line":101,"column":2},"end":{"line":106,"column":3}},"24":{"start":{"line":102,"column":4},"end":{"line":105,"column":6}},"25":{"start":{"line":108,"column":2},"end":{"line":111,"column":5}},"26":{"start":{"line":118,"column":29},"end":{"line":118,"column":33}},"27":{"start":{"line":139,"column":2},"end":{"line":139,"column":31}},"28":{"start":{"line":141,"column":17},"end":{"line":141,"column":42}},"29":{"start":{"line":142,"column":16},"end":{"line":142,"column":47}},"30":{"start":{"line":143,"column":22},"end":{"line":143,"column":45}},"31":{"start":{"line":145,"column":61},"end":{"line":145,"column":63}},"32":{"start":{"line":147,"column":2},"end":{"line":149,"column":3}},"33":{"start":{"line":148,"column":4},"end":{"line":148,"column":68}},"34":{"start":{"line":150,"column":2},"end":{"line":150,"column":51}},"35":{"start":{"line":154,"column":2},"end":{"line":168,"column":3}},"36":{"start":{"line":155,"column":4},"end":{"line":160,"column":7}},"37":{"start":{"line":162,"column":20},"end":{"line":162,"column":68}},"38":{"start":{"line":164,"column":6},"end":{"line":166,"column":11}},"39":{"start":{"line":167,"column":4},"end":{"line":167,"column":47}},"40":{"start":{"line":171,"column":17},"end":{"line":171,"column":38}},"41":{"start":{"line":172,"column":18},"end":{"line":172,"column":50}},"42":{"start":{"line":174,"column":2},"end":{"line":176,"column":3}},"43":{"start":{"line":175,"column":4},"end":{"line":175,"column":65}},"44":{"start":{"line":180,"column":2},"end":{"line":188,"column":3}},"45":{"start":{"line":181,"column":4},"end":{"line":181,"column":33}},"46":{"start":{"line":183,"column":4},"end":{"line":187,"column":6}},"47":{"start":{"line":191,"column":2},"end":{"line":191,"column":40}},"48":{"start":{"line":194,"column":28},"end":{"line":197,"column":4}},"49":{"start":{"line":200,"column":30},"end":{"line":200,"column":49}},"50":{"start":{"line":201,"column":2},"end":{"line":206,"column":4}},"51":{"start":{"line":208,"column":2},"end":{"line":212,"column":4}},"52":{"start":{"line":219,"column":2},"end":{"line":219,"column":17}},"53":{"start":{"line":228,"column":2},"end":{"line":228,"column":23}}},"fnMap":{"0":{"name":"(anonymous_1)","decl":{"start":{"line":40,"column":9},"end":{"line":40,"column":23}},"loc":{"start":{"line":40,"column":9},"end":{"line":21,"column":85}}},"1":{"name":"(anonymous_2)","decl":{"start":{"line":31,"column":2},"end":{"line":31,"column":14}},"loc":{"start":{"line":31,"column":45},"end":{"line":36,"column":3}}},"2":{"name":"(anonymous_3)","decl":{"start":{"line":72,"column":2},"end":{"line":72,"column":14}},"loc":{"start":{"line":72,"column":32},"end":{"line":74,"column":3}}},"3":{"name":"(anonymous_4)","decl":{"start":{"line":79,"column":2},"end":{"line":79,"column":7}},"loc":{"start":{"line":79,"column":16},"end":{"line":87,"column":3}}},"4":{"name":"(anonymous_5)","decl":{"start":{"line":84,"column":24},"end":{"line":84,"column":25}},"loc":{"start":{"line":84,"column":37},"end":{"line":84,"column":64}}},"5":{"name":"createClient","decl":{"start":{"line":99,"column":9},"end":{"line":99,"column":21}},"loc":{"start":{"line":99,"column":21},"end":{"line":112,"column":1}}},"6":{"name":"callDeepSeek","decl":{"start":{"line":133,"column":22},"end":{"line":133,"column":34}},"loc":{"start":{"line":136,"column":35},"end":{"line":213,"column":1}}},"7":{"name":"resetClient","decl":{"start":{"line":218,"column":16},"end":{"line":218,"column":27}},"loc":{"start":{"line":218,"column":27},"end":{"line":220,"column":1}}},"8":{"name":"setMockClient","decl":{"start":{"line":227,"column":16},"end":{"line":227,"column":29}},"loc":{"start":{"line":227,"column":48},"end":{"line":229,"column":1}}}},"branchMap":{"0":{"loc":{"start":{"line":31,"column":31},"end":{"line":31,"column":45}},"type":"default-arg","locations":[{"start":{"line":31,"column":44},"end":{"line":31,"column":45}}]},"1":{"loc":{"start":{"line":82,"column":4},"end":{"line":85,"column":5}},"type":"if","locations":[{"start":{"line":82,"column":4},"end":{"line":85,"column":5}}]},"2":{"loc":{"start":{"line":101,"column":2},"end":{"line":106,"column":3}},"type":"if","locations":[{"start":{"line":101,"column":2},"end":{"line":106,"column":3}}]},"3":{"loc":{"start":{"line":136,"column":2},"end":{"line":136,"column":35}},"type":"default-arg","locations":[{"start":{"line":136,"column":33},"end":{"line":136,"column":35}}]},"4":{"loc":{"start":{"line":141,"column":17},"end":{"line":141,"column":42}},"type":"binary-expr","locations":[{"start":{"line":141,"column":17},"end":{"line":141,"column":24}},{"start":{"line":141,"column":28},"end":{"line":141,"column":42}}]},"5":{"loc":{"start":{"line":142,"column":16},"end":{"line":142,"column":47}},"type":"binary-expr","locations":[{"start":{"line":142,"column":16},"end":{"line":142,"column":28}},{"start":{"line":142,"column":32},"end":{"line":142,"column":47}}]},"6":{"loc":{"start":{"line":143,"column":22},"end":{"line":143,"column":45}},"type":"binary-expr","locations":[{"start":{"line":143,"column":22},"end":{"line":143,"column":40}},{"start":{"line":143,"column":44},"end":{"line":143,"column":45}}]},"7":{"loc":{"start":{"line":147,"column":2},"end":{"line":149,"column":3}},"type":"if","locations":[{"start":{"line":147,"column":2},"end":{"line":149,"column":3}}]},"8":{"loc":{"start":{"line":162,"column":20},"end":{"line":162,"column":68}},"type":"cond-expr","locations":[{"start":{"line":162,"column":43},"end":{"line":162,"column":54}},{"start":{"line":162,"column":57},"end":{"line":162,"column":68}}]},"9":{"loc":{"start":{"line":164,"column":6},"end":{"line":166,"column":11}},"type":"cond-expr","locations":[{"start":{"line":165,"column":11},"end":{"line":165,"column":44}},{"start":{"line":166,"column":10},"end":{"line":166,"column":11}}]},"10":{"loc":{"start":{"line":164,"column":6},"end":{"line":164,"column":55}},"type":"binary-expr","locations":[{"start":{"line":164,"column":6},"end":{"line":164,"column":9}},{"start":{"line":164,"column":13},"end":{"line":164,"column":36}},{"start":{"line":164,"column":40},"end":{"line":164,"column":55}}]},"11":{"loc":{"start":{"line":174,"column":2},"end":{"line":176,"column":3}},"type":"if","locations":[{"start":{"line":174,"column":2},"end":{"line":176,"column":3}}]},"12":{"loc":{"start":{"line":195,"column":18},"end":{"line":195,"column":52}},"type":"binary-expr","locations":[{"start":{"line":195,"column":18},"end":{"line":195,"column":47}},{"start":{"line":195,"column":51},"end":{"line":195,"column":52}}]},"13":{"loc":{"start":{"line":196,"column":22},"end":{"line":196,"column":60}},"type":"binary-expr","locations":[{"start":{"line":196,"column":22},"end":{"line":196,"column":55}},{"start":{"line":196,"column":59},"end":{"line":196,"column":60}}]}},"s":{"0":3,"1":3,"2":3,"3":3,"4":3,"5":3,"6":7,"7":5,"8":5,"9":5,"10":5,"11":3,"12":3,"13":3,"14":7,"15":7,"16":7,"17":6,"18":6,"19":6,"20":7,"21":3,"22":2,"23":2,"24":1,"25":1,"26":3,"27":7,"28":7,"29":6,"30":6,"31":6,"32":6,"33":0,"34":6,"35":6,"36":6,"37":1,"38":1,"39":1,"40":5,"41":5,"42":5,"43":0,"44":5,"45":5,"46":0,"47":5,"48":4,"49":4,"50":4,"51":4,"52":8,"53":4},"f":{"0":4,"1":5,"2":3,"3":7,"4":6,"5":2,"6":7,"7":8,"8":4},"b":{"0":[0],"1":[6],"2":[1],"3":[7],"4":[7,2],"5":[6,6],"6":[6,6],"7":[0],"8":[1,0],"9":[0,1],"10":[1,1,1],"11":[0],"12":[4,0],"13":[4,0]}}
,"C:\\Users\\adam\\OneDrive\\Documents\\projects\\job-harvester\\server\\src\\llm\\schemaValidator.ts": {"path":"C:\\Users\\adam\\OneDrive\\Documents\\projects\\job-harvester\\server\\src\\llm\\schemaValidator.ts","statementMap":{"0":{"start":{"line":146,"column":0},"end":{"line":146,"column":16}},"1":{"start":{"line":27,"column":20},"end":{"line":27,"column":75}},"2":{"start":{"line":28,"column":4},"end":{"line":28,"column":19}},"3":{"start":{"line":29,"column":4},"end":{"line":29,"column":33}},"4":{"start":{"line":30,"column":4},"end":{"line":30,"column":23}},"5":{"start":{"line":31,"column":4},"end":{"line":31,"column":29}},"6":{"start":{"line":32,"column":4},"end":{"line":32,"column":25}},"7":{"start":{"line":35,"column":4},"end":{"line":35,"column":58}},"8":{"start":{"line":16,"column":0},"end":{"line":16,"column":13}},"9":{"start":{"line":84,"column":13},"end":{"line":103,"column":2}},"10":{"start":{"line":116,"column":13},"end":{"line":131,"column":2}},"11":{"start":{"line":151,"column":2},"end":{"line":157,"column":3}},"12":{"start":{"line":152,"column":4},"end":{"line":156,"column":6}},"13":{"start":{"line":159,"column":14},"end":{"line":159,"column":45}},"14":{"start":{"line":162,"column":2},"end":{"line":241,"column":3}},"15":{"start":{"line":163,"column":18},"end":{"line":163,"column":32}},"16":{"start":{"line":166,"column":4},"end":{"line":171,"column":5}},"17":{"start":{"line":167,"column":6},"end":{"line":169,"column":7}},"18":{"start":{"line":168,"column":8},"end":{"line":168,"column":79}},"19":{"start":{"line":170,"column":6},"end":{"line":170,"column":15}},"20":{"start":{"line":174,"column":4},"end":{"line":184,"column":5}},"21":{"start":{"line":175,"column":6},"end":{"line":177,"column":7}},"22":{"start":{"line":176,"column":8},"end":{"line":176,"column":17}},"23":{"start":{"line":179,"column":20},"end":{"line":179,"column":70}},"24":{"start":{"line":180,"column":6},"end":{"line":182,"column":7}},"25":{"start":{"line":181,"column":8},"end":{"line":181,"column":17}},"26":{"start":{"line":183,"column":6},"end":{"line":183,"column":78}},"27":{"start":{"line":187,"column":23},"end":{"line":187,"column":41}},"28":{"start":{"line":188,"column":25},"end":{"line":188,"column":75}},"29":{"start":{"line":190,"column":4},"end":{"line":196,"column":5}},"30":{"start":{"line":191,"column":6},"end":{"line":195,"column":8}},"31":{"start":{"line":199,"column":4},"end":{"line":211,"column":5}},"32":{"start":{"line":200,"column":18},"end":{"line":200,"column":36}},"33":{"start":{"line":201,"column":6},"end":{"line":210,"column":7}},"34":{"start":{"line":201,"column":19},"end":{"line":201,"column":20}},"35":{"start":{"line":202,"column":25},"end":{"line":202,"column":44}},"36":{"start":{"line":203,"column":8},"end":{"line":209,"column":9}},"37":{"start":{"line":204,"column":10},"end":{"line":208,"column":12}},"38":{"start":{"line":213,"column":4},"end":{"line":229,"column":5}},"39":{"start":{"line":214,"column":18},"end":{"line":214,"column":33}},"40":{"start":{"line":215,"column":6},"end":{"line":221,"column":7}},"41":{"start":{"line":216,"column":8},"end":{"line":220,"column":10}},"42":{"start":{"line":222,"column":6},"end":{"line":228,"column":7}},"43":{"start":{"line":223,"column":8},"end":{"line":227,"column":10}},"44":{"start":{"line":231,"column":4},"end":{"line":240,"column":5}},"45":{"start":{"line":232,"column":18},"end":{"line":232,"column":33}},"46":{"start":{"line":233,"column":6},"end":{"line":239,"column":7}},"47":{"start":{"line":234,"column":8},"end":{"line":238,"column":10}},"48":{"start":{"line":252,"column":2},"end":{"line":252,"column":36}},"49":{"start":{"line":252,"column":22},"end":{"line":252,"column":36}},"50":{"start":{"line":253,"column":2},"end":{"line":253,"column":43}},"51":{"start":{"line":253,"column":28},"end":{"line":253,"column":43}},"52":{"start":{"line":254,"column":2},"end":{"line":254,"column":22}},"53":{"start":{"line":261,"column":16},"end":{"line":261,"column":66}},"54":{"start":{"line":262,"column":13},"end":{"line":262,"column":31}},"55":{"start":{"line":264,"column":2},"end":{"line":266,"column":3}},"56":{"start":{"line":265,"column":4},"end":{"line":265,"column":39}},"57":{"start":{"line":267,"column":2},"end":{"line":272,"column":3}},"58":{"start":{"line":268,"column":28},"end":{"line":268,"column":30}},"59":{"start":{"line":269,"column":4},"end":{"line":269,"column":61}},"60":{"start":{"line":269,"column":32},"end":{"line":269,"column":61}},"61":{"start":{"line":270,"column":4},"end":{"line":270,"column":61}},"62":{"start":{"line":270,"column":32},"end":{"line":270,"column":61}},"63":{"start":{"line":271,"column":4},"end":{"line":271,"column":37}},"64":{"start":{"line":273,"column":2},"end":{"line":275,"column":3}},"65":{"start":{"line":274,"column":4},"end":{"line":274,"column":27}},"66":{"start":{"line":276,"column":2},"end":{"line":276,"column":14}}},"fnMap":{"0":{"name":"(anonymous_0)","decl":{"start":{"line":26,"column":2},"end":{"line":26,"column":14}},"loc":{"start":{"line":26,"column":61},"end":{"line":36,"column":3}}},"1":{"name":"validateSchema","decl":{"start":{"line":146,"column":16},"end":{"line":146,"column":30}},"loc":{"start":{"line":149,"column":15},"end":{"line":242,"column":1}}},"2":{"name":"getJsonType","decl":{"start":{"line":251,"column":9},"end":{"line":251,"column":20}},"loc":{"start":{"line":251,"column":35},"end":{"line":255,"column":1}}},"3":{"name":"describeExpectedType","decl":{"start":{"line":260,"column":9},"end":{"line":260,"column":29}},"loc":{"start":{"line":260,"column":45},"end":{"line":277,"column":1}}}},"branchMap":{"0":{"loc":{"start":{"line":151,"column":2},"end":{"line":157,"column":3}},"type":"if","locations":[{"start":{"line":151,"column":2},"end":{"line":157,"column":3}}]},"1":{"loc":{"start":{"line":151,"column":6},"end":{"line":151,"column":47}},"type":"binary-expr","locations":[{"start":{"line":151,"column":6},"end":{"line":151,"column":30}},{"start":{"line":151,"column":34},"end":{"line":151,"column":47}}]},"2":{"loc":{"start":{"line":155,"column":6},"end":{"line":155,"column":42}},"type":"cond-expr","locations":[{"start":{"line":155,"column":22},"end":{"line":155,"column":28}},{"start":{"line":155,"column":31},"end":{"line":155,"column":42}}]},"3":{"loc":{"start":{"line":166,"column":4},"end":{"line":171,"column":5}},"type":"if","locations":[{"start":{"line":166,"column":4},"end":{"line":171,"column":5}}]},"4":{"loc":{"start":{"line":167,"column":6},"end":{"line":169,"column":7}},"type":"if","locations":[{"start":{"line":167,"column":6},"end":{"line":169,"column":7}}]},"5":{"loc":{"start":{"line":174,"column":4},"end":{"line":184,"column":5}},"type":"if","locations":[{"start":{"line":174,"column":4},"end":{"line":184,"column":5}}]},"6":{"loc":{"start":{"line":175,"column":6},"end":{"line":177,"column":7}},"type":"if","locations":[{"start":{"line":175,"column":6},"end":{"line":177,"column":7}}]},"7":{"loc":{"start":{"line":179,"column":20},"end":{"line":179,"column":70}},"type":"cond-expr","locations":[{"start":{"line":179,"column":47},"end":{"line":179,"column":56}},{"start":{"line":179,"column":59},"end":{"line":179,"column":70}}]},"8":{"loc":{"start":{"line":180,"column":6},"end":{"line":182,"column":7}},"type":"if","locations":[{"start":{"line":180,"column":6},"end":{"line":182,"column":7}}]},"9":{"loc":{"start":{"line":188,"column":25},"end":{"line":188,"column":75}},"type":"cond-expr","locations":[{"start":{"line":188,"column":52},"end":{"line":188,"column":61}},{"start":{"line":188,"column":64},"end":{"line":188,"column":75}}]},"10":{"loc":{"start":{"line":190,"column":4},"end":{"line":196,"column":5}},"type":"if","locations":[{"start":{"line":190,"column":4},"end":{"line":196,"column":5}}]},"11":{"loc":{"start":{"line":199,"column":4},"end":{"line":211,"column":5}},"type":"if","locations":[{"start":{"line":199,"column":4},"end":{"line":211,"column":5}}]},"12":{"loc":{"start":{"line":199,"column":8},"end":{"line":199,"column":47}},"type":"binary-expr","locations":[{"start":{"line":199,"column":8},"end":{"line":199,"column":30}},{"start":{"line":199,"column":34},"end":{"line":199,"column":47}}]},"13":{"loc":{"start":{"line":203,"column":8},"end":{"line":209,"column":9}},"type":"if","locations":[{"start":{"line":203,"column":8},"end":{"line":209,"column":9}}]},"14":{"loc":{"start":{"line":213,"column":4},"end":{"line":229,"column":5}},"type":"if","locations":[{"start":{"line":213,"column":4},"end":{"line":229,"column":5}}]},"15":{"loc":{"start":{"line":215,"column":6},"end":{"line":221,"column":7}},"type":"if","locations":[{"start":{"line":215,"column":6},"end":{"line":221,"column":7}}]},"16":{"loc":{"start":{"line":215,"column":10},"end":{"line":215,"column":50}},"type":"binary-expr","locations":[{"start":{"line":215,"column":10},"end":{"line":215,"column":32}},{"start":{"line":215,"column":36},"end":{"line":215,"column":50}}]},"17":{"loc":{"start":{"line":222,"column":6},"end":{"line":228,"column":7}},"type":"if","locations":[{"start":{"line":222,"column":6},"end":{"line":228,"column":7}}]},"18":{"loc":{"start":{"line":222,"column":10},"end":{"line":222,"column":50}},"type":"binary-expr","locations":[{"start":{"line":222,"column":10},"end":{"line":222,"column":32}},{"start":{"line":222,"column":36},"end":{"line":222,"column":50}}]},"19":{"loc":{"start":{"line":231,"column":4},"end":{"line":240,"column":5}},"type":"if","locations":[{"start":{"line":231,"column":4},"end":{"line":240,"column":5}}]},"20":{"loc":{"start":{"line":231,"column":8},"end":{"line":231,"column":48}},"type":"binary-expr","locations":[{"start":{"line":231,"column":8},"end":{"line":231,"column":31}},{"start":{"line":231,"column":35},"end":{"line":231,"column":48}}]},"21":{"loc":{"start":{"line":233,"column":6},"end":{"line":239,"column":7}},"type":"if","locations":[{"start":{"line":233,"column":6},"end":{"line":239,"column":7}}]},"22":{"loc":{"start":{"line":252,"column":2},"end":{"line":252,"column":36}},"type":"if","locations":[{"start":{"line":252,"column":2},"end":{"line":252,"column":36}}]},"23":{"loc":{"start":{"line":253,"column":2},"end":{"line":253,"column":43}},"type":"if","locations":[{"start":{"line":253,"column":2},"end":{"line":253,"column":43}}]},"24":{"loc":{"start":{"line":261,"column":16},"end":{"line":261,"column":66}},"type":"cond-expr","locations":[{"start":{"line":261,"column":43},"end":{"line":261,"column":52}},{"start":{"line":261,"column":55},"end":{"line":261,"column":66}}]},"25":{"loc":{"start":{"line":264,"column":2},"end":{"line":266,"column":3}},"type":"if","locations":[{"start":{"line":264,"column":2},"end":{"line":266,"column":3}}]},"26":{"loc":{"start":{"line":267,"column":2},"end":{"line":272,"column":3}},"type":"if","locations":[{"start":{"line":267,"column":2},"end":{"line":272,"column":3}}]},"27":{"loc":{"start":{"line":267,"column":6},"end":{"line":267,"column":54}},"type":"binary-expr","locations":[{"start":{"line":267,"column":6},"end":{"line":267,"column":28}},{"start":{"line":267,"column":32},"end":{"line":267,"column":54}}]},"28":{"loc":{"start":{"line":269,"column":4},"end":{"line":269,"column":61}},"type":"if","locations":[{"start":{"line":269,"column":4},"end":{"line":269,"column":61}}]},"29":{"loc":{"start":{"line":270,"column":4},"end":{"line":270,"column":61}},"type":"if","locations":[{"start":{"line":270,"column":4},"end":{"line":270,"column":61}}]},"30":{"loc":{"start":{"line":273,"column":2},"end":{"line":275,"column":3}},"type":"if","locations":[{"start":{"line":273,"column":2},"end":{"line":275,"column":3}}]}},"s":{"0":4,"1":12,"2":12,"3":12,"4":12,"5":12,"6":12,"7":12,"8":4,"9":4,"10":4,"11":16,"12":0,"13":16,"14":16,"15":35,"16":35,"17":6,"18":2,"19":4,"20":29,"21":1,"22":1,"23":0,"24":0,"25":0,"26":0,"27":28,"28":28,"29":28,"30":3,"31":25,"32":16,"33":16,"34":16,"35":10,"36":10,"37":0,"38":25,"39":6,"40":6,"41":0,"42":6,"43":2,"44":23,"45":3,"46":3,"47":2,"48":38,"49":0,"50":38,"51":16,"52":22,"53":3,"54":3,"55":3,"56":1,"57":3,"58":0,"59":0,"60":0,"61":0,"62":0,"63":0,"64":3,"65":0,"66":3},"f":{"0":12,"1":16,"2":38,"3":3},"b":{"0":[0],"1":[16,16],"2":[0,0],"3":[6],"4":[2],"5":[1],"6":[1],"7":[0,0],"8":[0],"9":[3,25],"10":[3],"11":[16],"12":[25,16],"13":[0],"14":[6],"15":[0],"16":[6,5],"17":[2],"18":[6,5],"19":[3],"20":[23,3],"21":[2],"22":[0],"23":[16],"24":[2,1],"25":[1],"26":[0],"27":[3,3],"28":[0],"29":[0],"30":[0]}}
,"C:\\Users\\adam\\OneDrive\\Documents\\projects\\job-harvester\\server\\src\\output\\dedupCache.ts": {"path":"C:\\Users\\adam\\OneDrive\\Documents\\projects\\job-harvester\\server\\src\\output\\dedupCache.ts","statementMap":{"0":{"start":{"line":72,"column":0},"end":{"line":72,"column":16}},"1":{"start":{"line":87,"column":0},"end":{"line":87,"column":16}},"2":{"start":{"line":12,"column":0},"end":{"line":12,"column":24}},"3":{"start":{"line":13,"column":0},"end":{"line":13,"column":20}},"4":{"start":{"line":19,"column":26},"end":{"line":19,"column":63}},"5":{"start":{"line":20,"column":27},"end":{"line":20,"column":47}},"6":{"start":{"line":30,"column":2},"end":{"line":30,"column":49}},"7":{"start":{"line":38,"column":19},"end":{"line":38,"column":40}},"8":{"start":{"line":39,"column":2},"end":{"line":48,"column":3}},"9":{"start":{"line":40,"column":16},"end":{"line":40,"column":50}},"10":{"start":{"line":41,"column":4},"end":{"line":41,"column":39}},"11":{"start":{"line":43,"column":20},"end":{"line":43,"column":48}},"12":{"start":{"line":44,"column":4},"end":{"line":46,"column":5}},"13":{"start":{"line":45,"column":6},"end":{"line":45,"column":16}},"14":{"start":{"line":47,"column":4},"end":{"line":47,"column":14}},"15":{"start":{"line":55,"column":19},"end":{"line":55,"column":40}},"16":{"start":{"line":56,"column":2},"end":{"line":56,"column":46}},"17":{"start":{"line":57,"column":2},"end":{"line":57,"column":68}},"18":{"start":{"line":73,"column":14},"end":{"line":73,"column":43}},"19":{"start":{"line":74,"column":14},"end":{"line":74,"column":26}},"20":{"start":{"line":75,"column":2},"end":{"line":75,"column":29}},"21":{"start":{"line":88,"column":14},"end":{"line":88,"column":43}},"22":{"start":{"line":89,"column":14},"end":{"line":89,"column":26}},"23":{"start":{"line":91,"column":2},"end":{"line":94,"column":3}},"24":{"start":{"line":92,"column":4},"end":{"line":92,"column":20}},"25":{"start":{"line":93,"column":4},"end":{"line":93,"column":23}}},"fnMap":{"0":{"name":"idsFilePath","decl":{"start":{"line":29,"column":9},"end":{"line":29,"column":20}},"loc":{"start":{"line":29,"column":37},"end":{"line":31,"column":1}}},"1":{"name":"readIds","decl":{"start":{"line":37,"column":9},"end":{"line":37,"column":16}},"loc":{"start":{"line":37,"column":33},"end":{"line":49,"column":1}}},"2":{"name":"writeIds","decl":{"start":{"line":54,"column":9},"end":{"line":54,"column":17}},"loc":{"start":{"line":54,"column":49},"end":{"line":58,"column":1}}},"3":{"name":"isProcessed","decl":{"start":{"line":72,"column":16},"end":{"line":72,"column":27}},"loc":{"start":{"line":72,"column":60},"end":{"line":76,"column":1}}},"4":{"name":"markProcessed","decl":{"start":{"line":87,"column":16},"end":{"line":87,"column":29}},"loc":{"start":{"line":87,"column":62},"end":{"line":95,"column":1}}}},"branchMap":{"0":{"loc":{"start":{"line":44,"column":4},"end":{"line":46,"column":5}},"type":"if","locations":[{"start":{"line":44,"column":4},"end":{"line":46,"column":5}}]},"1":{"loc":{"start":{"line":73,"column":14},"end":{"line":73,"column":43}},"type":"binary-expr","locations":[{"start":{"line":73,"column":14},"end":{"line":73,"column":22}},{"start":{"line":73,"column":26},"end":{"line":73,"column":43}}]},"2":{"loc":{"start":{"line":88,"column":14},"end":{"line":88,"column":43}},"type":"binary-expr","locations":[{"start":{"line":88,"column":14},"end":{"line":88,"column":22}},{"start":{"line":88,"column":26},"end":{"line":88,"column":43}}]},"3":{"loc":{"start":{"line":91,"column":2},"end":{"line":94,"column":3}},"type":"if","locations":[{"start":{"line":91,"column":2},"end":{"line":94,"column":3}}]}},"s":{"0":1,"1":1,"2":1,"3":1,"4":1,"5":1,"6":12,"7":10,"8":10,"9":10,"10":6,"11":4,"12":4,"13":4,"14":0,"15":2,"16":2,"17":2,"18":7,"19":7,"20":7,"21":3,"22":3,"23":3,"24":2,"25":2},"f":{"0":12,"1":10,"2":2,"3":7,"4":3},"b":{"0":[4],"1":[7,0],"2":[3,0],"3":[2]}}
,"C:\\Users\\adam\\OneDrive\\Documents\\projects\\job-harvester\\server\\src\\output\\runPersister.ts": {"path":"C:\\Users\\adam\\OneDrive\\Documents\\projects\\job-harvester\\server\\src\\output\\runPersister.ts","statementMap":{"0":{"start":{"line":51,"column":0},"end":{"line":51,"column":16}},"1":{"start":{"line":12,"column":0},"end":{"line":12,"column":24}},"2":{"start":{"line":13,"column":0},"end":{"line":13,"column":20}},"3":{"start":{"line":20,"column":27},"end":{"line":20,"column":64}},"4":{"start":{"line":31,"column":4},"end":{"line":31,"column":19}},"5":{"start":{"line":30,"column":47},"end":{"line":30,"column":62}},"6":{"start":{"line":32,"column":4},"end":{"line":32,"column":35}},"7":{"start":{"line":29,"column":0},"end":{"line":29,"column":13}},"8":{"start":{"line":52,"column":14},"end":{"line":52,"column":45}},"9":{"start":{"line":55,"column":19},"end":{"line":55,"column":42}},"10":{"start":{"line":56,"column":19},"end":{"line":56,"column":58}},"11":{"start":{"line":57,"column":19},"end":{"line":57,"column":43}},"12":{"start":{"line":59,"column":2},"end":{"line":68,"column":3}},"13":{"start":{"line":60,"column":4},"end":{"line":60,"column":43}},"14":{"start":{"line":61,"column":4},"end":{"line":61,"column":71}},"15":{"start":{"line":62,"column":4},"end":{"line":62,"column":20}},"16":{"start":{"line":64,"column":4},"end":{"line":67,"column":6}}},"fnMap":{"0":{"name":"(anonymous_1)","decl":{"start":{"line":30,"column":2},"end":{"line":30,"column":14}},"loc":{"start":{"line":30,"column":62},"end":{"line":33,"column":3}}},"1":{"name":"persistRun","decl":{"start":{"line":51,"column":16},"end":{"line":51,"column":26}},"loc":{"start":{"line":51,"column":70},"end":{"line":69,"column":1}}}},"branchMap":{"0":{"loc":{"start":{"line":52,"column":14},"end":{"line":52,"column":45}},"type":"binary-expr","locations":[{"start":{"line":52,"column":14},"end":{"line":52,"column":23}},{"start":{"line":52,"column":27},"end":{"line":52,"column":45}}]}},"s":{"0":1,"1":1,"2":1,"3":1,"4":1,"5":1,"6":1,"7":1,"8":4,"9":4,"10":4,"11":4,"12":4,"13":4,"14":4,"15":3,"16":1},"f":{"0":1,"1":4},"b":{"0":[4,0]}}
,"C:\\Users\\adam\\OneDrive\\Documents\\projects\\job-harvester\\server\\src\\pipeline\\normalizer.ts": {"path":"C:\\Users\\adam\\OneDrive\\Documents\\projects\\job-harvester\\server\\src\\pipeline\\normalizer.ts","statementMap":{"0":{"start":{"line":162,"column":0},"end":{"line":162,"column":16}},"1":{"start":{"line":18,"column":0},"end":{"line":18,"column":28}},"2":{"start":{"line":29,"column":4},"end":{"line":29,"column":19}},"3":{"start":{"line":30,"column":4},"end":{"line":30,"column":37}},"4":{"start":{"line":27,"column":0},"end":{"line":27,"column":13}},"5":{"start":{"line":43,"column":46},"end":{"line":78,"column":2}},"6":{"start":{"line":89,"column":15},"end":{"line":89,"column":19}},"7":{"start":{"line":90,"column":2},"end":{"line":92,"column":3}},"8":{"start":{"line":91,"column":4},"end":{"line":91,"column":53}},"9":{"start":{"line":93,"column":2},"end":{"line":93,"column":16}},"10":{"start":{"line":103,"column":26},"end":{"line":103,"column":94}},"11":{"start":{"line":104,"column":16},"end":{"line":104,"column":42}},"12":{"start":{"line":105,"column":2},"end":{"line":107,"column":3}},"13":{"start":{"line":106,"column":4},"end":{"line":106,"column":65}},"14":{"start":{"line":108,"column":2},"end":{"line":108,"column":36}},"15":{"start":{"line":116,"column":15},"end":{"line":116,"column":49}},"16":{"start":{"line":118,"column":2},"end":{"line":118,"column":42}},"17":{"start":{"line":119,"column":2},"end":{"line":119,"column":16}},"18":{"start":{"line":126,"column":15},"end":{"line":126,"column":19}},"19":{"start":{"line":129,"column":2},"end":{"line":129,"column":49}},"20":{"start":{"line":130,"column":2},"end":{"line":130,"column":42}},"21":{"start":{"line":133,"column":2},"end":{"line":133,"column":47}},"22":{"start":{"line":134,"column":2},"end":{"line":134,"column":42}},"23":{"start":{"line":137,"column":2},"end":{"line":137,"column":50}},"24":{"start":{"line":138,"column":2},"end":{"line":138,"column":50}},"25":{"start":{"line":140,"column":2},"end":{"line":140,"column":16}},"26":{"start":{"line":147,"column":2},"end":{"line":147,"column":41}},"27":{"start":{"line":164,"column":13},"end":{"line":164,"column":28}},"28":{"start":{"line":167,"column":2},"end":{"line":167,"column":30}},"29":{"start":{"line":170,"column":48},"end":{"line":170,"column":74}},"30":{"start":{"line":171,"column":2},"end":{"line":171,"column":26}},"31":{"start":{"line":174,"column":2},"end":{"line":174,"column":37}},"32":{"start":{"line":177,"column":2},"end":{"line":177,"column":25}},"33":{"start":{"line":180,"column":2},"end":{"line":180,"column":34}},"34":{"start":{"line":183,"column":2},"end":{"line":183,"column":21}},"35":{"start":{"line":185,"column":2},"end":{"line":189,"column":3}},"36":{"start":{"line":186,"column":4},"end":{"line":188,"column":6}},"37":{"start":{"line":191,"column":2},"end":{"line":191,"column":39}}},"fnMap":{"0":{"name":"(anonymous_0)","decl":{"start":{"line":28,"column":2},"end":{"line":28,"column":14}},"loc":{"start":{"line":28,"column":29},"end":{"line":31,"column":3}}},"1":{"name":"repairMojibake","decl":{"start":{"line":88,"column":9},"end":{"line":88,"column":23}},"loc":{"start":{"line":88,"column":36},"end":{"line":94,"column":1}}},"2":{"name":"truncateAtConclusion","decl":{"start":{"line":101,"column":9},"end":{"line":101,"column":29}},"loc":{"start":{"line":101,"column":42},"end":{"line":109,"column":1}}},"3":{"name":"stripTags","decl":{"start":{"line":114,"column":9},"end":{"line":114,"column":18}},"loc":{"start":{"line":114,"column":31},"end":{"line":120,"column":1}}},"4":{"name":"convertStructuralTags","decl":{"start":{"line":125,"column":9},"end":{"line":125,"column":30}},"loc":{"start":{"line":125,"column":43},"end":{"line":141,"column":1}}},"5":{"name":"collapseBlankLines","decl":{"start":{"line":146,"column":9},"end":{"line":146,"column":27}},"loc":{"start":{"line":146,"column":40},"end":{"line":148,"column":1}}},"6":{"name":"normalizeJobHtml","decl":{"start":{"line":162,"column":16},"end":{"line":162,"column":32}},"loc":{"start":{"line":162,"column":48},"end":{"line":192,"column":1}}}},"branchMap":{"0":{"loc":{"start":{"line":105,"column":2},"end":{"line":107,"column":3}},"type":"if","locations":[{"start":{"line":105,"column":2},"end":{"line":107,"column":3}}]},"1":{"loc":{"start":{"line":185,"column":2},"end":{"line":189,"column":3}},"type":"if","locations":[{"start":{"line":185,"column":2},"end":{"line":189,"column":3}}]}},"s":{"0":2,"1":2,"2":4,"3":4,"4":2,"5":2,"6":13,"7":13,"8":351,"9":13,"10":13,"11":13,"12":13,"13":3,"14":10,"15":13,"16":13,"17":13,"18":13,"19":13,"20":13,"21":13,"22":13,"23":13,"24":13,"25":13,"26":13,"27":13,"28":13,"29":13,"30":13,"31":13,"32":13,"33":13,"34":13,"35":13,"36":3,"37":10},"f":{"0":4,"1":13,"2":13,"3":13,"4":13,"5":13,"6":13},"b":{"0":[3],"1":[3]}}
,"C:\\Users\\adam\\OneDrive\\Documents\\projects\\job-harvester\\server\\src\\pipeline\\orchestrator.ts": {"path":"C:\\Users\\adam\\OneDrive\\Documents\\projects\\job-harvester\\server\\src\\pipeline\\orchestrator.ts","statementMap":{"0":{"start":{"line":62,"column":0},"end":{"line":62,"column":7}},"1":{"start":{"line":101,"column":0},"end":{"line":101,"column":16}},"2":{"start":{"line":151,"column":0},"end":{"line":151,"column":16}},"3":{"start":{"line":190,"column":0},"end":{"line":190,"column":7}},"4":{"start":{"line":240,"column":0},"end":{"line":240,"column":16}},"5":{"start":{"line":290,"column":0},"end":{"line":290,"column":7}},"6":{"start":{"line":350,"column":0},"end":{"line":350,"column":7}},"7":{"start":{"line":16,"column":0},"end":{"line":16,"column":43}},"8":{"start":{"line":17,"column":0},"end":{"line":17,"column":66}},"9":{"start":{"line":18,"column":0},"end":{"line":18,"column":49}},"10":{"start":{"line":19,"column":0},"end":{"line":19,"column":50}},"11":{"start":{"line":20,"column":0},"end":{"line":20,"column":44}},"12":{"start":{"line":21,"column":0},"end":{"line":21,"column":66}},"13":{"start":{"line":22,"column":0},"end":{"line":22,"column":52}},"14":{"start":{"line":23,"column":0},"end":{"line":23,"column":60}},"15":{"start":{"line":24,"column":0},"end":{"line":24,"column":60}},"16":{"start":{"line":25,"column":0},"end":{"line":25,"column":47}},"17":{"start":{"line":48,"column":23},"end":{"line":48,"column":37}},"18":{"start":{"line":66,"column":2},"end":{"line":66,"column":48}},"19":{"start":{"line":68,"column":2},"end":{"line":68,"column":63}},"20":{"start":{"line":70,"column":29},"end":{"line":70,"column":51}},"21":{"start":{"line":72,"column":2},"end":{"line":79,"column":3}},"22":{"start":{"line":73,"column":4},"end":{"line":77,"column":7}},"23":{"start":{"line":78,"column":4},"end":{"line":78,"column":63}},"24":{"start":{"line":81,"column":30},"end":{"line":85,"column":4}},"25":{"start":{"line":87,"column":2},"end":{"line":87,"column":53}},"26":{"start":{"line":88,"column":2},"end":{"line":88,"column":68}},"27":{"start":{"line":90,"column":2},"end":{"line":90,"column":36}},"28":{"start":{"line":106,"column":2},"end":{"line":111,"column":5}},"29":{"start":{"line":113,"column":2},"end":{"line":113,"column":68}},"30":{"start":{"line":115,"column":17},"end":{"line":115,"column":41}},"31":{"start":{"line":117,"column":2},"end":{"line":124,"column":3}},"32":{"start":{"line":118,"column":4},"end":{"line":122,"column":7}},"33":{"start":{"line":123,"column":4},"end":{"line":123,"column":63}},"34":{"start":{"line":126,"column":2},"end":{"line":129,"column":3}},"35":{"start":{"line":127,"column":4},"end":{"line":127,"column":50}},"36":{"start":{"line":128,"column":4},"end":{"line":128,"column":67}},"37":{"start":{"line":131,"column":30},"end":{"line":135,"column":4}},"38":{"start":{"line":137,"column":2},"end":{"line":137,"column":53}},"39":{"start":{"line":138,"column":2},"end":{"line":138,"column":68}},"40":{"start":{"line":140,"column":2},"end":{"line":140,"column":28}},"41":{"start":{"line":155,"column":2},"end":{"line":155,"column":53}},"42":{"start":{"line":157,"column":43},"end":{"line":157,"column":45}},"43":{"start":{"line":159,"column":2},"end":{"line":173,"column":3}},"44":{"start":{"line":160,"column":4},"end":{"line":172,"column":5}},"45":{"start":{"line":161,"column":39},"end":{"line":167,"column":8}},"46":{"start":{"line":168,"column":6},"end":{"line":168,"column":65}},"47":{"start":{"line":169,"column":6},"end":{"line":169,"column":78}},"48":{"start":{"line":171,"column":6},"end":{"line":171,"column":30}},"49":{"start":{"line":175,"column":18},"end":{"line":175,"column":52}},"50":{"start":{"line":176,"column":2},"end":{"line":178,"column":3}},"51":{"start":{"line":177,"column":4},"end":{"line":177,"column":79}},"52":{"start":{"line":180,"column":2},"end":{"line":180,"column":23}},"53":{"start":{"line":196,"column":2},"end":{"line":196,"column":71}},"54":{"start":{"line":198,"column":2},"end":{"line":198,"column":73}},"55":{"start":{"line":200,"column":17},"end":{"line":200,"column":61}},"56":{"start":{"line":202,"column":2},"end":{"line":209,"column":3}},"57":{"start":{"line":203,"column":4},"end":{"line":207,"column":7}},"58":{"start":{"line":208,"column":4},"end":{"line":208,"column":63}},"59":{"start":{"line":211,"column":2},"end":{"line":214,"column":3}},"60":{"start":{"line":212,"column":4},"end":{"line":212,"column":50}},"61":{"start":{"line":213,"column":4},"end":{"line":213,"column":67}},"62":{"start":{"line":216,"column":30},"end":{"line":220,"column":4}},"63":{"start":{"line":222,"column":2},"end":{"line":222,"column":53}},"64":{"start":{"line":223,"column":2},"end":{"line":228,"column":5}},"65":{"start":{"line":230,"column":2},"end":{"line":230,"column":28}},"66":{"start":{"line":245,"column":2},"end":{"line":248,"column":5}},"67":{"start":{"line":250,"column":2},"end":{"line":250,"column":63}},"68":{"start":{"line":252,"column":17},"end":{"line":252,"column":43}},"69":{"start":{"line":254,"column":2},"end":{"line":264,"column":3}},"70":{"start":{"line":255,"column":4},"end":{"line":259,"column":7}},"71":{"start":{"line":260,"column":4},"end":{"line":263,"column":7}},"72":{"start":{"line":266,"column":2},"end":{"line":269,"column":3}},"73":{"start":{"line":267,"column":4},"end":{"line":267,"column":50}},"74":{"start":{"line":268,"column":4},"end":{"line":268,"column":67}},"75":{"start":{"line":271,"column":30},"end":{"line":275,"column":4}},"76":{"start":{"line":277,"column":2},"end":{"line":277,"column":53}},"77":{"start":{"line":278,"column":2},"end":{"line":278,"column":68}},"78":{"start":{"line":280,"column":2},"end":{"line":280,"column":28}},"79":{"start":{"line":295,"column":2},"end":{"line":295,"column":61}},"80":{"start":{"line":297,"column":2},"end":{"line":297,"column":63}},"81":{"start":{"line":299,"column":17},"end":{"line":299,"column":47}},"82":{"start":{"line":301,"column":2},"end":{"line":311,"column":3}},"83":{"start":{"line":302,"column":4},"end":{"line":306,"column":7}},"84":{"start":{"line":307,"column":4},"end":{"line":310,"column":7}},"85":{"start":{"line":313,"column":2},"end":{"line":316,"column":3}},"86":{"start":{"line":314,"column":4},"end":{"line":314,"column":50}},"87":{"start":{"line":315,"column":4},"end":{"line":315,"column":67}},"88":{"start":{"line":318,"column":30},"end":{"line":322,"column":4}},"89":{"start":{"line":324,"column":2},"end":{"line":324,"column":53}},"90":{"start":{"line":325,"column":2},"end":{"line":328,"column":5}},"91":{"start":{"line":330,"column":2},"end":{"line":330,"column":28}},"92":{"start":{"line":357,"column":2},"end":{"line":357,"column":58}},"93":{"start":{"line":359,"column":24},"end":{"line":359,"column":55}},"94":{"start":{"line":360,"column":24},"end":{"line":360,"column":43}},"95":{"start":{"line":365,"column":37},"end":{"line":369,"column":4}},"96":{"start":{"line":374,"column":38},"end":{"line":374,"column":40}},"97":{"start":{"line":375,"column":41},"end":{"line":375,"column":43}},"98":{"start":{"line":376,"column":20},"end":{"line":376,"column":30}},"99":{"start":{"line":381,"column":13},"end":{"line":381,"column":52}},"100":{"start":{"line":382,"column":28},"end":{"line":382,"column":30}},"101":{"start":{"line":383,"column":2},"end":{"line":383,"column":31}},"102":{"start":{"line":389,"column":2},"end":{"line":400,"column":3}},"103":{"start":{"line":390,"column":15},"end":{"line":390,"column":57}},"104":{"start":{"line":391,"column":4},"end":{"line":391,"column":36}},"105":{"start":{"line":392,"column":4},"end":{"line":392,"column":33}},"106":{"start":{"line":393,"column":4},"end":{"line":393,"column":48}},"107":{"start":{"line":395,"column":4},"end":{"line":398,"column":5}},"108":{"start":{"line":396,"column":6},"end":{"line":396,"column":64}},"109":{"start":{"line":397,"column":6},"end":{"line":397,"column":27}},"110":{"start":{"line":399,"column":4},"end":{"line":399,"column":14}},"111":{"start":{"line":405,"column":24},"end":{"line":405,"column":61}},"112":{"start":{"line":407,"column":2},"end":{"line":417,"column":3}},"113":{"start":{"line":408,"column":4},"end":{"line":416,"column":5}},"114":{"start":{"line":409,"column":6},"end":{"line":415,"column":9}},"115":{"start":{"line":422,"column":13},"end":{"line":426,"column":null}},"116":{"start":{"line":428,"column":2},"end":{"line":428,"column":31}},"117":{"start":{"line":429,"column":2},"end":{"line":429,"column":46}},"118":{"start":{"line":434,"column":13},"end":{"line":434,"column":65}},"119":{"start":{"line":435,"column":2},"end":{"line":435,"column":31}},"120":{"start":{"line":436,"column":2},"end":{"line":436,"column":46}},"121":{"start":{"line":441,"column":13},"end":{"line":441,"column":71}},"122":{"start":{"line":442,"column":2},"end":{"line":442,"column":31}},"123":{"start":{"line":443,"column":2},"end":{"line":443,"column":46}},"124":{"start":{"line":448,"column":25},"end":{"line":448,"column":47}},"125":{"start":{"line":450,"column":22},"end":{"line":452,"column":null}},"126":{"start":{"line":451,"column":17},"end":{"line":451,"column":37}},"127":{"start":{"line":454,"column":24},"end":{"line":456,"column":null}},"128":{"start":{"line":455,"column":17},"end":{"line":455,"column":39}},"129":{"start":{"line":459,"column":21},"end":{"line":459,"column":59}},"130":{"start":{"line":460,"column":21},"end":{"line":460,"column":59}},"131":{"start":{"line":462,"column":33},"end":{"line":470,"column":4}},"132":{"start":{"line":475,"column":2},"end":{"line":477,"column":3}},"133":{"start":{"line":476,"column":4},"end":{"line":476,"column":26}},"134":{"start":{"line":478,"column":2},"end":{"line":478,"column":74}},"135":{"start":{"line":483,"column":36},"end":{"line":490,"column":4}},"136":{"start":{"line":495,"column":2},"end":{"line":495,"column":21}},"137":{"start":{"line":496,"column":2},"end":{"line":496,"column":58}},"138":{"start":{"line":501,"column":29},"end":{"line":511,"column":5}},"139":{"start":{"line":501,"column":64},"end":{"line":511,"column":4}},"140":{"start":{"line":513,"column":2},"end":{"line":513,"column":77}},"141":{"start":{"line":515,"column":2},"end":{"line":520,"column":5}},"142":{"start":{"line":525,"column":2},"end":{"line":525,"column":16}}},"fnMap":{"0":{"name":"executeStage1","decl":{"start":{"line":62,"column":22},"end":{"line":62,"column":35}},"loc":{"start":{"line":64,"column":20},"end":{"line":91,"column":1}}},"1":{"name":"executeStage2","decl":{"start":{"line":101,"column":16},"end":{"line":101,"column":29}},"loc":{"start":{"line":104,"column":20},"end":{"line":141,"column":1}}},"2":{"name":"executeDedupCheck","decl":{"start":{"line":151,"column":16},"end":{"line":151,"column":33}},"loc":{"start":{"line":153,"column":20},"end":{"line":181,"column":1}}},"3":{"name":"executeStage3","decl":{"start":{"line":190,"column":22},"end":{"line":190,"column":35}},"loc":{"start":{"line":194,"column":20},"end":{"line":231,"column":1}}},"4":{"name":"executeStage4","decl":{"start":{"line":240,"column":16},"end":{"line":240,"column":29}},"loc":{"start":{"line":243,"column":20},"end":{"line":281,"column":1}}},"5":{"name":"executeStage5","decl":{"start":{"line":290,"column":22},"end":{"line":290,"column":35}},"loc":{"start":{"line":293,"column":20},"end":{"line":331,"column":1}}},"6":{"name":"runPipeline","decl":{"start":{"line":350,"column":22},"end":{"line":350,"column":33}},"loc":{"start":{"line":352,"column":20},"end":{"line":526,"column":1}}},"7":{"name":"(anonymous_7)","decl":{"start":{"line":451,"column":4},"end":{"line":451,"column":5}},"loc":{"start":{"line":451,"column":17},"end":{"line":451,"column":37}}},"8":{"name":"(anonymous_8)","decl":{"start":{"line":455,"column":4},"end":{"line":455,"column":5}},"loc":{"start":{"line":455,"column":17},"end":{"line":455,"column":39}}},"9":{"name":"(anonymous_9)","decl":{"start":{"line":501,"column":54},"end":{"line":501,"column":55}},"loc":{"start":{"line":501,"column":64},"end":{"line":511,"column":4}}}},"branchMap":{"0":{"loc":{"start":{"line":108,"column":14},"end":{"line":108,"column":40}},"type":"binary-expr","locations":[{"start":{"line":108,"column":14},"end":{"line":108,"column":29}},{"start":{"line":108,"column":33},"end":{"line":108,"column":40}}]},"1":{"loc":{"start":{"line":110,"column":13},"end":{"line":110,"column":38}},"type":"binary-expr","locations":[{"start":{"line":110,"column":13},"end":{"line":110,"column":27}},{"start":{"line":110,"column":31},"end":{"line":110,"column":38}}]},"2":{"loc":{"start":{"line":160,"column":4},"end":{"line":172,"column":5}},"type":"if","locations":[{"start":{"line":160,"column":4},"end":{"line":172,"column":5}},{"start":{"line":170,"column":11},"end":{"line":172,"column":5}}]},"3":{"loc":{"start":{"line":176,"column":2},"end":{"line":178,"column":3}},"type":"if","locations":[{"start":{"line":176,"column":2},"end":{"line":178,"column":3}}]},"4":{"loc":{"start":{"line":224,"column":19},"end":{"line":224,"column":51}},"type":"binary-expr","locations":[{"start":{"line":224,"column":19},"end":{"line":224,"column":46}},{"start":{"line":224,"column":50},"end":{"line":224,"column":51}}]},"5":{"loc":{"start":{"line":225,"column":18},"end":{"line":225,"column":49}},"type":"binary-expr","locations":[{"start":{"line":225,"column":18},"end":{"line":225,"column":44}},{"start":{"line":225,"column":48},"end":{"line":225,"column":49}}]},"6":{"loc":{"start":{"line":226,"column":12},"end":{"line":226,"column":44}},"type":"binary-expr","locations":[{"start":{"line":226,"column":12},"end":{"line":226,"column":39}},{"start":{"line":226,"column":43},"end":{"line":226,"column":44}}]},"7":{"loc":{"start":{"line":227,"column":13},"end":{"line":227,"column":48}},"type":"binary-expr","locations":[{"start":{"line":227,"column":13},"end":{"line":227,"column":43}},{"start":{"line":227,"column":47},"end":{"line":227,"column":48}}]},"8":{"loc":{"start":{"line":326,"column":12},"end":{"line":326,"column":44}},"type":"binary-expr","locations":[{"start":{"line":326,"column":12},"end":{"line":326,"column":39}},{"start":{"line":326,"column":43},"end":{"line":326,"column":44}}]},"9":{"loc":{"start":{"line":327,"column":13},"end":{"line":327,"column":48}},"type":"binary-expr","locations":[{"start":{"line":327,"column":13},"end":{"line":327,"column":43}},{"start":{"line":327,"column":47},"end":{"line":327,"column":48}}]},"10":{"loc":{"start":{"line":395,"column":4},"end":{"line":398,"column":5}},"type":"if","locations":[{"start":{"line":395,"column":4},"end":{"line":398,"column":5}}]},"11":{"loc":{"start":{"line":408,"column":4},"end":{"line":416,"column":5}},"type":"if","locations":[{"start":{"line":408,"column":4},"end":{"line":416,"column":5}}]},"12":{"loc":{"start":{"line":459,"column":21},"end":{"line":459,"column":59}},"type":"binary-expr","locations":[{"start":{"line":459,"column":21},"end":{"line":459,"column":54}},{"start":{"line":459,"column":58},"end":{"line":459,"column":59}}]},"13":{"loc":{"start":{"line":460,"column":21},"end":{"line":460,"column":59}},"type":"binary-expr","locations":[{"start":{"line":460,"column":21},"end":{"line":460,"column":54}},{"start":{"line":460,"column":58},"end":{"line":460,"column":59}}]},"14":{"loc":{"start":{"line":468,"column":19},"end":{"line":468,"column":54}},"type":"binary-expr","locations":[{"start":{"line":468,"column":19},"end":{"line":468,"column":49}},{"start":{"line":468,"column":53},"end":{"line":468,"column":54}}]},"15":{"loc":{"start":{"line":469,"column":18},"end":{"line":469,"column":52}},"type":"binary-expr","locations":[{"start":{"line":469,"column":18},"end":{"line":469,"column":47}},{"start":{"line":469,"column":51},"end":{"line":469,"column":52}}]}},"s":{"0":1,"1":1,"2":1,"3":1,"4":1,"5":1,"6":1,"7":1,"8":1,"9":1,"10":1,"11":1,"12":1,"13":1,"14":1,"15":1,"16":1,"17":1,"18":8,"19":8,"20":8,"21":8,"22":8,"23":8,"24":8,"25":8,"26":8,"27":8,"28":8,"29":8,"30":8,"31":7,"32":8,"33":8,"34":7,"35":1,"36":1,"37":7,"38":7,"39":7,"40":7,"41":7,"42":7,"43":7,"44":8,"45":1,"46":1,"47":1,"48":7,"49":7,"50":7,"51":1,"52":7,"53":7,"54":7,"55":7,"56":7,"57":7,"58":7,"59":7,"60":1,"61":1,"62":7,"63":7,"64":7,"65":7,"66":7,"67":7,"68":7,"69":7,"70":7,"71":7,"72":7,"73":0,"74":0,"75":7,"76":7,"77":7,"78":7,"79":7,"80":7,"81":7,"82":7,"83":7,"84":7,"85":7,"86":0,"87":0,"88":7,"89":7,"90":7,"91":7,"92":8,"93":8,"94":8,"95":8,"96":8,"97":8,"98":8,"99":8,"100":8,"101":8,"102":8,"103":8,"104":7,"105":7,"106":7,"107":1,"108":1,"109":1,"110":1,"111":7,"112":7,"113":8,"114":1,"115":7,"116":7,"117":7,"118":7,"119":7,"120":7,"121":7,"122":7,"123":7,"124":7,"125":7,"126":35,"127":7,"128":35,"129":7,"130":7,"131":7,"132":7,"133":7,"134":7,"135":7,"136":7,"137":7,"138":7,"139":7,"140":7,"141":7,"142":7},"f":{"0":8,"1":8,"2":7,"3":7,"4":7,"5":7,"6":8,"7":35,"8":35,"9":7},"b":{"0":[8,0],"1":[8,0],"2":[1,7],"3":[1],"4":[7,0],"5":[7,0],"6":[7,0],"7":[7,0],"8":[7,0],"9":[7,0],"10":[1],"11":[1],"12":[7,0],"13":[7,0],"14":[7,0],"15":[7,0]}}
,"C:\\Users\\adam\\OneDrive\\Documents\\projects\\job-harvester\\server\\src\\pipeline\\stage1-fetch.ts": {"path":"C:\\Users\\adam\\OneDrive\\Documents\\projects\\job-harvester\\server\\src\\pipeline\\stage1-fetch.ts","statementMap":{"0":{"start":{"line":45,"column":0},"end":{"line":45,"column":7}},"1":{"start":{"line":21,"column":4},"end":{"line":21,"column":19}},"2":{"start":{"line":22,"column":4},"end":{"line":22,"column":29}},"3":{"start":{"line":19,"column":0},"end":{"line":19,"column":13}},"4":{"start":{"line":46,"column":14},"end":{"line":46,"column":85}},"5":{"start":{"line":49,"column":2},"end":{"line":55,"column":3}},"6":{"start":{"line":50,"column":4},"end":{"line":50,"column":32}},"7":{"start":{"line":52,"column":4},"end":{"line":54,"column":6}},"8":{"start":{"line":57,"column":2},"end":{"line":61,"column":3}},"9":{"start":{"line":58,"column":4},"end":{"line":60,"column":6}},"10":{"start":{"line":64,"column":2},"end":{"line":70,"column":3}},"11":{"start":{"line":65,"column":4},"end":{"line":65,"column":33}},"12":{"start":{"line":67,"column":4},"end":{"line":69,"column":6}},"13":{"start":{"line":72,"column":2},"end":{"line":76,"column":3}},"14":{"start":{"line":73,"column":4},"end":{"line":75,"column":6}},"15":{"start":{"line":78,"column":2},"end":{"line":82,"column":3}},"16":{"start":{"line":79,"column":4},"end":{"line":81,"column":6}},"17":{"start":{"line":88,"column":26},"end":{"line":132,"column":null}},"18":{"start":{"line":91,"column":27},"end":{"line":91,"column":36}},"19":{"start":{"line":94,"column":6},"end":{"line":110,"column":7}},"20":{"start":{"line":99,"column":8},"end":{"line":100,"column":26}},"21":{"start":{"line":101,"column":13},"end":{"line":110,"column":7}},"22":{"start":{"line":104,"column":10},"end":{"line":106,"column":18}},"23":{"start":{"line":107,"column":8},"end":{"line":109,"column":9}},"24":{"start":{"line":108,"column":10},"end":{"line":108,"column":38}},"25":{"start":{"line":113,"column":25},"end":{"line":113,"column":34}},"26":{"start":{"line":114,"column":6},"end":{"line":121,"column":7}},"27":{"start":{"line":119,"column":8},"end":{"line":120,"column":26}},"28":{"start":{"line":123,"column":6},"end":{"line":131,"column":8}},"29":{"start":{"line":135,"column":2},"end":{"line":138,"column":4}}},"fnMap":{"0":{"name":"(anonymous_0)","decl":{"start":{"line":20,"column":2},"end":{"line":20,"column":14}},"loc":{"start":{"line":20,"column":29},"end":{"line":23,"column":3}}},"1":{"name":"fetchJobs","decl":{"start":{"line":45,"column":22},"end":{"line":45,"column":31}},"loc":{"start":{"line":45,"column":45},"end":{"line":139,"column":1}}},"2":{"name":"(anonymous_2)","decl":{"start":{"line":89,"column":4},"end":{"line":89,"column":5}},"loc":{"start":{"line":89,"column":20},"end":{"line":132,"column":5}}}},"branchMap":{"0":{"loc":{"start":{"line":57,"column":2},"end":{"line":61,"column":3}},"type":"if","locations":[{"start":{"line":57,"column":2},"end":{"line":61,"column":3}}]},"1":{"loc":{"start":{"line":72,"column":2},"end":{"line":76,"column":3}},"type":"if","locations":[{"start":{"line":72,"column":2},"end":{"line":76,"column":3}}]},"2":{"loc":{"start":{"line":78,"column":2},"end":{"line":82,"column":3}},"type":"if","locations":[{"start":{"line":78,"column":2},"end":{"line":82,"column":3}}]},"3":{"loc":{"start":{"line":94,"column":6},"end":{"line":110,"column":7}},"type":"if","locations":[{"start":{"line":94,"column":6},"end":{"line":110,"column":7}},{"start":{"line":101,"column":13},"end":{"line":110,"column":7}}]},"4":{"loc":{"start":{"line":95,"column":8},"end":{"line":97,"column":76}},"type":"binary-expr","locations":[{"start":{"line":95,"column":8},"end":{"line":95,"column":30}},{"start":{"line":96,"column":8},"end":{"line":96,"column":42}},{"start":{"line":97,"column":8},"end":{"line":97,"column":76}}]},"5":{"loc":{"start":{"line":101,"column":13},"end":{"line":110,"column":7}},"type":"if","locations":[{"start":{"line":101,"column":13},"end":{"line":110,"column":7}}]},"6":{"loc":{"start":{"line":101,"column":17},"end":{"line":101,"column":77}},"type":"binary-expr","locations":[{"start":{"line":101,"column":17},"end":{"line":101,"column":47}},{"start":{"line":101,"column":51},"end":{"line":101,"column":77}}]},"7":{"loc":{"start":{"line":104,"column":10},"end":{"line":106,"column":18}},"type":"cond-expr","locations":[{"start":{"line":105,"column":15},"end":{"line":105,"column":61}},{"start":{"line":106,"column":14},"end":{"line":106,"column":18}}]},"8":{"loc":{"start":{"line":104,"column":10},"end":{"line":104,"column":79}},"type":"binary-expr","locations":[{"start":{"line":104,"column":10},"end":{"line":104,"column":48}},{"start":{"line":104,"column":52},"end":{"line":104,"column":79}}]},"9":{"loc":{"start":{"line":107,"column":8},"end":{"line":109,"column":9}},"type":"if","locations":[{"start":{"line":107,"column":8},"end":{"line":109,"column":9}}]},"10":{"loc":{"start":{"line":107,"column":12},"end":{"line":107,"column":51}},"type":"binary-expr","locations":[{"start":{"line":107,"column":12},"end":{"line":107,"column":17}},{"start":{"line":107,"column":21},"end":{"line":107,"column":51}}]},"11":{"loc":{"start":{"line":114,"column":6},"end":{"line":121,"column":7}},"type":"if","locations":[{"start":{"line":114,"column":6},"end":{"line":121,"column":7}}]},"12":{"loc":{"start":{"line":115,"column":8},"end":{"line":117,"column":74}},"type":"binary-expr","locations":[{"start":{"line":115,"column":8},"end":{"line":115,"column":28}},{"start":{"line":116,"column":8},"end":{"line":116,"column":40}},{"start":{"line":117,"column":8},"end":{"line":117,"column":74}}]},"13":{"loc":{"start":{"line":124,"column":12},"end":{"line":124,"column":51}},"type":"cond-expr","locations":[{"start":{"line":124,"column":41},"end":{"line":124,"column":47}},{"start":{"line":124,"column":50},"end":{"line":124,"column":51}}]},"14":{"loc":{"start":{"line":125,"column":15},"end":{"line":125,"column":69}},"type":"cond-expr","locations":[{"start":{"line":125,"column":47},"end":{"line":125,"column":56}},{"start":{"line":125,"column":59},"end":{"line":125,"column":69}}]},"15":{"loc":{"start":{"line":126,"column":17},"end":{"line":126,"column":67}},"type":"cond-expr","locations":[{"start":{"line":126,"column":51},"end":{"line":126,"column":62}},{"start":{"line":126,"column":65},"end":{"line":126,"column":67}}]},"16":{"loc":{"start":{"line":130,"column":10},"end":{"line":130,"column":70}},"type":"cond-expr","locations":[{"start":{"line":130,"column":49},"end":{"line":130,"column":65}},{"start":{"line":130,"column":68},"end":{"line":130,"column":70}}]}},"s":{"0":2,"1":6,"2":6,"3":2,"4":10,"5":10,"6":10,"7":1,"8":9,"9":2,"10":7,"11":7,"12":1,"13":6,"14":1,"15":5,"16":1,"17":4,"18":11,"19":11,"20":11,"21":0,"22":0,"23":0,"24":0,"25":11,"26":11,"27":11,"28":11,"29":4},"f":{"0":6,"1":10,"2":11},"b":{"0":[2],"1":[1],"2":[1],"3":[11,0],"4":[11,11,11],"5":[0],"6":[0,0],"7":[0,0],"8":[0,0],"9":[0],"10":[0,0],"11":[11],"12":[11,11,11],"13":[11,0],"14":[11,0],"15":[11,0],"16":[11,0]}}
,"C:\\Users\\adam\\OneDrive\\Documents\\projects\\job-harvester\\server\\src\\pipeline\\stage2-filter.ts": {"path":"C:\\Users\\adam\\OneDrive\\Documents\\projects\\job-harvester\\server\\src\\pipeline\\stage2-filter.ts","statementMap":{"0":{"start":{"line":62,"column":0},"end":{"line":62,"column":16}},"1":{"start":{"line":22,"column":4},"end":{"line":22,"column":19}},"2":{"start":{"line":23,"column":4},"end":{"line":23,"column":38}},"3":{"start":{"line":20,"column":0},"end":{"line":20,"column":13}},"4":{"start":{"line":35,"column":2},"end":{"line":42,"column":4}},"5":{"start":{"line":66,"column":34},"end":{"line":66,"column":36}},"6":{"start":{"line":67,"column":32},"end":{"line":67,"column":34}},"7":{"start":{"line":69,"column":2},"end":{"line":130,"column":3}},"8":{"start":{"line":71,"column":4},"end":{"line":84,"column":5}},"9":{"start":{"line":72,"column":26},"end":{"line":72,"column":57}},"10":{"start":{"line":73,"column":29},"end":{"line":73,"column":58}},"11":{"start":{"line":74,"column":6},"end":{"line":83,"column":7}},"12":{"start":{"line":75,"column":8},"end":{"line":81,"column":11}},"13":{"start":{"line":82,"column":8},"end":{"line":82,"column":17}},"14":{"start":{"line":87,"column":4},"end":{"line":102,"column":5}},"15":{"start":{"line":88,"column":28},"end":{"line":88,"column":61}},"16":{"start":{"line":89,"column":32},"end":{"line":90,"column":null}},"17":{"start":{"line":90,"column":15},"end":{"line":90,"column":48}},"18":{"start":{"line":92,"column":6},"end":{"line":101,"column":7}},"19":{"start":{"line":93,"column":8},"end":{"line":99,"column":11}},"20":{"start":{"line":100,"column":8},"end":{"line":100,"column":17}},"21":{"start":{"line":105,"column":4},"end":{"line":126,"column":5}},"22":{"start":{"line":106,"column":23},"end":{"line":109,"column":38}},"23":{"start":{"line":108,"column":21},"end":{"line":108,"column":44}},"24":{"start":{"line":109,"column":24},"end":{"line":109,"column":37}},"25":{"start":{"line":111,"column":6},"end":{"line":125,"column":7}},"26":{"start":{"line":112,"column":25},"end":{"line":112,"column":48}},"27":{"start":{"line":113,"column":27},"end":{"line":113,"column":71}},"28":{"start":{"line":113,"column":49},"end":{"line":113,"column":70}},"29":{"start":{"line":115,"column":8},"end":{"line":124,"column":9}},"30":{"start":{"line":116,"column":10},"end":{"line":122,"column":13}},"31":{"start":{"line":123,"column":10},"end":{"line":123,"column":19}},"32":{"start":{"line":129,"column":4},"end":{"line":129,"column":36}},"33":{"start":{"line":132,"column":2},"end":{"line":136,"column":3}},"34":{"start":{"line":133,"column":4},"end":{"line":135,"column":6}},"35":{"start":{"line":138,"column":2},"end":{"line":138,"column":30}}},"fnMap":{"0":{"name":"(anonymous_0)","decl":{"start":{"line":21,"column":2},"end":{"line":21,"column":14}},"loc":{"start":{"line":21,"column":29},"end":{"line":24,"column":3}}},"1":{"name":"toFilteredJob","decl":{"start":{"line":34,"column":9},"end":{"line":34,"column":22}},"loc":{"start":{"line":34,"column":34},"end":{"line":43,"column":1}}},"2":{"name":"filterJobs","decl":{"start":{"line":62,"column":16},"end":{"line":62,"column":26}},"loc":{"start":{"line":64,"column":22},"end":{"line":139,"column":1}}},"3":{"name":"(anonymous_3)","decl":{"start":{"line":90,"column":8},"end":{"line":90,"column":9}},"loc":{"start":{"line":90,"column":15},"end":{"line":90,"column":48}}},"4":{"name":"(anonymous_4)","decl":{"start":{"line":108,"column":13},"end":{"line":108,"column":14}},"loc":{"start":{"line":108,"column":21},"end":{"line":108,"column":44}}},"5":{"name":"(anonymous_5)","decl":{"start":{"line":109,"column":16},"end":{"line":109,"column":17}},"loc":{"start":{"line":109,"column":24},"end":{"line":109,"column":37}}},"6":{"name":"(anonymous_6)","decl":{"start":{"line":113,"column":41},"end":{"line":113,"column":42}},"loc":{"start":{"line":113,"column":49},"end":{"line":113,"column":70}}}},"branchMap":{"0":{"loc":{"start":{"line":71,"column":4},"end":{"line":84,"column":5}},"type":"if","locations":[{"start":{"line":71,"column":4},"end":{"line":84,"column":5}}]},"1":{"loc":{"start":{"line":74,"column":6},"end":{"line":83,"column":7}},"type":"if","locations":[{"start":{"line":74,"column":6},"end":{"line":83,"column":7}}]},"2":{"loc":{"start":{"line":87,"column":4},"end":{"line":102,"column":5}},"type":"if","locations":[{"start":{"line":87,"column":4},"end":{"line":102,"column":5}}]},"3":{"loc":{"start":{"line":92,"column":6},"end":{"line":101,"column":7}},"type":"if","locations":[{"start":{"line":92,"column":6},"end":{"line":101,"column":7}}]},"4":{"loc":{"start":{"line":105,"column":4},"end":{"line":126,"column":5}},"type":"if","locations":[{"start":{"line":105,"column":4},"end":{"line":126,"column":5}}]},"5":{"loc":{"start":{"line":111,"column":6},"end":{"line":125,"column":7}},"type":"if","locations":[{"start":{"line":111,"column":6},"end":{"line":125,"column":7}}]},"6":{"loc":{"start":{"line":115,"column":8},"end":{"line":124,"column":9}},"type":"if","locations":[{"start":{"line":115,"column":8},"end":{"line":124,"column":9}}]},"7":{"loc":{"start":{"line":132,"column":2},"end":{"line":136,"column":3}},"type":"if","locations":[{"start":{"line":132,"column":2},"end":{"line":136,"column":3}}]}},"s":{"0":1,"1":2,"2":2,"3":1,"4":15,"5":15,"6":15,"7":15,"8":33,"9":14,"10":14,"11":14,"12":6,"13":6,"14":27,"15":13,"16":13,"17":13,"18":13,"19":5,"20":5,"21":22,"22":18,"23":39,"24":39,"25":18,"26":18,"27":18,"28":31,"29":18,"30":7,"31":7,"32":15,"33":15,"34":2,"35":13},"f":{"0":2,"1":15,"2":15,"3":13,"4":39,"5":39,"6":31},"b":{"0":[14],"1":[6],"2":[13],"3":[5],"4":[18],"5":[18],"6":[7],"7":[2]}}
,"C:\\Users\\adam\\OneDrive\\Documents\\projects\\job-harvester\\server\\src\\pipeline\\stage3-extractor.ts": {"path":"C:\\Users\\adam\\OneDrive\\Documents\\projects\\job-harvester\\server\\src\\pipeline\\stage3-extractor.ts","statementMap":{"0":{"start":{"line":127,"column":0},"end":{"line":127,"column":7}},"1":{"start":{"line":20,"column":0},"end":{"line":20,"column":48}},"2":{"start":{"line":21,"column":0},"end":{"line":21,"column":53}},"3":{"start":{"line":22,"column":0},"end":{"line":22,"column":58}},"4":{"start":{"line":23,"column":0},"end":{"line":23,"column":52}},"5":{"start":{"line":46,"column":16},"end":{"line":46,"column":36}},"6":{"start":{"line":47,"column":67},"end":{"line":47,"column":69}},"7":{"start":{"line":49,"column":22},"end":{"line":49,"column":24}},"8":{"start":{"line":50,"column":30},"end":{"line":50,"column":32}},"9":{"start":{"line":52,"column":2},"end":{"line":64,"column":3}},"10":{"start":{"line":53,"column":25},"end":{"line":53,"column":50}},"11":{"start":{"line":54,"column":4},"end":{"line":63,"column":5}},"12":{"start":{"line":56,"column":6},"end":{"line":58,"column":7}},"13":{"start":{"line":57,"column":8},"end":{"line":57,"column":73}},"14":{"start":{"line":59,"column":6},"end":{"line":59,"column":45}},"15":{"start":{"line":60,"column":6},"end":{"line":60,"column":23}},"16":{"start":{"line":62,"column":6},"end":{"line":62,"column":29}},"17":{"start":{"line":66,"column":2},"end":{"line":68,"column":3}},"18":{"start":{"line":67,"column":4},"end":{"line":67,"column":69}},"19":{"start":{"line":71,"column":2},"end":{"line":88,"column":3}},"20":{"start":{"line":72,"column":24},"end":{"line":72,"column":52}},"21":{"start":{"line":73,"column":20},"end":{"line":74,"column":null}},"22":{"start":{"line":74,"column":19},"end":{"line":74,"column":62}},"23":{"start":{"line":76,"column":4},"end":{"line":76,"column":27}},"24":{"start":{"line":76,"column":18},"end":{"line":76,"column":27}},"25":{"start":{"line":79,"column":28},"end":{"line":79,"column":30}},"26":{"start":{"line":80,"column":4},"end":{"line":86,"column":5}},"27":{"start":{"line":81,"column":22},"end":{"line":81,"column":37}},"28":{"start":{"line":82,"column":26},"end":{"line":82,"column":53}},"29":{"start":{"line":83,"column":6},"end":{"line":85,"column":7}},"30":{"start":{"line":84,"column":8},"end":{"line":84,"column":42}},"31":{"start":{"line":87,"column":4},"end":{"line":87,"column":17}},"32":{"start":{"line":90,"column":2},"end":{"line":90,"column":12}},"33":{"start":{"line":101,"column":2},"end":{"line":112,"column":15}},"34":{"start":{"line":132,"column":33},"end":{"line":132,"column":35}},"35":{"start":{"line":133,"column":34},"end":{"line":133,"column":36}},"36":{"start":{"line":135,"column":22},"end":{"line":135,"column":23}},"37":{"sta
[...]
,"C:\\Users\\adam\\OneDrive\\Documents\\projects\\job-harvester\\server\\src\\pipeline\\stage4-gap-filter.ts": {"path":"C:\\Users\\adam\\OneDrive\\Documents\\projects\\job-harvester\\server\\src\\pipeline\\stage4-gap-filter.ts","statementMap":{"0":{"start":{"line":45,"column":0},"end":{"line":45,"column":16}},"1":{"start":{"line":77,"column":0},"end":{"line":77,"column":16}},"2":{"start":{"line":109,"column":0},"end":{"line":109,"column":16}},"3":{"start":{"line":46,"column":19},"end":{"line":46,"column":44}},"4":{"start":{"line":49,"column":2},"end":{"line":51,"column":3}},"5":{"start":{"line":50,"column":4},"end":{"line":50,"column":16}},"6":{"start":{"line":54,"column":2},"end":{"line":61,"column":3}},"7":{"start":{"line":55,"column":4},"end":{"line":60,"column":5}},"8":{"start":{"line":56,"column":25},"end":{"line":56,"column":44}},"9":{"start":{"line":57,"column":6},"end":{"line":59,"column":7}},"10":{"start":{"line":58,"column":8},"end":{"line":58,"column":20}},"11":{"start":{"line":63,"column":2},"end":{"line":63,"column":15}},"12":{"start":{"line":81,"column":2},"end":{"line":83,"column":3}},"13":{"start":{"line":82,"column":4},"end":{"line":82,"column":13}},"14":{"start":{"line":85,"column":23},"end":{"line":85,"column":24}},"15":{"start":{"line":87,"column":2},"end":{"line":92,"column":3}},"16":{"start":{"line":88,"column":20},"end":{"line":88,"column":66}},"17":{"start":{"line":88,"column":43},"end":{"line":88,"column":65}},"18":{"start":{"line":89,"column":4},"end":{"line":91,"column":5}},"19":{"start":{"line":90,"column":6},"end":{"line":90,"column":23}},"20":{"start":{"line":94,"column":2},"end":{"line":94,"column":43}},"21":{"start":{"line":113,"column":29},"end":{"line":113,"column":31}},"22":{"start":{"line":114,"column":34},"end":{"line":114,"column":36}},"23":{"start":{"line":116,"column":2},"end":{"line":156,"column":3}},"24":{"start":{"line":117,"column":22},"end":{"line":117,"column":49}},"25":{"start":{"line":118,"column":19},"end":{"line":118,"column":33}},"26":{"start":{"line":120,"column":21},"end":{"line":120,"column":55}},"27":{"start":{"line":123,"column":36},"end":{"line":123,"column":38}},"28":{"start":{"line":124,"column":38},"end":{"line":124,"column":40}},"29":{"start":{"line":126,"column":4},"end":{"line":133,"column":5}},"30":{"start":{"line":127,"column":22},"end":{"line":127,"column":68}},"31":{"start":{"line":127,"column":45},"end":{"line":127,"column":67}},"32":{"start":{"line":128,"column":6},"end":{"line":132,"column":7}},"33":{"start":{"line":129,"column":8},"end":{"line":129,"column":32}},"34":{"start":{"line":131,"column":8},"end":{"line":131,"column":34}},"35":{"start":{"line":135,"column":4},"end":{"line":155,"column":5}},"36":{"start":{"line":137,"column":8},"end":{"line":139,"column":106}},"37":{"start":{"line":141,"column":6},"end":{"line":147,"column":9}},"38":{"start":{"line":149,"column":6},"end":{"line":154,"column":9}},"39":{"start":{"line":158,"column":2},"end":{"line":158,"column":30}}},"fnMap":{"0":{"name":"matchSkill","decl":{"start":{"line":45,"column":16},"end":{"line":45,"column":26}},"loc":{"start":{"line":45,"column":64},"end":{"line":64,"column":1}}},"1":{"name":"computeGapRatio","decl":{"start":{"line":77,"column":16},"end":{"line":77,"column":31}},"loc":{"start":{"line":79,"column":21},"end":{"line":95,"column":1}}},"2":{"name":"(anonymous_2)","decl":{"start":{"line":88,"column":32},"end":{"line":88,"column":33}},"loc":{"start":{"line":88,"column":43},"end":{"line":88,"column":65}}},"3":{"name":"filterByGap","decl":{"start":{"line":109,"column":16},"end":{"line":109,"column":27}},"loc":{"start":{"line":111,"column":24},"end":{"line":159,"column":1}}},"4":{"name":"(anonymous_4)","decl":{"start":{"line":127,"column":34},"end":{"line":127,"column":35}},"loc":{"start":{"line":127,"column":45},"end":{"line":127,"column":67}}}},"branchMap":{"0":{"loc":{"start":{"line":49,"column":2},"end":{"line":51,"column":3}},"type":"if","locations":[{"start":{"line":49,"column":2},"end":{"line":51,"column":3}}]},"1":{"loc":{"start":{"line":49,"column":6},"end":{"line":49,"column":96}},"type":"binary-expr","locations":[{"start":{"line":49,"column":6},"end":{"line":49,"column":49}},{"start":{"line":49,"column":53},"end":{"line":49,"column":96}}]},"2":{"loc":{"start":{"line":54,"column":2},"end":{"line":61,"column":3}},"type":"if","locations":[{"start":{"line":54,"column":2},"end":{"line":61,"column":3}}]},"3":{"loc":{"start":{"line":57,"column":6},"end":{"line":59,"column":7}},"type":"if","locations":[{"start":{"line":57,"column":6},"end":{"line":59,"column":7}}]},"4":{"loc":{"start":{"line":57,"column":10},"end":{"line":57,"column":72}},"type":"binary-expr","locations":[{"start":{"line":57,"column":10},"end":{"line":57,"column":39}},{"start":{"line":57,"column":43},"end":{"line":57,"column":72}}]},"5":{"loc":{"start":{"line":81,"column":2},"end":{"line":83,"column":3}},"type":"if","locations":[{"start":{"line":81,"column":2},"end":{"line":83,"column":3}}]},"6":{"loc":{"start":{"line":89,"column":4},"end":{"line":91,"column":5}},"type":"if","locations":[{"start":{"line":89,"column":4},"end":{"line":91,"column":5}}]},"7":{"loc":{"start":{"line":128,"column":6},"end":{"line":132,"column":7}},"type":"if","locations":[{"start":{"line":128,"column":6},"end":{"line":132,"column":7}},{"start":{"line":130,"column":13},"end":{"line":132,"column":7}}]},"8":{"loc":{"start":{"line":135,"column":4},"end":{"line":155,"column":5}},"type":"if","locations":[{"start":{"line":135,"column":4},"end":{"line":155,"column":5}},{"start":{"line":148,"column":11},"end":{"line":155,"column":5}}]},"9":{"loc":{"start":{"line":137,"column":8},"end":{"line":139,"column":106}},"type":"cond-expr","locations":[{"start":{"line":138,"column":12},"end":{"line":138,"column":159}},{"start":{"line":139,"column":12},"end":{"line":139,"column":106}}]}},"s":{"0":1,"1":1,"2":1,"3":164,"4":164,"5":22,"6":142,"7":2,"8":2,"9":2,"10":2,"11":140,"12":9,"13":1,"14":8,"15":8,"16":24,"17":98,"18":24,"19":13,"20":8,"21":5,"22":5,"23":5,"24":5,"25":5,"26":5,"27":5,"28":5,"29":5,"30":14,"31":58,"32":14,"33":6,"34":8,"35":5,"36":4,"37":4,"38":1,"39":5},"f":{"0":164,"1":9,"2":98,"3":5,"4":58},"b":{"0":[22],"1":[164,142],"2":[2],"3":[2],"4":[2,0],"5":[1],"6":[13],"7":[6,8],"8":[4,1],"9":[4,0]}}
,"C:\\Users\\adam\\OneDrive\\Documents\\projects\\job-harvester\\server\\src\\pipeline\\stage5-scorer.ts": {"path":"C:\\Users\\adam\\OneDrive\\Documents\\projects\\job-harvester\\server\\src\\pipeline\\stage5-scorer.ts","statementMap":{"0":{"start":{"line":84,"column":0},"end":{"line":84,"column":7}},"1":{"start":{"line":11,"column":0},"end":{"line":11,"column":53}},"2":{"start":{"line":12,"column":0},"end":{"line":12,"column":53}},"3":{"start":{"line":13,"column":0},"end":{"line":13,"column":52}},"4":{"start":{"line":34,"column":21},"end":{"line":36,"column":15}},"5":{"start":{"line":35,"column":16},"end":{"line":35,"column":47}},"6":{"start":{"line":38,"column":2},"end":{"line":70,"column":15}},"7":{"start":{"line":88,"column":34},"end":{"line":88,"column":36}},"8":{"start":{"line":89,"column":34},"end":{"line":89,"column":36}},"9":{"start":{"line":91,"column":31},"end":{"line":91,"column":32}},"10":{"start":{"line":92,"column":35},"end":{"line":92,"column":36}},"11":{"start":{"line":93,"column":22},"end":{"line":93,"column":23}},"12":{"start":{"line":95,"column":2},"end":{"line":129,"column":3}},"13":{"start":{"line":96,"column":19},"end":{"line":96,"column":51}},"14":{"start":{"line":97,"column":4},"end":{"line":97,"column":20}},"15":{"start":{"line":99,"column":4},"end":{"line":128,"column":5}},"16":{"start":{"line":100,"column":23},"end":{"line":104,"column":8}},"17":{"start":{"line":106,"column":21},"end":{"line":106,"column":null}},"18":{"start":{"line":111,"column":6},"end":{"line":111,"column":60}},"19":{"start":{"line":112,"column":6},"end":{"line":112,"column":68}},"20":{"start":{"line":114,"column":6},"end":{"line":118,"column":9}},"21":{"start":{"line":120,"column":22},"end":{"line":120,"column":70}},"22":{"start":{"line":121,"column":6},"end":{"line":127,"column":9}},"23":{"start":{"line":135,"column":2},"end":{"line":135,"column":47}},"24":{"start":{"line":135,"column":28},"end":{"line":135,"column":45}},"25":{"start":{"line":141,"column":22},"end":{"line":141,"column":73}},"26":{"start":{"line":142,"column":15},"end":{"line":145,"column":4}},"27":{"start":{"line":147,"column":2},"end":{"line":157,"column":4}}},"fnMap":{"0":{"name":"buildScoringPrompt","decl":{"start":{"line":33,"column":9},"end":{"line":33,"column":27}},"loc":{"start":{"line":33,"column":65},"end":{"line":71,"column":1}}},"1":{"name":"(anonymous_1)","decl":{"start":{"line":35,"column":9},"end":{"line":35,"column":10}},"loc":{"start":{"line":35,"column":16},"end":{"line":35,"column":47}}},"2":{"name":"scoreJobs","decl":{"start":{"line":84,"column":22},"end":{"line":84,"column":31}},"loc":{"start":{"line":86,"column":24},"end":{"line":158,"column":1}}},"3":{"name":"(anonymous_3)","decl":{"start":{"line":135,"column":18},"end":{"line":135,"column":19}},"loc":{"start":{"line":135,"column":28},"end":{"line":135,"column":45}}}},"branchMap":{"0":{"loc":{"start":{"line":48,"column":19},"end":{"line":48,"column":69}},"type":"binary-expr","locations":[{"start":{"line":48,"column":19},"end":{"line":48,"column":57}},{"start":{"line":48,"column":61},"end":{"line":48,"column":69}}]},"1":{"loc":{"start":{"line":49,"column":22},"end":{"line":49,"column":75}},"type":"binary-expr","locations":[{"start":{"line":49,"column":22},"end":{"line":49,"column":63}},{"start":{"line":49,"column":67},"end":{"line":49,"column":75}}]},"2":{"loc":{"start":{"line":53,"column":23},"end":{"line":53,"column":63}},"type":"binary-expr","locations":[{"start":{"line":53,"column":23},"end":{"line":53,"column":51}},{"start":{"line":53,"column":55},"end":{"line":53,"column":63}}]},"3":{"loc":{"start":{"line":54,"column":25},"end":{"line":54,"column":67}},"type":"binary-expr","locations":[{"start":{"line":54,"column":25},"end":{"line":54,"column":55}},{"start":{"line":54,"column":59},"end":{"line":54,"column":67}}]},"4":{"loc":{"start":{"line":120,"column":22},"end":{"line":120,"column":70}},"type":"cond-expr","locations":[{"start":{"line":120,"column":45},"end":{"line":120,"column":56}},{"start":{"line":120,"column":59},"end":{"line":120,"column":70}}]}},"s":{"0":1,"1":1,"2":1,"3":1,"4":11,"5":55,"6":11,"7":6,"8":6,"9":6,"10":6,"11":6,"12":6,"13":11,"14":11,"15":11,"16":11,"17":7,"18":7,"19":7,"20":7,"21":4,"22":4,"23":6,"24":3,"25":6,"26":6,"27":6},"f":{"0":11,"1":55,"2":6,"3":3},"b":{"0":[11,0],"1":[11,0],"2":[11,0],"3":[11,11],"4":[4,0]}}
,"C:\\Users\\adam\\OneDrive\\Documents\\projects\\job-harvester\\server\\src\\routes\\discover.ts": {"path":"C:\\Users\\adam\\OneDrive\\Documents\\projects\\job-harvester\\server\\src\\routes\\discover.ts","statementMap":{"0":{"start":{"line":12,"column":0},"end":{"line":12,"column":62}},"1":{"start":{"line":13,"column":0},"end":{"line":13,"column":65}},"2":{"start":{"line":15,"column":15},"end":{"line":15,"column":23}},"3":{"start":{"line":21,"column":0},"end":{"line":43,"column":3}},"4":{"start":{"line":22,"column":20},"end":{"line":22,"column":30}},"5":{"start":{"line":24,"column":2},"end":{"line":42,"column":3}},"6":{"start":{"line":25,"column":21},"end":{"line":25,"column":53}},"7":{"start":{"line":27,"column":22},"end":{"line":29,"column":13}},"8":{"start":{"line":27,"column":50},"end":{"line":27,"column":65}},"9":{"start":{"line":28,"column":24},"end":{"line":28,"column":42}},"10":{"start":{"line":31,"column":24},"end":{"line":33,"column":13}},"11":{"start":{"line":31,"column":52},"end":{"line":31,"column":69}},"12":{"start":{"line":32,"column":24},"end":{"line":32,"column":42}},"13":{"start":{"line":35,"column":4},"end":{"line":35,"column":41}},"14":{"start":{"line":37,"column":4},"end":{"line":41,"column":5}},"15":{"start":{"line":38,"column":6},"end":{"line":38,"column":83}},"16":{"start":{"line":40,"column":6},"end":{"line":40,"column":84}},"17":{"start":{"line":45,"column":0},"end":{"line":45,"column":22}}},"fnMap":{"0":{"name":"(anonymous_0)","decl":{"start":{"line":21,"column":31},"end":{"line":21,"column":36}},"loc":{"start":{"line":21,"column":69},"end":{"line":43,"column":1}}},"1":{"name":"(anonymous_1)","decl":{"start":{"line":27,"column":43},"end":{"line":27,"column":44}},"loc":{"start":{"line":27,"column":50},"end":{"line":27,"column":65}}},"2":{"name":"(anonymous_2)","decl":{"start":{"line":28,"column":14},"end":{"line":28,"column":15}},"loc":{"start":{"line":28,"column":24},"end":{"line":28,"column":42}}},"3":{"name":"(anonymous_3)","decl":{"start":{"line":31,"column":45},"end":{"line":31,"column":46}},"loc":{"start":{"line":31,"column":52},"end":{"line":31,"column":69}}},"4":{"name":"(anonymous_4)","decl":{"start":{"line":32,"column":14},"end":{"line":32,"column":15}},"loc":{"start":{"line":32,"column":24},"end":{"line":32,"column":42}}}},"branchMap":{"0":{"loc":{"start":{"line":37,"column":4},"end":{"line":41,"column":5}},"type":"if","locations":[{"start":{"line":37,"column":4},"end":{"line":41,"column":5}},{"start":{"line":39,"column":11},"end":{"line":41,"column":5}}]}},"s":{"0":1,"1":1,"2":1,"3":1,"4":4,"5":4,"6":4,"7":2,"8":6,"9":5,"10":2,"11":6,"12":5,"13":2,"14":2,"15":2,"16":0,"17":1},"f":{"0":4,"1":6,"2":5,"3":6,"4":5},"b":{"0":[2,0]}}
,"C:\\Users\\adam\\OneDrive\\Documents\\projects\\job-harvester\\server\\src\\utils\\logger.ts": {"path":"C:\\Users\\adam\\OneDrive\\Documents\\projects\\job-harvester\\server\\src\\utils\\logger.ts","statementMap":{"0":{"start":{"line":109,"column":9},"end":{"line":109,"column":21}},"1":{"start":{"line":52,"column":2},"end":{"line":52,"column":34}},"2":{"start":{"line":56,"column":2},"end":{"line":56,"column":61}},"3":{"start":{"line":56,"column":51},"end":{"line":56,"column":61}},"4":{"start":{"line":57,"column":16},"end":{"line":58,"column":null}},"5":{"start":{"line":58,"column":16},"end":{"line":58,"column":71}},"6":{"start":{"line":60,"column":2},"end":{"line":60,"column":32}},"7":{"start":{"line":64,"column":2},"end":{"line":106,"column":4}},"8":{"start":{"line":66,"column":17},"end":{"line":66,"column":25}},"9":{"start":{"line":67,"column":20},"end":{"line":67,"column":40}},"10":{"start":{"line":68,"column":6},"end":{"line":68,"column":83}},"11":{"start":{"line":72,"column":17},"end":{"line":72,"column":25}},"12":{"start":{"line":73,"column":21},"end":{"line":73,"column":60}},"13":{"start":{"line":74,"column":20},"end":{"line":74,"column":40}},"14":{"start":{"line":75,"column":6},"end":{"line":75,"column":84}},"15":{"start":{"line":79,"column":17},"end":{"line":79,"column":25}},"16":{"start":{"line":80,"column":20},"end":{"line":80,"column":40}},"17":{"start":{"line":81,"column":6},"end":{"line":83,"column":8}},"18":{"start":{"line":87,"column":17},"end":{"line":87,"column":25}},"19":{"start":{"line":88,"column":19},"end":{"line":88,"column":86}},"20":{"start":{"line":89,"column":20},"end":{"line":89,"column":41}},"21":{"start":{"line":90,"column":6},"end":{"line":92,"column":8}},"22":{"start":{"line":96,"column":17},"end":{"line":96,"column":25}},"23":{"start":{"line":97,"column":20},"end":{"line":97,"column":40}},"24":{"start":{"line":98,"column":6},"end":{"line":98,"column":68}},"25":{"start":{"line":102,"column":17},"end":{"line":102,"column":25}},"26":{"start":{"line":103,"column":20},"end":{"line":103,"column":40}},"27":{"start":{"line":104,"column":6},"end":{"line":104,"column":69}}},"fnMap":{"0":{"name":"isoNow","decl":{"start":{"line":51,"column":9},"end":{"line":51,"column":15}},"loc":{"start":{"line":51,"column":15},"end":{"line":53,"column":1}}},"1":{"name":"formatDetail","decl":{"start":{"line":55,"column":9},"end":{"line":55,"column":21}},"loc":{"start":{"line":55,"column":54},"end":{"line":61,"column":1}}},"2":{"name":"(anonymous_2)","decl":{"start":{"line":58,"column":4},"end":{"line":58,"column":5}},"loc":{"start":{"line":58,"column":16},"end":{"line":58,"column":71}}},"3":{"name":"createLogger","decl":{"start":{"line":63,"column":9},"end":{"line":63,"column":21}},"loc":{"start":{"line":63,"column":21},"end":{"line":107,"column":1}}},"4":{"name":"(anonymous_4)","decl":{"start":{"line":65,"column":4},"end":{"line":65,"column":14}},"loc":{"start":{"line":65,"column":35},"end":{"line":69,"column":5}}},"5":{"name":"(anonymous_5)","decl":{"start":{"line":71,"column":4},"end":{"line":71,"column":17}},"loc":{"start":{"line":71,"column":49},"end":{"line":76,"column":5}}},"6":{"name":"(anonymous_6)","decl":{"start":{"line":78,"column":4},"end":{"line":78,"column":12}},"loc":{"start":{"line":78,"column":44},"end":{"line":84,"column":5}}},"7":{"name":"(anonymous_7)","decl":{"start":{"line":86,"column":4},"end":{"line":86,"column":9}},"loc":{"start":{"line":86,"column":29},"end":{"line":93,"column":5}}},"8":{"name":"(anonymous_8)","decl":{"start":{"line":95,"column":4},"end":{"line":95,"column":8}},"loc":{"start":{"line":95,"column":24},"end":{"line":99,"column":5}}},"9":{"name":"(anonymous_9)","decl":{"start":{"line":101,"column":4},"end":{"line":101,"column":8}},"loc":{"start":{"line":101,"column":24},"end":{"line":105,"column":5}}}},"branchMap":{"0":{"loc":{"start":{"line":56,"column":2},"end":{"line":56,"column":61}},"type":"if","locations":[{"start":{"line":56,"column":2},"end":{"line":56,"column":61}}]},"1":{"loc":{"start":{"line":56,"column":6},"end":{"line":56,"column":49}},"type":"binary-expr","locations":[{"start":{"line":56,"column":6},"end":{"line":56,"column":13}},{"start":{"line":56,"column":17},"end":{"line":56,"column":49}}]},"2":{"loc":{"start":{"line":58,"column":24},"end":{"line":58,"column":69}},"type":"cond-expr","locations":[{"start":{"line":58,"column":48},"end":{"line":58,"column":49}},{"start":{"line":58,"column":52},"end":{"line":58,"column":69}}]},"3":{"loc":{"start":{"line":88,"column":19},"end":{"line":88,"column":86}},"type":"cond-expr","locations":[{"start":{"line":88,"column":54},"end":{"line":88,"column":81}},{"start":{"line":88,"column":84},"end":{"line":88,"column":86}}]}},"s":{"0":1,"1":151,"2":151,"3":23,"4":128,"5":223,"6":128,"7":1,"8":37,"9":37,"10":37,"11":36,"12":36,"13":36,"14":36,"15":40,"16":40,"17":40,"18":1,"19":1,"20":1,"21":1,"22":37,"23":37,"24":37,"25":0,"26":0,"27":0},"f":{"0":151,"1":151,"2":223,"3":1,"4":37,"5":36,"6":40,"7":1,"8":37,"9":0},"b":{"0":[23],"1":[151,128],"2":[79,144],"3":[1,0]}}
}
