TN:
SF:src\config\companyConfig.ts
FN:16,assertString
FN:42,loadCompanyConfig
FNF:2
FNH:2
FNDA:10,assertString
FNDA:11,loadCompanyConfig
DA:9,1
DA:10,1
DA:11,1
DA:21,10
DA:22,1
DA:26,9
DA:27,1
DA:42,1
DA:43,11
DA:51,11
DA:52,11
DA:54,1
DA:60,10
DA:61,10
DA:63,0
DA:69,10
DA:72,8
DA:73,1
DA:77,7
DA:78,1
DA:82,6
DA:83,1
DA:90,5
DA:94,5
DA:97,5
DA:98,1
DA:102,4
DA:104,4
DA:108,1
DA:113,3
DA:117,1
DA:122,2
LF:32
LH:31
BRDA:21,0,0,1
BRDA:21,1,0,10
BRDA:21,1,1,9
BRDA:26,2,0,1
BRDA:72,3,0,1
BRDA:72,4,0,8
BRDA:72,4,1,7
BRDA:77,5,0,1
BRDA:82,6,0,1
BRDA:90,7,0,4
BRDA:90,7,1,1
BRDA:94,8,0,4
BRDA:94,8,1,1
BRDA:97,9,0,1
BRDA:97,10,0,5
BRDA:97,10,1,4
BRDA:104,11,0,1
BRDA:105,12,0,4
BRDA:105,12,1,3
BRDA:113,13,0,1
BRDA:114,14,0,3
BRDA:114,14,1,2
BRF:22
BRH:22
end_of_record
TN:
SF:src\config\skillsProfile.ts
FN:20,loadSkillsProfile
FN:113,(anonymous_10)
FNF:2
FNH:2
FNDA:14,loadSkillsProfile
FNDA:5,(anonymous_10)
DA:9,1
DA:10,1
DA:11,1
DA:20,1
DA:21,14
DA:24,14
DA:25,14
DA:27,1
DA:33,13
DA:34,13
DA:36,0
DA:42,13
DA:43,1
DA:47,12
DA:48,0
DA:52,12
DA:53,1
DA:59,11
DA:60,11
DA:61,17
DA:62,17
DA:63,1
DA:67,16
DA:73,1
DA:78,15
DA:79,4
DA:80,1
DA:84,3
DA:85,4
DA:86,1
DA:95,7
DA:96,1
DA:100,6
DA:101,1
DA:105,5
DA:106,5
DA:107,2
DA:112,3
DA:113,5
LF:39
LH:37
BRDA:42,0,0,1
BRDA:42,1,0,13
BRDA:42,1,1,12
BRDA:47,2,0,0
BRDA:52,3,0,1
BRDA:62,4,0,1
BRDA:67,5,0,1
BRDA:68,6,0,16
BRDA:68,6,1,16
BRDA:78,7,0,4
BRDA:78,8,0,15
BRDA:78,8,1,4
BRDA:79,9,0,1
BRDA:85,10,0,1
BRDA:95,11,0,1
BRDA:95,12,0,7
BRDA:95,12,1,6
BRDA:100,13,0,1
BRDA:106,14,0,2
BRDA:106,15,0,5
BRDA:106,15,1,4
BRDA:116,16,0,1
BRDA:116,16,1,4
BRDA:116,17,0,5
BRDA:116,17,1,2
BRF:25
BRH:24
end_of_record
TN:
SF:src\config\types.ts
FN:22,(anonymous_0)
FNF:1
FNH:1
FNDA:20,(anonymous_0)
DA:21,2
DA:23,20
DA:24,20
LF:3
LH:3
BRF:0
BRH:0
end_of_record
TN:
SF:src\llm\costEstimator.ts
FN:43,estimateCost
FN:57,round
FNF:2
FNH:2
FNDA:21,estimateCost
FNDA:63,round
DA:15,3
DA:16,3
DA:43,3
DA:44,21
DA:45,21
DA:47,21
DA:58,63
LF:7
LH:7
BRF:0
BRH:0
end_of_record
TN:
SF:src\llm\deepseekClient.ts
FN:40,(anonymous_1)
FN:31,(anonymous_2)
FN:72,(anonymous_3)
FN:79,(anonymous_4)
FN:84,(anonymous_5)
FN:99,createClient
FN:133,callDeepSeek
FN:218,resetClient
FN:227,setMockClient
FNF:9
FNH:9
FNDA:4,(anonymous_1)
FNDA:5,(anonymous_2)
FNDA:3,(anonymous_3)
FNDA:7,(anonymous_4)
FNDA:6,(anonymous_5)
FNDA:2,createClient
FNDA:7,callDeepSeek
FNDA:8,resetClient
FNDA:4,setMockClient
DA:19,3
DA:20,3
DA:21,3
DA:27,3
DA:32,5
DA:33,5
DA:34,5
DA:35,5
DA:40,7
DA:69,3
DA:73,3
DA:80,7
DA:81,7
DA:82,7
DA:83,6
DA:84,6
DA:86,7
DA:94,3
DA:100,2
DA:101,2
DA:102,1
DA:108,1
DA:118,3
DA:133,3
DA:139,7
DA:141,7
DA:142,6
DA:143,6
DA:145,6
DA:147,6
DA:148,0
DA:150,6
DA:154,6
DA:155,6
DA:162,1
DA:164,1
DA:167,1
DA:171,5
DA:172,5
DA:174,5
DA:175,0
DA:180,5
DA:181,5
DA:183,0
DA:191,5
DA:194,4
DA:200,4
DA:201,4
DA:208,4
DA:218,3
DA:219,8
DA:227,3
DA:228,4
LF:53
LH:50
BRDA:31,0,0,0
BRDA:82,1,0,6
BRDA:101,2,0,1
BRDA:136,3,0,7
BRDA:141,4,0,7
BRDA:141,4,1,2
BRDA:142,5,0,6
BRDA:142,5,1,6
BRDA:143,6,0,6
BRDA:143,6,1,6
BRDA:147,7,0,0
BRDA:162,8,0,1
BRDA:162,8,1,0
BRDA:164,9,0,0
BRDA:164,9,1,1
BRDA:164,10,0,1
BRDA:164,10,1,1
BRDA:164,10,2,1
BRDA:174,11,0,0
BRDA:195,12,0,4
BRDA:195,12,1,0
BRDA:196,13,0,4
BRDA:196,13,1,0
BRF:23
BRH:16
end_of_record
TN:
SF:src\llm\schemaValidator.ts
FN:26,(anonymous_0)
FN:146,validateSchema
FN:251,getJsonType
FN:260,describeExpectedType
FNF:4
FNH:4
FNDA:12,(anonymous_0)
FNDA:16,validateSchema
FNDA:38,getJsonType
FNDA:3,describeExpectedType
DA:16,4
DA:27,12
DA:28,12
DA:29,12
DA:30,12
DA:31,12
DA:32,12
DA:35,12
DA:84,4
DA:116,4
DA:146,4
DA:151,16
DA:152,0
DA:159,16
DA:162,16
DA:163,35
DA:166,35
DA:167,6
DA:168,2
DA:170,4
DA:174,29
DA:175,1
DA:176,1
DA:179,0
DA:180,0
DA:181,0
DA:183,0
DA:187,28
DA:188,28
DA:190,28
DA:191,3
DA:199,25
DA:200,16
DA:201,16
DA:202,10
DA:203,10
DA:204,0
DA:213,25
DA:214,6
DA:215,6
DA:216,0
DA:222,6
DA:223,2
DA:231,23
DA:232,3
DA:233,3
DA:234,2
DA:252,38
DA:253,38
DA:254,22
DA:261,3
DA:262,3
DA:264,3
DA:265,1
DA:267,3
DA:268,0
DA:269,0
DA:270,0
DA:271,0
DA:273,3
DA:274,0
DA:276,3
LF:62
LH:50
BRDA:151,0,0,0
BRDA:151,1,0,16
BRDA:151,1,1,16
BRDA:155,2,0,0
BRDA:155,2,1,0
BRDA:166,3,0,6
BRDA:167,4,0,2
BRDA:174,5,0,1
BRDA:175,6,0,1
BRDA:179,7,0,0
BRDA:179,7,1,0
BRDA:180,8,0,0
BRDA:188,9,0,3
BRDA:188,9,1,25
BRDA:190,10,0,3
BRDA:199,11,0,16
BRDA:199,12,0,25
BRDA:199,12,1,16
BRDA:203,13,0,0
BRDA:213,14,0,6
BRDA:215,15,0,0
BRDA:215,16,0,6
BRDA:215,16,1,5
BRDA:222,17,0,2
BRDA:222,18,0,6
BRDA:222,18,1,5
BRDA:231,19,0,3
BRDA:231,20,0,23
BRDA:231,20,1,3
BRDA:233,21,0,2
BRDA:252,22,0,0
BRDA:253,23,0,16
BRDA:261,24,0,2
BRDA:261,24,1,1
BRDA:264,25,0,1
BRDA:267,26,0,0
BRDA:267,27,0,3
BRDA:267,27,1,3
BRDA:269,28,0,0
BRDA:270,29,0,0
BRDA:273,30,0,0
BRF:41
BRH:28
end_of_record
TN:
SF:src\output\dedupCache.ts
FN:29,idsFilePath
FN:37,readIds
FN:54,writeIds
FN:72,isProcessed
FN:87,markProcessed
FNF:5
FNH:5
FNDA:12,idsFilePath
FNDA:10,readIds
FNDA:2,writeIds
FNDA:7,isProcessed
FNDA:3,markProcessed
DA:12,1
DA:13,1
DA:19,1
DA:20,1
DA:30,12
DA:38,10
DA:39,10
DA:40,10
DA:41,6
DA:43,4
DA:44,4
DA:45,4
DA:47,0
DA:55,2
DA:56,2
DA:57,2
DA:72,1
DA:73,7
DA:74,7
DA:75,7
DA:87,1
DA:88,3
DA:89,3
DA:91,3
DA:92,2
DA:93,2
LF:26
LH:25
BRDA:44,0,0,4
BRDA:73,1,0,7
BRDA:73,1,1,0
BRDA:88,2,0,3
BRDA:88,2,1,0
BRDA:91,3,0,2
BRF:6
BRH:4
end_of_record
TN:
SF:src\output\runPersister.ts
FN:30,(anonymous_1)
FN:51,persistRun
FNF:2
FNH:2
FNDA:1,(anonymous_1)
FNDA:4,persistRun
DA:12,1
DA:13,1
DA:20,1
DA:29,1
DA:30,1
DA:31,1
DA:32,1
DA:51,1
DA:52,4
DA:55,4
DA:56,4
DA:57,4
DA:59,4
DA:60,4
DA:61,4
DA:62,3
DA:64,1
LF:17
LH:17
BRDA:52,0,0,4
BRDA:52,0,1,0
BRF:2
BRH:1
end_of_record
TN:
SF:src\pipeline\normalizer.ts
FN:28,(anonymous_0)
FN:88,repairMojibake
FN:101,truncateAtConclusion
FN:114,stripTags
FN:125,convertStructuralTags
FN:146,collapseBlankLines
FN:162,normalizeJobHtml
FNF:7
FNH:7
FNDA:4,(anonymous_0)
FNDA:13,repairMojibake
FNDA:13,truncateAtConclusion
FNDA:13,stripTags
FNDA:13,convertStructuralTags
FNDA:13,collapseBlankLines
FNDA:13,normalizeJobHtml
DA:18,2
DA:27,2
DA:29,4
DA:30,4
DA:43,2
DA:89,13
DA:90,13
DA:91,351
DA:93,13
DA:103,13
DA:104,13
DA:105,13
DA:106,3
DA:108,10
DA:116,13
DA:118,13
DA:119,13
DA:126,13
DA:129,13
DA:130,13
DA:133,13
DA:134,13
DA:137,13
DA:138,13
DA:140,13
DA:147,13
DA:162,2
DA:164,13
DA:167,13
DA:170,13
DA:171,13
DA:174,13
DA:177,13
DA:180,13
DA:183,13
DA:185,13
DA:186,3
DA:191,10
LF:38
LH:38
BRDA:105,0,0,3
BRDA:185,1,0,3
BRF:2
BRH:2
end_of_record
TN:
SF:src\pipeline\orchestrator.ts
FN:62,executeStage1
FN:101,executeStage2
FN:151,executeDedupCheck
FN:190,executeStage3
FN:240,executeStage4
FN:290,executeStage5
FN:350,runPipeline
FN:451,(anonymous_7)
FN:455,(anonymous_8)
FN:501,(anonymous_9)
FNF:10
FNH:10
FNDA:8,executeStage1
FNDA:8,executeStage2
FNDA:7,executeDedupCheck
FNDA:7,executeStage3
FNDA:7,executeStage4
FNDA:7,executeStage5
FNDA:8,runPipeline
FNDA:35,(anonymous_7)
FNDA:35,(anonymous_8)
FNDA:7,(anonymous_9)
DA:16,1
DA:17,1
DA:18,1
DA:19,1
DA:20,1
DA:21,1
DA:22,1
DA:23,1
DA:24,1
DA:25,1
DA:48,1
DA:62,1
DA:66,8
DA:68,8
DA:70,8
DA:72,8
DA:73,8
DA:78,8
DA:81,8
DA:87,8
DA:88,8
DA:90,8
DA:101,1
DA:106,8
DA:113,8
DA:115,8
DA:117,7
DA:118,8
DA:123,8
DA:126,7
DA:127,1
DA:128,1
DA:131,7
DA:137,7
DA:138,7
DA:140,7
DA:151,1
DA:155,7
DA:157,7
DA:159,7
DA:160,8
DA:161,1
DA:168,1
DA:169,1
DA:171,7
DA:175,7
DA:176,7
DA:177,1
DA:180,7
DA:190,1
DA:196,7
DA:198,7
DA:200,7
DA:202,7
DA:203,7
DA:208,7
DA:211,7
DA:212,1
DA:213,1
DA:216,7
DA:222,7
DA:223,7
DA:230,7
DA:240,1
DA:245,7
DA:250,7
DA:252,7
DA:254,7
DA:255,7
DA:260,7
DA:266,7
DA:267,0
DA:268,0
DA:271,7
DA:277,7
DA:278,7
DA:280,7
DA:290,1
DA:295,7
DA:297,7
DA:299,7
DA:301,7
DA:302,7
DA:307,7
DA:313,7
DA:314,0
DA:315,0
DA:318,7
DA:324,7
DA:325,7
DA:330,7
DA:350,1
DA:357,8
DA:359,8
DA:360,8
DA:365,8
DA:374,8
DA:375,8
DA:376,8
DA:381,8
DA:382,8
DA:383,8
DA:389,8
DA:390,8
DA:391,7
DA:392,7
DA:393,7
DA:395,1
DA:396,1
DA:397,1
DA:399,1
DA:405,7
DA:407,7
DA:408,8
DA:409,1
DA:422,7
DA:428,7
DA:429,7
DA:434,7
DA:435,7
DA:436,7
DA:441,7
DA:442,7
DA:443,7
DA:448,7
DA:450,7
DA:451,35
DA:454,7
DA:455,35
DA:459,7
DA:460,7
DA:462,7
DA:475,7
DA:476,7
DA:478,7
DA:483,7
DA:495,7
DA:496,7
DA:501,7
DA:513,7
DA:515,7
DA:525,7
LF:142
LH:138
BRDA:108,0,0,8
BRDA:108,0,1,0
BRDA:110,1,0,8
BRDA:110,1,1,0
BRDA:160,2,0,1
BRDA:160,2,1,7
BRDA:176,3,0,1
BRDA:224,4,0,7
BRDA:224,4,1,0
BRDA:225,5,0,7
BRDA:225,5,1,0
BRDA:226,6,0,7
BRDA:226,6,1,0
BRDA:227,7,0,7
BRDA:227,7,1,0
BRDA:326,8,0,7
BRDA:326,8,1,0
BRDA:327,9,0,7
BRDA:327,9,1,0
BRDA:395,10,0,1
BRDA:408,11,0,1
BRDA:459,12,0,7
BRDA:459,12,1,0
BRDA:460,13,0,7
BRDA:460,13,1,0
BRDA:468,14,0,7
BRDA:468,14,1,0
BRDA:469,15,0,7
BRDA:469,15,1,0
BRF:29
BRH:17
end_of_record
TN:
SF:src\pipeline\stage1-fetch.ts
FN:20,(anonymous_0)
FN:45,fetchJobs
FN:89,(anonymous_2)
FNF:3
FNH:3
FNDA:6,(anonymous_0)
FNDA:10,fetchJobs
FNDA:11,(anonymous_2)
DA:19,2
DA:21,6
DA:22,6
DA:45,2
DA:46,10
DA:49,10
DA:50,10
DA:52,1
DA:57,9
DA:58,2
DA:64,7
DA:65,7
DA:67,1
DA:72,6
DA:73,1
DA:78,5
DA:79,1
DA:88,4
DA:91,11
DA:94,11
DA:99,11
DA:101,0
DA:104,0
DA:107,0
DA:108,0
DA:113,11
DA:114,11
DA:119,11
DA:123,11
DA:135,4
LF:30
LH:26
BRDA:57,0,0,2
BRDA:72,1,0,1
BRDA:78,2,0,1
BRDA:94,3,0,11
BRDA:94,3,1,0
BRDA:95,4,0,11
BRDA:95,4,1,11
BRDA:95,4,2,11
BRDA:101,5,0,0
BRDA:101,6,0,0
BRDA:101,6,1,0
BRDA:104,7,0,0
BRDA:104,7,1,0
BRDA:104,8,0,0
BRDA:104,8,1,0
BRDA:107,9,0,0
BRDA:107,10,0,0
BRDA:107,10,1,0
BRDA:114,11,0,11
BRDA:115,12,0,11
BRDA:115,12,1,11
BRDA:115,12,2,11
BRDA:124,13,0,11
BRDA:124,13,1,0
BRDA:125,14,0,11
BRDA:125,14,1,0
BRDA:126,15,0,11
BRDA:126,15,1,0
BRDA:130,16,0,11
BRDA:130,16,1,0
BRF:30
BRH:15
end_of_record
TN:
SF:src\pipeline\stage2-filter.ts
FN:21,(anonymous_0)
FN:34,toFilteredJob
FN:62,filterJobs
FN:90,(anonymous_3)
FN:108,(anonymous_4)
FN:109,(anonymous_5)
FN:113,(anonymous_6)
FNF:7
FNH:7
FNDA:2,(anonymous_0)
FNDA:15,toFilteredJob
FNDA:15,filterJobs
FNDA:13,(anonymous_3)
FNDA:39,(anonymous_4)
FNDA:39,(anonymous_5)
FNDA:31,(anonymous_6)
DA:20,1
DA:22,2
DA:23,2
DA:35,15
DA:62,1
DA:66,15
DA:67,15
DA:69,15
DA:71,33
DA:72,14
DA:73,14
DA:74,14
DA:75,6
DA:82,6
DA:87,27
DA:88,13
DA:89,13
DA:90,13
DA:92,13
DA:93,5
DA:100,5
DA:105,22
DA:106,18
DA:108,39
DA:109,39
DA:111,18
DA:112,18
DA:113,31
DA:115,18
DA:116,7
DA:123,7
DA:129,15
DA:132,15
DA:133,2
DA:138,13
LF:35
LH:35
BRDA:71,0,0,14
BRDA:74,1,0,6
BRDA:87,2,0,13
BRDA:92,3,0,5
BRDA:105,4,0,18
BRDA:111,5,0,18
BRDA:115,6,0,7
BRDA:132,7,0,2
BRF:8
BRH:8
end_of_record
TN:
SF:src\pipeline\stage3-extractor.ts
FN:43,extractSection
FN:74,(anonymous_1)
FN:100,buildExtractionPrompt
FN:127,extractJobs
FNF:4
FNH:4
FNDA:24,extractSection
FNDA:23,(anonymous_1)
FNDA:6,buildExtractionPrompt
FNDA:11,extractJobs
DA:20,1
DA:21,1
DA:22,1
DA:23,1
DA:46,24
DA:47,24
DA:49,24
DA:50,24
DA:52,24
DA:53,96
DA:54,96
DA:56,24
DA:57,12
DA:59,24
DA:60,24
DA:62,72
DA:66,24
DA:67,12
DA:71,24
DA:72,18
DA:73,18
DA:74,23
DA:76,18
DA:79,12
DA:80,12
DA:81,24
DA:82,24
DA:83,24
DA:84,24
DA:87,12
DA:90,12
DA:101,6
DA:127,1
DA:132,11
DA:133,11
DA:135,11
DA:136,11
DA:137,11
DA:138,11
DA:140,11
DA:146,13
DA:147,13
DA:148,12
DA:150,1
DA:151,1
DA:158,1
DA:165,12
DA:166,12
DA:171,12
DA:172,6
DA:176,6
DA:177,6
DA:184,6
DA:186,6
DA:187,6
DA:188,6
DA:190,6
DA:195,4
DA:200,4
DA:201,4
DA:203,4
DA:211,2
DA:212,2
DA:226,11
DA:227,11
DA:232,11
LF:66
LH:66
BRDA:54,0,0,24
BRDA:54,0,1,72
BRDA:56,1,0,12
BRDA:66,2,0,12
BRDA:76,3,0,6
BRDA:83,4,0,24
BRDA:150,5,0,1
BRDA:150,5,1,0
BRDA:171,6,0,6
BRDA:171,7,0,12
BRDA:171,7,1,6
BRDA:206,8,0,4
BRDA:206,8,1,0
BRDA:207,9,0,4
BRDA:207,9,1,0
BRDA:211,10,0,2
BRDA:211,10,1,0
BRF:17
BRH:13
end_of_record
TN:
SF:src\pipeline\stage4-gap-filter.ts
FN:45,matchSkill
FN:77,computeGapRatio
FN:88,(anonymous_2)
FN:109,filterByGap
FN:127,(anonymous_4)
FNF:5
FNH:5
FNDA:164,matchSkill
FNDA:9,computeGapRatio
FNDA:98,(anonymous_2)
FNDA:5,filterByGap
FNDA:58,(anonymous_4)
DA:45,1
DA:46,164
DA:49,164
DA:50,22
DA:54,142
DA:55,2
DA:56,2
DA:57,2
DA:58,2
DA:63,140
DA:77,1
DA:81,9
DA:82,1
DA:85,8
DA:87,8
DA:88,98
DA:89,24
DA:90,13
DA:94,8
DA:109,1
DA:113,5
DA:114,5
DA:116,5
DA:117,5
DA:118,5
DA:120,5
DA:123,5
DA:124,5
DA:126,5
DA:127,58
DA:128,14
DA:129,6
DA:131,8
DA:135,5
DA:137,4
DA:141,4
DA:149,1
DA:158,5
LF:38
LH:38
BRDA:49,0,0,22
BRDA:49,1,0,164
BRDA:49,1,1,142
BRDA:54,2,0,2
BRDA:57,3,0,2
BRDA:57,4,0,2
BRDA:57,4,1,0
BRDA:81,5,0,1
BRDA:89,6,0,13
BRDA:128,7,0,6
BRDA:128,7,1,8
BRDA:135,8,0,4
BRDA:135,8,1,1
BRDA:137,9,0,4
BRDA:137,9,1,0
BRF:15
BRH:13
end_of_record
TN:
SF:src\pipeline\stage5-scorer.ts
FN:33,buildScoringPrompt
FN:35,(anonymous_1)
FN:84,scoreJobs
FN:135,(anonymous_3)
FNF:4
FNH:4
FNDA:11,buildScoringPrompt
FNDA:55,(anonymous_1)
FNDA:6,scoreJobs
FNDA:3,(anonymous_3)
DA:11,1
DA:12,1
DA:13,1
DA:34,11
DA:35,55
DA:38,11
DA:84,1
DA:88,6
DA:89,6
DA:91,6
DA:92,6
DA:93,6
DA:95,6
DA:96,11
DA:97,11
DA:99,11
DA:100,11
DA:106,7
DA:111,7
DA:112,7
DA:114,7
DA:120,4
DA:121,4
DA:135,6
DA:141,6
DA:142,6
DA:147,6
LF:27
LH:27
BRDA:48,0,0,11
BRDA:48,0,1,0
BRDA:49,1,0,11
BRDA:49,1,1,0
BRDA:53,2,0,11
BRDA:53,2,1,0
BRDA:54,3,0,11
BRDA:54,3,1,11
BRDA:120,4,0,4
BRDA:120,4,1,0
BRF:10
BRH:6
end_of_record
TN:
SF:src\routes\discover.ts
FN:21,(anonymous_0)
FN:27,(anonymous_1)
FN:28,(anonymous_2)
FN:31,(anonymous_3)
FN:32,(anonymous_4)
FNF:5
FNH:5
FNDA:4,(anonymous_0)
FNDA:6,(anonymous_1)
FNDA:5,(anonymous_2)
FNDA:6,(anonymous_3)
FNDA:5,(anonymous_4)
DA:12,1
DA:13,1
DA:15,1
DA:21,1
DA:22,4
DA:24,4
DA:25,4
DA:27,6
DA:28,5
DA:31,6
DA:32,5
DA:35,2
DA:37,2
DA:38,2
DA:40,0
DA:45,1
LF:16
LH:15
BRDA:37,0,0,2
BRDA:37,0,1,0
BRF:2
BRH:1
end_of_record
TN:
SF:src\utils\logger.ts
FN:51,isoNow
FN:55,formatDetail
FN:58,(anonymous_2)
FN:63,createLogger
FN:65,(anonymous_4)
FN:71,(anonymous_5)
FN:78,(anonymous_6)
FN:86,(anonymous_7)
FN:95,(anonymous_8)
FN:101,(anonymous_9)
FNF:10
FNH:9
FNDA:151,isoNow
FNDA:151,formatDetail
FNDA:223,(anonymous_2)
FNDA:1,createLogger
FNDA:37,(anonymous_4)
FNDA:36,(anonymous_5)
FNDA:40,(anonymous_6)
FNDA:1,(anonymous_7)
FNDA:37,(anonymous_8)
FNDA:0,(anonymous_9)
DA:52,151
DA:56,151
DA:57,128
DA:58,223
DA:60,128
DA:64,1
DA:66,37
DA:67,37
DA:68,37
DA:72,36
DA:73,36
DA:74,36
DA:75,36
DA:79,40
DA:80,40
DA:81,40
DA:87,1
DA:88,1
DA:89,1
DA:90,1
DA:96,37
DA:97,37
DA:98,37
DA:102,0
DA:103,0
DA:104,0
DA:109,1
LF:27
LH:24
BRDA:56,0,0,23
BRDA:56,1,0,151
BRDA:56,1,1,128
BRDA:58,2,0,79
BRDA:58,2,1,144
BRDA:88,3,0,1
BRDA:88,3,1,0
BRF:7
BRH:6
end_of_record
