TN:
SF:server\src\llm\schemaValidator.ts
FN:26,(anonymous_0)
FN:146,validateSchema
FN:251,getJsonType
FN:260,describeExpectedType
FNF:4
FNH:4
FNDA:51,(anonymous_0)
FNDA:62,validateSchema
FNDA:97,getJsonType
FNDA:16,describeExpectedType
DA:16,6
DA:27,51
DA:28,51
DA:29,51
DA:30,51
DA:31,51
DA:32,51
DA:35,51
DA:84,6
DA:116,6
DA:146,6
DA:151,62
DA:152,8
DA:159,54
DA:162,54
DA:163,93
DA:166,93
DA:167,16
DA:168,8
DA:170,8
DA:174,77
DA:175,8
DA:176,1
DA:179,7
DA:180,7
DA:181,1
DA:183,6
DA:187,69
DA:188,69
DA:190,69
DA:191,10
DA:199,59
DA:200,32
DA:201,32
DA:202,28
DA:203,28
DA:204,5
DA:213,54
DA:214,18
DA:215,18
DA:216,2
DA:222,16
DA:223,2
DA:231,50
DA:232,7
DA:233,7
DA:234,4
DA:252,97
DA:253,95
DA:254,62
DA:261,16
DA:262,16
DA:264,16
DA:265,5
DA:267,16
DA:268,4
DA:269,4
DA:270,4
DA:271,4
DA:273,16
DA:274,4
DA:276,16
LF:62
LH:62
BRDA:151,0,0,8
BRDA:151,1,0,62
BRDA:151,1,1,56
BRDA:155,2,0,2
BRDA:155,2,1,6
BRDA:166,3,0,16
BRDA:167,4,0,8
BRDA:174,5,0,8
BRDA:175,6,0,1
BRDA:179,7,0,1
BRDA:179,7,1,6
BRDA:180,8,0,1
BRDA:188,9,0,3
BRDA:188,9,1,66
BRDA:190,10,0,10
BRDA:199,11,0,32
BRDA:199,12,0,59
BRDA:199,12,1,33
BRDA:203,13,0,5
BRDA:213,14,0,18
BRDA:215,15,0,2
BRDA:215,16,0,18
BRDA:215,16,1,17
BRDA:222,17,0,2
BRDA:222,18,0,16
BRDA:222,18,1,15
BRDA:231,19,0,7
BRDA:231,20,0,50
BRDA:231,20,1,7
BRDA:233,21,0,4
BRDA:252,22,0,2
BRDA:253,23,0,33
BRDA:261,24,0,2
BRDA:261,24,1,14
BRDA:264,25,0,5
BRDA:267,26,0,4
BRDA:267,27,0,16
BRDA:267,27,1,12
BRDA:269,28,0,4
BRDA:270,29,0,4
BRDA:273,30,0,4
BRF:41
BRH:41
end_of_record
